{"/Users/jack/Dev/SODC/sodc-web/functions/src/bookingCheckout.ts": {"path":"/Users/jack/Dev/SODC/sodc-web/functions/src/bookingCheckout.ts","statementMap":{"0":{"start":{"line":23,"column":2},"end":{"line":23,"column":null}},"1":{"start":{"line":27,"column":2},"end":{"line":27,"column":null}},"2":{"start":{"line":31,"column":17},"end":{"line":34,"column":null}},"3":{"start":{"line":32,"column":5},"end":{"line":33,"column":null}},"4":{"start":{"line":35,"column":2},"end":{"line":38,"column":null}},"5":{"start":{"line":36,"column":4},"end":{"line":36,"column":null}},"6":{"start":{"line":36,"column":17},"end":{"line":36,"column":null}},"7":{"start":{"line":37,"column":4},"end":{"line":37,"column":null}},"8":{"start":{"line":42,"column":17},"end":{"line":42,"column":null}},"9":{"start":{"line":43,"column":8},"end":{"line":52,"column":null}},"10":{"start":{"line":44,"column":4},"end":{"line":44,"column":null}},"11":{"start":{"line":44,"column":23},"end":{"line":44,"column":null}},"12":{"start":{"line":45,"column":16},"end":{"line":45,"column":null}},"13":{"start":{"line":46,"column":21},"end":{"line":46,"column":null}},"14":{"start":{"line":47,"column":4},"end":{"line":51,"column":null}},"15":{"start":{"line":48,"column":6},"end":{"line":48,"column":null}},"16":{"start":{"line":50,"column":6},"end":{"line":50,"column":null}},"17":{"start":{"line":54,"column":2},"end":{"line":56,"column":null}},"18":{"start":{"line":55,"column":4},"end":{"line":55,"column":null}},"19":{"start":{"line":57,"column":2},"end":{"line":67,"column":null}},"20":{"start":{"line":58,"column":4},"end":{"line":60,"column":null}},"21":{"start":{"line":59,"column":6},"end":{"line":59,"column":null}},"22":{"start":{"line":61,"column":25},"end":{"line":61,"column":null}},"23":{"start":{"line":62,"column":4},"end":{"line":62,"column":null}},"24":{"start":{"line":62,"column":23},"end":{"line":62,"column":null}},"25":{"start":{"line":63,"column":18},"end":{"line":63,"column":null}},"26":{"start":{"line":64,"column":4},"end":{"line":66,"column":null}},"27":{"start":{"line":64,"column":21},"end":{"line":64,"column":24}},"28":{"start":{"line":65,"column":6},"end":{"line":65,"column":null}},"29":{"start":{"line":68,"column":2},"end":{"line":68,"column":null}},"30":{"start":{"line":72,"column":17},"end":{"line":72,"column":null}},"31":{"start":{"line":73,"column":2},"end":{"line":81,"column":null}},"32":{"start":{"line":74,"column":4},"end":{"line":76,"column":null}},"33":{"start":{"line":75,"column":6},"end":{"line":75,"column":null}},"34":{"start":{"line":77,"column":25},"end":{"line":77,"column":null}},"35":{"start":{"line":78,"column":4},"end":{"line":78,"column":null}},"36":{"start":{"line":78,"column":23},"end":{"line":78,"column":null}},"37":{"start":{"line":79,"column":16},"end":{"line":79,"column":null}},"38":{"start":{"line":80,"column":4},"end":{"line":80,"column":null}},"39":{"start":{"line":82,"column":2},"end":{"line":82,"column":null}},"40":{"start":{"line":86,"column":8},"end":{"line":86,"column":null}},"41":{"start":{"line":86,"column":51},"end":{"line":86,"column":106}},"42":{"start":{"line":87,"column":2},"end":{"line":89,"column":null}},"43":{"start":{"line":88,"column":4},"end":{"line":88,"column":null}},"44":{"start":{"line":90,"column":8},"end":{"line":95,"column":null}},"45":{"start":{"line":92,"column":6},"end":{"line":94,"column":null}},"46":{"start":{"line":96,"column":2},"end":{"line":96,"column":null}},"47":{"start":{"line":100,"column":8},"end":{"line":100,"column":null}},"48":{"start":{"line":100,"column":51},"end":{"line":100,"column":106}},"49":{"start":{"line":101,"column":2},"end":{"line":103,"column":null}},"50":{"start":{"line":102,"column":4},"end":{"line":102,"column":null}},"51":{"start":{"line":104,"column":8},"end":{"line":109,"column":null}},"52":{"start":{"line":106,"column":6},"end":{"line":108,"column":null}},"53":{"start":{"line":110,"column":2},"end":{"line":110,"column":null}},"54":{"start":{"line":117,"column":19},"end":{"line":117,"column":null}},"55":{"start":{"line":118,"column":15},"end":{"line":118,"column":null}},"56":{"start":{"line":119,"column":43},"end":{"line":119,"column":null}},"57":{"start":{"line":121,"column":2},"end":{"line":137,"column":null}},"58":{"start":{"line":122,"column":22},"end":{"line":122,"column":null}},"59":{"start":{"line":123,"column":24},"end":{"line":123,"column":null}},"60":{"start":{"line":124,"column":4},"end":{"line":126,"column":null}},"61":{"start":{"line":125,"column":6},"end":{"line":125,"column":null}},"62":{"start":{"line":127,"column":18},"end":{"line":127,"column":null}},"63":{"start":{"line":128,"column":4},"end":{"line":130,"column":null}},"64":{"start":{"line":129,"column":6},"end":{"line":129,"column":null}},"65":{"start":{"line":131,"column":4},"end":{"line":136,"column":null}},"66":{"start":{"line":139,"column":2},"end":{"line":139,"column":null}},"67":{"start":{"line":143,"column":2},"end":{"line":154,"column":null}},"68":{"start":{"line":146,"column":8},"end":{"line":148,"column":null}},"69":{"start":{"line":151,"column":23},"end":{"line":151,"column":null}},"70":{"start":{"line":152,"column":24},"end":{"line":152,"column":null}},"71":{"start":{"line":153,"column":6},"end":{"line":153,"column":null}},"72":{"start":{"line":162,"column":37},"end":{"line":162,"column":null}},"73":{"start":{"line":163,"column":30},"end":{"line":163,"column":null}},"74":{"start":{"line":165,"column":2},"end":{"line":197,"column":null}},"75":{"start":{"line":166,"column":20},"end":{"line":166,"column":null}},"76":{"start":{"line":167,"column":26},"end":{"line":169,"column":null}},"77":{"start":{"line":168,"column":17},"end":{"line":168,"column":null}},"78":{"start":{"line":171,"column":4},"end":{"line":186,"column":null}},"79":{"start":{"line":172,"column":6},"end":{"line":174,"column":null}},"80":{"start":{"line":173,"column":8},"end":{"line":173,"column":null}},"81":{"start":{"line":175,"column":30},"end":{"line":175,"column":null}},"82":{"start":{"line":176,"column":32},"end":{"line":176,"column":null}},"83":{"start":{"line":177,"column":6},"end":{"line":183,"column":null}},"84":{"start":{"line":184,"column":6},"end":{"line":184,"column":null}},"85":{"start":{"line":185,"column":6},"end":{"line":185,"column":null}},"86":{"start":{"line":188,"column":4},"end":{"line":196,"column":null}},"87":{"start":{"line":189,"column":6},"end":{"line":195,"column":null}},"88":{"start":{"line":199,"column":2},"end":{"line":199,"column":null}},"89":{"start":{"line":203,"column":17},"end":{"line":203,"column":null}},"90":{"start":{"line":204,"column":2},"end":{"line":206,"column":null}},"91":{"start":{"line":205,"column":23},"end":{"line":205,"column":90}},"92":{"start":{"line":206,"column":20},"end":{"line":206,"column":28}}},"fnMap":{"0":{"name":"normalizeUuidKey","decl":{"start":{"line":22,"column":9},"end":{"line":22,"column":26}},"loc":{"start":{"line":22,"column":46},"end":{"line":24,"column":null}},"line":22},"1":{"name":"bookingIdsEqual","decl":{"start":{"line":26,"column":16},"end":{"line":26,"column":32}},"loc":{"start":{"line":26,"column":63},"end":{"line":28,"column":null}},"line":26},"2":{"name":"selectLatestActiveBooking","decl":{"start":{"line":30,"column":16},"end":{"line":30,"column":42}},"loc":{"start":{"line":30,"column":85},"end":{"line":39,"column":null}},"line":30},"3":{"name":"(anonymous_3)","decl":{"start":{"line":31,"column":26},"end":{"line":31,"column":null}},"loc":{"start":{"line":32,"column":5},"end":{"line":33,"column":null}},"line":32},"4":{"name":"(anonymous_4)","decl":{"start":{"line":35,"column":16},"end":{"line":35,"column":43}},"loc":{"start":{"line":35,"column":63},"end":{"line":38,"column":5}},"line":35},"5":{"name":"requiredTicketTypeCounts","decl":{"start":{"line":41,"column":9},"end":{"line":41,"column":34}},"loc":{"start":{"line":41,"column":109},"end":{"line":69,"column":null}},"line":41},"6":{"name":"(anonymous_6)","decl":{"start":{"line":43,"column":8},"end":{"line":43,"column":15}},"loc":{"start":{"line":43,"column":59},"end":{"line":52,"column":null}},"line":43},"7":{"name":"paidTicketTypeCounts","decl":{"start":{"line":71,"column":9},"end":{"line":71,"column":30}},"loc":{"start":{"line":71,"column":77},"end":{"line":83,"column":null}},"line":71},"8":{"name":"ticketTitleFromBooking","decl":{"start":{"line":85,"column":9},"end":{"line":85,"column":32}},"loc":{"start":{"line":85,"column":83},"end":{"line":97,"column":null}},"line":85},"9":{"name":"(anonymous_9)","decl":{"start":{"line":86,"column":37},"end":{"line":86,"column":43}},"loc":{"start":{"line":86,"column":51},"end":{"line":86,"column":106}},"line":86},"10":{"name":"(anonymous_10)","decl":{"start":{"line":90,"column":54},"end":{"line":90,"column":null}},"loc":{"start":{"line":92,"column":6},"end":{"line":94,"column":null}},"line":92},"11":{"name":"unitPriceFromBooking","decl":{"start":{"line":99,"column":9},"end":{"line":99,"column":30}},"loc":{"start":{"line":99,"column":88},"end":{"line":111,"column":null}},"line":99},"12":{"name":"(anonymous_12)","decl":{"start":{"line":100,"column":37},"end":{"line":100,"column":43}},"loc":{"start":{"line":100,"column":51},"end":{"line":100,"column":106}},"line":100},"13":{"name":"(anonymous_13)","decl":{"start":{"line":104,"column":54},"end":{"line":104,"column":null}},"loc":{"start":{"line":106,"column":6},"end":{"line":108,"column":null}},"line":106},"14":{"name":"computeUnpaidBookingCheckoutItems","decl":{"start":{"line":113,"column":16},"end":{"line":113,"column":50}},"loc":{"start":{"line":116,"column":30},"end":{"line":140,"column":null}},"line":116},"15":{"name":"pendingOrdersForTicketType","decl":{"start":{"line":142,"column":9},"end":{"line":142,"column":36}},"loc":{"start":{"line":142,"column":108},"end":{"line":155,"column":null}},"line":142},"16":{"name":"(anonymous_16)","decl":{"start":{"line":144,"column":5},"end":{"line":144,"column":null}},"loc":{"start":{"line":146,"column":8},"end":{"line":148,"column":null}},"line":146},"17":{"name":"(anonymous_17)","decl":{"start":{"line":150,"column":5},"end":{"line":150,"column":11}},"loc":{"start":{"line":150,"column":27},"end":{"line":154,"column":5}},"line":150},"18":{"name":"planCheckoutOrderLines","decl":{"start":{"line":158,"column":16},"end":{"line":158,"column":null}},"loc":{"start":{"line":161,"column":23},"end":{"line":200,"column":null}},"line":161},"19":{"name":"(anonymous_19)","decl":{"start":{"line":167,"column":86},"end":{"line":167,"column":null}},"loc":{"start":{"line":168,"column":17},"end":{"line":168,"column":null}},"line":168},"20":{"name":"stalePendingOrderIds","decl":{"start":{"line":202,"column":16},"end":{"line":202,"column":37}},"loc":{"start":{"line":202,"column":113},"end":{"line":207,"column":null}},"line":202},"21":{"name":"(anonymous_21)","decl":{"start":{"line":205,"column":5},"end":{"line":205,"column":13}},"loc":{"start":{"line":205,"column":23},"end":{"line":205,"column":90}},"line":205},"22":{"name":"(anonymous_22)","decl":{"start":{"line":206,"column":5},"end":{"line":206,"column":10}},"loc":{"start":{"line":206,"column":20},"end":{"line":206,"column":28}},"line":206}},"branchMap":{"0":{"loc":{"start":{"line":32,"column":5},"end":{"line":33,"column":null}},"type":"binary-expr","locations":[{"start":{"line":33,"column":7},"end":{"line":33,"column":41}},{"start":{"line":33,"column":41},"end":{"line":33,"column":76}},{"start":{"line":33,"column":76},"end":{"line":33,"column":null}}],"line":32},"1":{"loc":{"start":{"line":36,"column":4},"end":{"line":36,"column":null}},"type":"if","locations":[{"start":{"line":36,"column":4},"end":{"line":36,"column":null}},{"start":{},"end":{}}],"line":36},"2":{"loc":{"start":{"line":37,"column":11},"end":{"line":37,"column":null}},"type":"cond-expr","locations":[{"start":{"line":37,"column":60},"end":{"line":37,"column":70}},{"start":{"line":37,"column":70},"end":{"line":37,"column":null}}],"line":37},"3":{"loc":{"start":{"line":44,"column":4},"end":{"line":44,"column":null}},"type":"if","locations":[{"start":{"line":44,"column":4},"end":{"line":44,"column":null}},{"start":{},"end":{}}],"line":44},"4":{"loc":{"start":{"line":47,"column":4},"end":{"line":51,"column":null}},"type":"if","locations":[{"start":{"line":47,"column":4},"end":{"line":51,"column":null}},{"start":{"line":49,"column":11},"end":{"line":51,"column":null}}],"line":47},"5":{"loc":{"start":{"line":54,"column":21},"end":{"line":54,"column":42}},"type":"binary-expr","locations":[{"start":{"line":54,"column":21},"end":{"line":54,"column":38}},{"start":{"line":54,"column":38},"end":{"line":54,"column":42}}],"line":54},"6":{"loc":{"start":{"line":57,"column":24},"end":{"line":57,"column":59}},"type":"binary-expr","locations":[{"start":{"line":57,"column":24},"end":{"line":57,"column":55}},{"start":{"line":57,"column":55},"end":{"line":57,"column":59}}],"line":57},"7":{"loc":{"start":{"line":58,"column":4},"end":{"line":60,"column":null}},"type":"if","locations":[{"start":{"line":58,"column":4},"end":{"line":60,"column":null}},{"start":{},"end":{}}],"line":58},"8":{"loc":{"start":{"line":62,"column":4},"end":{"line":62,"column":null}},"type":"if","locations":[{"start":{"line":62,"column":4},"end":{"line":62,"column":null}},{"start":{},"end":{}}],"line":62},"9":{"loc":{"start":{"line":63,"column":30},"end":{"line":63,"column":62}},"type":"binary-expr","locations":[{"start":{"line":63,"column":30},"end":{"line":63,"column":61}},{"start":{"line":63,"column":61},"end":{"line":63,"column":62}}],"line":63},"10":{"loc":{"start":{"line":74,"column":4},"end":{"line":76,"column":null}},"type":"if","locations":[{"start":{"line":74,"column":4},"end":{"line":76,"column":null}},{"start":{},"end":{}}],"line":74},"11":{"loc":{"start":{"line":78,"column":4},"end":{"line":78,"column":null}},"type":"if","locations":[{"start":{"line":78,"column":4},"end":{"line":78,"column":null}},{"start":{},"end":{}}],"line":78},"12":{"loc":{"start":{"line":80,"column":21},"end":{"line":80,"column":45}},"type":"binary-expr","locations":[{"start":{"line":80,"column":21},"end":{"line":80,"column":40}},{"start":{"line":80,"column":40},"end":{"line":80,"column":45}}],"line":80},"13":{"loc":{"start":{"line":80,"column":57},"end":{"line":80,"column":76}},"type":"binary-expr","locations":[{"start":{"line":80,"column":57},"end":{"line":80,"column":75}},{"start":{"line":80,"column":75},"end":{"line":80,"column":76}}],"line":80},"14":{"loc":{"start":{"line":86,"column":16},"end":{"line":86,"column":35}},"type":"binary-expr","locations":[{"start":{"line":86,"column":16},"end":{"line":86,"column":33}},{"start":{"line":86,"column":33},"end":{"line":86,"column":35}}],"line":86},"15":{"loc":{"start":{"line":86,"column":67},"end":{"line":86,"column":93}},"type":"binary-expr","locations":[{"start":{"line":86,"column":67},"end":{"line":86,"column":89}},{"start":{"line":86,"column":89},"end":{"line":86,"column":93}}],"line":86},"16":{"loc":{"start":{"line":87,"column":2},"end":{"line":89,"column":null}},"type":"if","locations":[{"start":{"line":87,"column":2},"end":{"line":89,"column":null}},{"start":{},"end":{}}],"line":87},"17":{"loc":{"start":{"line":90,"column":19},"end":{"line":90,"column":52}},"type":"binary-expr","locations":[{"start":{"line":90,"column":19},"end":{"line":90,"column":50}},{"start":{"line":90,"column":50},"end":{"line":90,"column":52}}],"line":90},"18":{"loc":{"start":{"line":92,"column":6},"end":{"line":94,"column":null}},"type":"binary-expr","locations":[{"start":{"line":92,"column":6},"end":{"line":92,"column":null}},{"start":{"line":93,"column":6},"end":{"line":93,"column":null}},{"start":{"line":94,"column":6},"end":{"line":94,"column":null}}],"line":92},"19":{"loc":{"start":{"line":96,"column":9},"end":{"line":96,"column":null}},"type":"binary-expr","locations":[{"start":{"line":96,"column":9},"end":{"line":96,"column":44}},{"start":{"line":96,"column":44},"end":{"line":96,"column":null}}],"line":96},"20":{"loc":{"start":{"line":100,"column":16},"end":{"line":100,"column":35}},"type":"binary-expr","locations":[{"start":{"line":100,"column":16},"end":{"line":100,"column":33}},{"start":{"line":100,"column":33},"end":{"line":100,"column":35}}],"line":100},"21":{"loc":{"start":{"line":100,"column":67},"end":{"line":100,"column":93}},"type":"binary-expr","locations":[{"start":{"line":100,"column":67},"end":{"line":100,"column":89}},{"start":{"line":100,"column":89},"end":{"line":100,"column":93}}],"line":100},"22":{"loc":{"start":{"line":101,"column":2},"end":{"line":103,"column":null}},"type":"if","locations":[{"start":{"line":101,"column":2},"end":{"line":103,"column":null}},{"start":{},"end":{}}],"line":101},"23":{"loc":{"start":{"line":104,"column":19},"end":{"line":104,"column":52}},"type":"binary-expr","locations":[{"start":{"line":104,"column":19},"end":{"line":104,"column":50}},{"start":{"line":104,"column":50},"end":{"line":104,"column":52}}],"line":104},"24":{"loc":{"start":{"line":106,"column":6},"end":{"line":108,"column":null}},"type":"binary-expr","locations":[{"start":{"line":106,"column":6},"end":{"line":106,"column":null}},{"start":{"line":107,"column":6},"end":{"line":107,"column":null}},{"start":{"line":108,"column":6},"end":{"line":108,"column":null}}],"line":106},"25":{"loc":{"start":{"line":110,"column":9},"end":{"line":110,"column":null}},"type":"binary-expr","locations":[{"start":{"line":110,"column":9},"end":{"line":110,"column":44}},{"start":{"line":110,"column":44},"end":{"line":110,"column":null}}],"line":110},"26":{"loc":{"start":{"line":122,"column":22},"end":{"line":122,"column":null}},"type":"binary-expr","locations":[{"start":{"line":122,"column":22},"end":{"line":122,"column":49}},{"start":{"line":122,"column":49},"end":{"line":122,"column":null}}],"line":122},"27":{"loc":{"start":{"line":124,"column":4},"end":{"line":126,"column":null}},"type":"if","locations":[{"start":{"line":124,"column":4},"end":{"line":126,"column":null}},{"start":{},"end":{}}],"line":124},"28":{"loc":{"start":{"line":128,"column":4},"end":{"line":130,"column":null}},"type":"if","locations":[{"start":{"line":128,"column":4},"end":{"line":130,"column":null}},{"start":{},"end":{}}],"line":128},"29":{"loc":{"start":{"line":146,"column":8},"end":{"line":148,"column":null}},"type":"binary-expr","locations":[{"start":{"line":146,"column":8},"end":{"line":146,"column":null}},{"start":{"line":147,"column":8},"end":{"line":147,"column":null}},{"start":{"line":148,"column":8},"end":{"line":148,"column":null}}],"line":146},"30":{"loc":{"start":{"line":151,"column":23},"end":{"line":151,"column":null}},"type":"binary-expr","locations":[{"start":{"line":151,"column":23},"end":{"line":151,"column":41}},{"start":{"line":151,"column":41},"end":{"line":151,"column":null}}],"line":151},"31":{"loc":{"start":{"line":152,"column":24},"end":{"line":152,"column":null}},"type":"binary-expr","locations":[{"start":{"line":152,"column":24},"end":{"line":152,"column":43}},{"start":{"line":152,"column":43},"end":{"line":152,"column":null}}],"line":152},"32":{"loc":{"start":{"line":172,"column":6},"end":{"line":174,"column":null}},"type":"if","locations":[{"start":{"line":172,"column":6},"end":{"line":174,"column":null}},{"start":{},"end":{}}],"line":172},"33":{"loc":{"start":{"line":175,"column":42},"end":{"line":175,"column":68}},"type":"binary-expr","locations":[{"start":{"line":175,"column":42},"end":{"line":175,"column":67}},{"start":{"line":175,"column":67},"end":{"line":175,"column":68}}],"line":175},"34":{"loc":{"start":{"line":188,"column":4},"end":{"line":196,"column":null}},"type":"if","locations":[{"start":{"line":188,"column":4},"end":{"line":196,"column":null}},{"start":{},"end":{}}],"line":188},"35":{"loc":{"start":{"line":205,"column":23},"end":{"line":205,"column":90}},"type":"binary-expr","locations":[{"start":{"line":205,"column":23},"end":{"line":205,"column":69}},{"start":{"line":205,"column":69},"end":{"line":205,"column":90}}],"line":205}},"s":{"0":70,"1":30,"2":1,"3":2,"4":1,"5":1,"6":1,"7":0,"8":4,"9":4,"10":8,"11":0,"12":8,"13":8,"14":8,"15":0,"16":8,"17":4,"18":7,"19":4,"20":1,"21":0,"22":1,"23":1,"24":0,"25":1,"26":1,"27":1,"28":1,"29":4,"30":4,"31":4,"32":2,"33":0,"34":2,"35":2,"36":0,"37":2,"38":2,"39":4,"40":6,"41":9,"42":6,"43":5,"44":1,"45":1,"46":6,"47":6,"48":9,"49":6,"50":5,"51":1,"52":1,"53":6,"54":4,"55":4,"56":4,"57":4,"58":8,"59":8,"60":8,"61":2,"62":6,"63":6,"64":0,"65":6,"66":4,"67":2,"68":6,"69":1,"70":1,"71":1,"72":1,"73":1,"74":1,"75":2,"76":2,"77":3,"78":2,"79":3,"80":1,"81":2,"82":3,"83":3,"84":3,"85":3,"86":2,"87":0,"88":1,"89":1,"90":1,"91":2,"92":1},"f":{"0":70,"1":30,"2":1,"3":2,"4":1,"5":4,"6":8,"7":4,"8":6,"9":9,"10":1,"11":6,"12":9,"13":1,"14":4,"15":2,"16":6,"17":1,"18":1,"19":3,"20":1,"21":2,"22":1},"b":{"0":[2,0,2],"1":[1,0],"2":[0,0],"3":[0,8],"4":[0,8],"5":[4,0],"6":[4,0],"7":[0,1],"8":[0,1],"9":[1,0],"10":[0,2],"11":[0,2],"12":[2,2],"13":[2,0],"14":[6,0],"15":[9,0],"16":[5,1],"17":[1,0],"18":[1,1,1],"19":[6,0],"20":[6,0],"21":[9,0],"22":[5,1],"23":[1,0],"24":[1,1,1],"25":[6,0],"26":[8,6],"27":[2,6],"28":[0,6],"29":[6,6,6],"30":[1,0],"31":[1,0],"32":[1,2],"33":[2,0],"34":[0,2],"35":[2,2]},"meta":{"lastBranch":36,"lastFunction":23,"lastStatement":93,"seen":{"f:22:9:22:26":0,"s:23:2:23:Infinity":0,"f:26:16:26:32":1,"s:27:2:27:Infinity":1,"f:30:16:30:42":2,"s:31:17:34:Infinity":2,"f:31:26:31:Infinity":3,"s:32:5:33:Infinity":3,"b:33:7:33:41:33:41:33:76:33:76:33:Infinity":0,"s:35:2:38:Infinity":4,"f:35:16:35:43":4,"b:36:4:36:Infinity:undefined:undefined:undefined:undefined":1,"s:36:4:36:Infinity":5,"s:36:17:36:Infinity":6,"s:37:4:37:Infinity":7,"b:37:60:37:70:37:70:37:Infinity":2,"f:41:9:41:34":5,"s:42:17:42:Infinity":8,"s:43:8:52:Infinity":9,"f:43:8:43:15":6,"b:44:4:44:Infinity:undefined:undefined:undefined:undefined":3,"s:44:4:44:Infinity":10,"s:44:23:44:Infinity":11,"s:45:16:45:Infinity":12,"s:46:21:46:Infinity":13,"b:47:4:51:Infinity:49:11:51:Infinity":4,"s:47:4:51:Infinity":14,"s:48:6:48:Infinity":15,"s:50:6:50:Infinity":16,"s:54:2:56:Infinity":17,"b:54:21:54:38:54:38:54:42":5,"s:55:4:55:Infinity":18,"s:57:2:67:Infinity":19,"b:57:24:57:55:57:55:57:59":6,"b:58:4:60:Infinity:undefined:undefined:undefined:undefined":7,"s:58:4:60:Infinity":20,"s:59:6:59:Infinity":21,"s:61:25:61:Infinity":22,"b:62:4:62:Infinity:undefined:undefined:undefined:undefined":8,"s:62:4:62:Infinity":23,"s:62:23:62:Infinity":24,"s:63:18:63:Infinity":25,"b:63:30:63:61:63:61:63:62":9,"s:64:4:66:Infinity":26,"s:64:21:64:24":27,"s:65:6:65:Infinity":28,"s:68:2:68:Infinity":29,"f:71:9:71:30":7,"s:72:17:72:Infinity":30,"s:73:2:81:Infinity":31,"b:74:4:76:Infinity:undefined:undefined:undefined:undefined":10,"s:74:4:76:Infinity":32,"s:75:6:75:Infinity":33,"s:77:25:77:Infinity":34,"b:78:4:78:Infinity:undefined:undefined:undefined:undefined":11,"s:78:4:78:Infinity":35,"s:78:23:78:Infinity":36,"s:79:16:79:Infinity":37,"s:80:4:80:Infinity":38,"b:80:21:80:40:80:40:80:45":12,"b:80:57:80:75:80:75:80:76":13,"s:82:2:82:Infinity":39,"f:85:9:85:32":8,"s:86:8:86:Infinity":40,"b:86:16:86:33:86:33:86:35":14,"f:86:37:86:43":9,"s:86:51:86:106":41,"b:86:67:86:89:86:89:86:93":15,"b:87:2:89:Infinity:undefined:undefined:undefined:undefined":16,"s:87:2:89:Infinity":42,"s:88:4:88:Infinity":43,"s:90:8:95:Infinity":44,"b:90:19:90:50:90:50:90:52":17,"f:90:54:90:Infinity":10,"s:92:6:94:Infinity":45,"b:92:6:92:Infinity:93:6:93:Infinity:94:6:94:Infinity":18,"s:96:2:96:Infinity":46,"b:96:9:96:44:96:44:96:Infinity":19,"f:99:9:99:30":11,"s:100:8:100:Infinity":47,"b:100:16:100:33:100:33:100:35":20,"f:100:37:100:43":12,"s:100:51:100:106":48,"b:100:67:100:89:100:89:100:93":21,"b:101:2:103:Infinity:undefined:undefined:undefined:undefined":22,"s:101:2:103:Infinity":49,"s:102:4:102:Infinity":50,"s:104:8:109:Infinity":51,"b:104:19:104:50:104:50:104:52":23,"f:104:54:104:Infinity":13,"s:106:6:108:Infinity":52,"b:106:6:106:Infinity:107:6:107:Infinity:108:6:108:Infinity":24,"s:110:2:110:Infinity":53,"b:110:9:110:44:110:44:110:Infinity":25,"f:113:16:113:50":14,"s:117:19:117:Infinity":54,"s:118:15:118:Infinity":55,"s:119:43:119:Infinity":56,"s:121:2:137:Infinity":57,"s:122:22:122:Infinity":58,"b:122:22:122:49:122:49:122:Infinity":26,"s:123:24:123:Infinity":59,"b:124:4:126:Infinity:undefined:undefined:undefined:undefined":27,"s:124:4:126:Infinity":60,"s:125:6:125:Infinity":61,"s:127:18:127:Infinity":62,"b:128:4:130:Infinity:undefined:undefined:undefined:undefined":28,"s:128:4:130:Infinity":63,"s:129:6:129:Infinity":64,"s:131:4:136:Infinity":65,"s:139:2:139:Infinity":66,"f:142:9:142:36":15,"s:143:2:154:Infinity":67,"f:144:5:144:Infinity":16,"s:146:8:148:Infinity":68,"b:146:8:146:Infinity:147:8:147:Infinity:148:8:148:Infinity":29,"f:150:5:150:11":17,"s:151:23:151:Infinity":69,"b:151:23:151:41:151:41:151:Infinity":30,"s:152:24:152:Infinity":70,"b:152:24:152:43:152:43:152:Infinity":31,"s:153:6:153:Infinity":71,"f:158:16:158:Infinity":18,"s:162:37:162:Infinity":72,"s:163:30:163:Infinity":73,"s:165:2:197:Infinity":74,"s:166:20:166:Infinity":75,"s:167:26:169:Infinity":76,"f:167:86:167:Infinity":19,"s:168:17:168:Infinity":77,"s:171:4:186:Infinity":78,"b:172:6:174:Infinity:undefined:undefined:undefined:undefined":32,"s:172:6:174:Infinity":79,"s:173:8:173:Infinity":80,"s:175:30:175:Infinity":81,"b:175:42:175:67:175:67:175:68":33,"s:176:32:176:Infinity":82,"s:177:6:183:Infinity":83,"s:184:6:184:Infinity":84,"s:185:6:185:Infinity":85,"b:188:4:196:Infinity:undefined:undefined:undefined:undefined":34,"s:188:4:196:Infinity":86,"s:189:6:195:Infinity":87,"s:199:2:199:Infinity":88,"f:202:16:202:37":20,"s:203:17:203:Infinity":89,"s:204:2:206:Infinity":90,"f:205:5:205:13":21,"s:205:23:205:90":91,"b:205:23:205:69:205:69:205:90":35,"f:206:5:206:10":22,"s:206:20:206:28":92},"fnNames":{}}}
,"/Users/jack/Dev/SODC/sodc-web/functions/src/bookingEmailDispatcher.ts": {"path":"/Users/jack/Dev/SODC/sodc-web/functions/src/bookingEmailDispatcher.ts","statementMap":{"0":{"start":{"line":14,"column":42},"end":{"line":14,"column":null}},"1":{"start":{"line":73,"column":16},"end":{"line":73,"column":null}},"2":{"start":{"line":74,"column":14},"end":{"line":74,"column":null}},"3":{"start":{"line":75,"column":2},"end":{"line":77,"column":null}},"4":{"start":{"line":76,"column":4},"end":{"line":76,"column":null}},"5":{"start":{"line":78,"column":18},"end":{"line":83,"column":null}},"6":{"start":{"line":84,"column":18},"end":{"line":84,"column":null}},"7":{"start":{"line":85,"column":18},"end":{"line":85,"column":null}},"8":{"start":{"line":86,"column":2},"end":{"line":88,"column":null}},"9":{"start":{"line":87,"column":4},"end":{"line":87,"column":null}},"10":{"start":{"line":89,"column":2},"end":{"line":89,"column":null}},"11":{"start":{"line":93,"column":2},"end":{"line":93,"column":null}},"12":{"start":{"line":97,"column":2},"end":{"line":97,"column":null}},"13":{"start":{"line":97,"column":37},"end":{"line":97,"column":82}},"14":{"start":{"line":101,"column":2},"end":{"line":103,"column":null}},"15":{"start":{"line":102,"column":4},"end":{"line":102,"column":null}},"16":{"start":{"line":104,"column":2},"end":{"line":116,"column":null}},"17":{"start":{"line":106,"column":20},"end":{"line":106,"column":null}},"18":{"start":{"line":107,"column":24},"end":{"line":107,"column":null}},"19":{"start":{"line":108,"column":26},"end":{"line":110,"column":null}},"20":{"start":{"line":111,"column":18},"end":{"line":111,"column":null}},"21":{"start":{"line":112,"column":22},"end":{"line":112,"column":null}},"22":{"start":{"line":113,"column":26},"end":{"line":113,"column":null}},"23":{"start":{"line":114,"column":6},"end":{"line":114,"column":null}},"24":{"start":{"line":120,"column":2},"end":{"line":122,"column":null}},"25":{"start":{"line":121,"column":4},"end":{"line":121,"column":null}},"26":{"start":{"line":123,"column":18},"end":{"line":123,"column":null}},"27":{"start":{"line":124,"column":2},"end":{"line":124,"column":null}},"28":{"start":{"line":128,"column":2},"end":{"line":137,"column":null}},"29":{"start":{"line":130,"column":6},"end":{"line":130,"column":null}},"30":{"start":{"line":132,"column":6},"end":{"line":132,"column":null}},"31":{"start":{"line":134,"column":6},"end":{"line":134,"column":null}},"32":{"start":{"line":136,"column":6},"end":{"line":136,"column":null}},"33":{"start":{"line":141,"column":14},"end":{"line":141,"column":null}},"34":{"start":{"line":142,"column":8},"end":{"line":142,"column":null}},"35":{"start":{"line":143,"column":2},"end":{"line":145,"column":null}},"36":{"start":{"line":144,"column":4},"end":{"line":144,"column":null}},"37":{"start":{"line":146,"column":2},"end":{"line":148,"column":null}},"38":{"start":{"line":147,"column":4},"end":{"line":147,"column":null}},"39":{"start":{"line":149,"column":2},"end":{"line":149,"column":null}},"40":{"start":{"line":156,"column":34},"end":{"line":156,"column":null}},"41":{"start":{"line":157,"column":8},"end":{"line":157,"column":null}},"42":{"start":{"line":158,"column":13},"end":{"line":158,"column":null}},"43":{"start":{"line":159,"column":21},"end":{"line":159,"column":null}},"44":{"start":{"line":160,"column":2},"end":{"line":175,"column":null}},"45":{"start":{"line":179,"column":2},"end":{"line":179,"column":null}},"46":{"start":{"line":183,"column":2},"end":{"line":183,"column":null}},"47":{"start":{"line":187,"column":2},"end":{"line":187,"column":null}},"48":{"start":{"line":191,"column":14},"end":{"line":191,"column":null}},"49":{"start":{"line":192,"column":18},"end":{"line":192,"column":null}},"50":{"start":{"line":193,"column":2},"end":{"line":195,"column":null}},"51":{"start":{"line":194,"column":4},"end":{"line":194,"column":null}},"52":{"start":{"line":196,"column":2},"end":{"line":196,"column":null}},"53":{"start":{"line":205,"column":2},"end":{"line":244,"column":null}},"54":{"start":{"line":206,"column":20},"end":{"line":206,"column":null}},"55":{"start":{"line":207,"column":4},"end":{"line":210,"column":null}},"56":{"start":{"line":208,"column":6},"end":{"line":208,"column":null}},"57":{"start":{"line":209,"column":6},"end":{"line":209,"column":null}},"58":{"start":{"line":211,"column":18},"end":{"line":211,"column":null}},"59":{"start":{"line":212,"column":4},"end":{"line":215,"column":null}},"60":{"start":{"line":213,"column":6},"end":{"line":213,"column":null}},"61":{"start":{"line":214,"column":6},"end":{"line":214,"column":null}},"62":{"start":{"line":217,"column":10},"end":{"line":217,"column":null}},"63":{"start":{"line":218,"column":28},"end":{"line":218,"column":null}},"64":{"start":{"line":219,"column":22},"end":{"line":219,"column":null}},"65":{"start":{"line":220,"column":24},"end":{"line":220,"column":null}},"66":{"start":{"line":222,"column":4},"end":{"line":238,"column":null}},"67":{"start":{"line":230,"column":18},"end":{"line":235,"column":null}},"68":{"start":{"line":236,"column":8},"end":{"line":236,"column":null}},"69":{"start":{"line":240,"column":4},"end":{"line":243,"column":null}},"70":{"start":{"line":254,"column":2},"end":{"line":303,"column":null}},"71":{"start":{"line":255,"column":20},"end":{"line":255,"column":null}},"72":{"start":{"line":256,"column":4},"end":{"line":259,"column":null}},"73":{"start":{"line":257,"column":6},"end":{"line":257,"column":null}},"74":{"start":{"line":258,"column":6},"end":{"line":258,"column":null}},"75":{"start":{"line":260,"column":18},"end":{"line":260,"column":null}},"76":{"start":{"line":261,"column":4},"end":{"line":264,"column":null}},"77":{"start":{"line":262,"column":6},"end":{"line":262,"column":null}},"78":{"start":{"line":263,"column":6},"end":{"line":263,"column":null}},"79":{"start":{"line":266,"column":35},"end":{"line":266,"column":null}},"80":{"start":{"line":267,"column":10},"end":{"line":267,"column":null}},"81":{"start":{"line":268,"column":17},"end":{"line":268,"column":null}},"82":{"start":{"line":269,"column":65},"end":{"line":277,"column":null}},"83":{"start":{"line":278,"column":22},"end":{"line":278,"column":null}},"84":{"start":{"line":279,"column":24},"end":{"line":279,"column":null}},"85":{"start":{"line":281,"column":4},"end":{"line":297,"column":null}},"86":{"start":{"line":289,"column":18},"end":{"line":294,"column":null}},"87":{"start":{"line":295,"column":8},"end":{"line":295,"column":null}},"88":{"start":{"line":299,"column":4},"end":{"line":302,"column":null}}},"fnMap":{"0":{"name":"formatBookingEventDateTime","decl":{"start":{"line":72,"column":16},"end":{"line":72,"column":43}},"loc":{"start":{"line":72,"column":95},"end":{"line":90,"column":null}},"line":72},"1":{"name":"linePriceMinor","decl":{"start":{"line":92,"column":9},"end":{"line":92,"column":24}},"loc":{"start":{"line":92,"column":47},"end":{"line":94,"column":null}},"line":92},"2":{"name":"bookingTotalMinorFromLines","decl":{"start":{"line":96,"column":16},"end":{"line":96,"column":43}},"loc":{"start":{"line":96,"column":76},"end":{"line":98,"column":null}},"line":96},"3":{"name":"(anonymous_3)","decl":{"start":{"line":97,"column":15},"end":{"line":97,"column":23}},"loc":{"start":{"line":97,"column":37},"end":{"line":97,"column":82}},"line":97},"4":{"name":"buildTicketLinesSummary","decl":{"start":{"line":100,"column":16},"end":{"line":100,"column":40}},"loc":{"start":{"line":100,"column":73},"end":{"line":117,"column":null}},"line":100},"5":{"name":"(anonymous_5)","decl":{"start":{"line":105,"column":5},"end":{"line":105,"column":10}},"loc":{"start":{"line":105,"column":19},"end":{"line":115,"column":5}},"line":105},"6":{"name":"buildAccommodationSummary","decl":{"start":{"line":119,"column":16},"end":{"line":119,"column":42}},"loc":{"start":{"line":119,"column":103},"end":{"line":125,"column":null}},"line":119},"7":{"name":"paymentAdjustmentStatusLabel","decl":{"start":{"line":127,"column":16},"end":{"line":127,"column":45}},"loc":{"start":{"line":127,"column":93},"end":{"line":138,"column":null}},"line":127},"8":{"name":"formatSignedDeltaAmount","decl":{"start":{"line":140,"column":16},"end":{"line":140,"column":40}},"loc":{"start":{"line":140,"column":74},"end":{"line":150,"column":null}},"line":140},"9":{"name":"buildBasePersonalisation","decl":{"start":{"line":152,"column":9},"end":{"line":152,"column":34}},"loc":{"start":{"line":155,"column":32},"end":{"line":176,"column":null}},"line":155},"10":{"name":"bookingConfirmationDeliveryKey","decl":{"start":{"line":178,"column":16},"end":{"line":178,"column":47}},"loc":{"start":{"line":178,"column":98},"end":{"line":180,"column":null}},"line":178},"11":{"name":"bookingRevisionDeliveryKey","decl":{"start":{"line":182,"column":16},"end":{"line":182,"column":43}},"loc":{"start":{"line":182,"column":94},"end":{"line":184,"column":null}},"line":182},"12":{"name":"createBookingMailer","decl":{"start":{"line":186,"column":16},"end":{"line":186,"column":113}},"loc":{"start":{"line":186,"column":113},"end":{"line":188,"column":null}},"line":186},"13":{"name":"loadBookingForEmail","decl":{"start":{"line":190,"column":15},"end":{"line":190,"column":35}},"loc":{"start":{"line":190,"column":98},"end":{"line":197,"column":null}},"line":190},"14":{"name":"notifyBookingConfirmationEmail","decl":{"start":{"line":199,"column":22},"end":{"line":199,"column":53}},"loc":{"start":{"line":204,"column":18},"end":{"line":245,"column":null}},"line":204},"15":{"name":"(anonymous_15)","decl":{"start":{"line":229,"column":12},"end":{"line":229,"column":24}},"loc":{"start":{"line":229,"column":24},"end":{"line":237,"column":null}},"line":229},"16":{"name":"notifyBookingRevisionEmail","decl":{"start":{"line":247,"column":22},"end":{"line":247,"column":49}},"loc":{"start":{"line":253,"column":18},"end":{"line":304,"column":null}},"line":253},"17":{"name":"(anonymous_17)","decl":{"start":{"line":288,"column":12},"end":{"line":288,"column":24}},"loc":{"start":{"line":288,"column":24},"end":{"line":296,"column":null}},"line":288}},"branchMap":{"0":{"loc":{"start":{"line":75,"column":2},"end":{"line":77,"column":null}},"type":"if","locations":[{"start":{"line":75,"column":2},"end":{"line":77,"column":null}},{"start":{},"end":{}}],"line":75},"1":{"loc":{"start":{"line":75,"column":6},"end":{"line":75,"column":68}},"type":"binary-expr","locations":[{"start":{"line":75,"column":6},"end":{"line":75,"column":39}},{"start":{"line":75,"column":39},"end":{"line":75,"column":68}}],"line":75},"2":{"loc":{"start":{"line":86,"column":2},"end":{"line":88,"column":null}},"type":"if","locations":[{"start":{"line":86,"column":2},"end":{"line":88,"column":null}},{"start":{},"end":{}}],"line":86},"3":{"loc":{"start":{"line":101,"column":2},"end":{"line":103,"column":null}},"type":"if","locations":[{"start":{"line":101,"column":2},"end":{"line":103,"column":null}},{"start":{},"end":{}}],"line":101},"4":{"loc":{"start":{"line":106,"column":20},"end":{"line":106,"column":null}},"type":"binary-expr","locations":[{"start":{"line":106,"column":20},"end":{"line":106,"column":53}},{"start":{"line":106,"column":53},"end":{"line":106,"column":null}}],"line":106},"5":{"loc":{"start":{"line":108,"column":26},"end":{"line":110,"column":null}},"type":"cond-expr","locations":[{"start":{"line":109,"column":10},"end":{"line":109,"column":null}},{"start":{"line":110,"column":10},"end":{"line":110,"column":null}}],"line":108},"6":{"loc":{"start":{"line":111,"column":18},"end":{"line":111,"column":null}},"type":"binary-expr","locations":[{"start":{"line":111,"column":18},"end":{"line":111,"column":31}},{"start":{"line":111,"column":31},"end":{"line":111,"column":47}},{"start":{"line":111,"column":47},"end":{"line":111,"column":null}}],"line":111},"7":{"loc":{"start":{"line":111,"column":47},"end":{"line":111,"column":null}},"type":"cond-expr","locations":[{"start":{"line":111,"column":86},"end":{"line":111,"column":96}},{"start":{"line":111,"column":96},"end":{"line":111,"column":null}}],"line":111},"8":{"loc":{"start":{"line":113,"column":26},"end":{"line":113,"column":null}},"type":"cond-expr","locations":[{"start":{"line":113,"column":36},"end":{"line":113,"column":62}},{"start":{"line":113,"column":62},"end":{"line":113,"column":null}}],"line":113},"9":{"loc":{"start":{"line":120,"column":2},"end":{"line":122,"column":null}},"type":"if","locations":[{"start":{"line":120,"column":2},"end":{"line":122,"column":null}},{"start":{},"end":{}}],"line":120},"10":{"loc":{"start":{"line":124,"column":9},"end":{"line":124,"column":null}},"type":"cond-expr","locations":[{"start":{"line":124,"column":41},"end":{"line":124,"column":68}},{"start":{"line":124,"column":68},"end":{"line":124,"column":null}}],"line":124},"11":{"loc":{"start":{"line":124,"column":9},"end":{"line":124,"column":41}},"type":"binary-expr","locations":[{"start":{"line":124,"column":9},"end":{"line":124,"column":20}},{"start":{"line":124,"column":20},"end":{"line":124,"column":41}}],"line":124},"12":{"loc":{"start":{"line":128,"column":2},"end":{"line":137,"column":null}},"type":"switch","locations":[{"start":{"line":129,"column":4},"end":{"line":130,"column":null}},{"start":{"line":131,"column":4},"end":{"line":132,"column":null}},{"start":{"line":133,"column":4},"end":{"line":134,"column":null}},{"start":{"line":135,"column":4},"end":{"line":136,"column":null}}],"line":128},"13":{"loc":{"start":{"line":143,"column":2},"end":{"line":145,"column":null}},"type":"if","locations":[{"start":{"line":143,"column":2},"end":{"line":145,"column":null}},{"start":{},"end":{}}],"line":143},"14":{"loc":{"start":{"line":146,"column":2},"end":{"line":148,"column":null}},"type":"if","locations":[{"start":{"line":146,"column":2},"end":{"line":148,"column":null}},{"start":{},"end":{}}],"line":146},"15":{"loc":{"start":{"line":161,"column":23},"end":{"line":161,"column":null}},"type":"cond-expr","locations":[{"start":{"line":161,"column":45},"end":{"line":161,"column":50}},{"start":{"line":161,"column":50},"end":{"line":161,"column":null}}],"line":161},"16":{"loc":{"start":{"line":161,"column":23},"end":{"line":161,"column":45}},"type":"binary-expr","locations":[{"start":{"line":161,"column":23},"end":{"line":161,"column":29}},{"start":{"line":161,"column":29},"end":{"line":161,"column":45}}],"line":161},"17":{"loc":{"start":{"line":162,"column":16},"end":{"line":162,"column":null}},"type":"binary-expr","locations":[{"start":{"line":162,"column":16},"end":{"line":162,"column":39}},{"start":{"line":162,"column":39},"end":{"line":162,"column":null}}],"line":162},"18":{"loc":{"start":{"line":164,"column":19},"end":{"line":164,"column":null}},"type":"binary-expr","locations":[{"start":{"line":164,"column":19},"end":{"line":164,"column":53}},{"start":{"line":164,"column":53},"end":{"line":164,"column":null}}],"line":164},"19":{"loc":{"start":{"line":167,"column":23},"end":{"line":167,"column":null}},"type":"binary-expr","locations":[{"start":{"line":167,"column":23},"end":{"line":167,"column":60}},{"start":{"line":167,"column":60},"end":{"line":167,"column":null}}],"line":167},"20":{"loc":{"start":{"line":193,"column":2},"end":{"line":195,"column":null}},"type":"if","locations":[{"start":{"line":193,"column":2},"end":{"line":195,"column":null}},{"start":{},"end":{}}],"line":193},"21":{"loc":{"start":{"line":207,"column":4},"end":{"line":210,"column":null}},"type":"if","locations":[{"start":{"line":207,"column":4},"end":{"line":210,"column":null}},{"start":{},"end":{}}],"line":207},"22":{"loc":{"start":{"line":212,"column":4},"end":{"line":215,"column":null}},"type":"if","locations":[{"start":{"line":212,"column":4},"end":{"line":215,"column":null}},{"start":{},"end":{}}],"line":212},"23":{"loc":{"start":{"line":217,"column":20},"end":{"line":217,"column":57}},"type":"binary-expr","locations":[{"start":{"line":217,"column":20},"end":{"line":217,"column":38}},{"start":{"line":217,"column":38},"end":{"line":217,"column":57}}],"line":217},"24":{"loc":{"start":{"line":236,"column":36},"end":{"line":236,"column":69}},"type":"binary-expr","locations":[{"start":{"line":236,"column":36},"end":{"line":236,"column":64}},{"start":{"line":236,"column":64},"end":{"line":236,"column":69}}],"line":236},"25":{"loc":{"start":{"line":256,"column":4},"end":{"line":259,"column":null}},"type":"if","locations":[{"start":{"line":256,"column":4},"end":{"line":259,"column":null}},{"start":{},"end":{}}],"line":256},"26":{"loc":{"start":{"line":261,"column":4},"end":{"line":264,"column":null}},"type":"if","locations":[{"start":{"line":261,"column":4},"end":{"line":264,"column":null}},{"start":{},"end":{}}],"line":261},"27":{"loc":{"start":{"line":266,"column":35},"end":{"line":266,"column":null}},"type":"binary-expr","locations":[{"start":{"line":266,"column":35},"end":{"line":266,"column":80}},{"start":{"line":266,"column":80},"end":{"line":266,"column":null}}],"line":266},"28":{"loc":{"start":{"line":267,"column":20},"end":{"line":267,"column":57}},"type":"binary-expr","locations":[{"start":{"line":267,"column":20},"end":{"line":267,"column":38}},{"start":{"line":267,"column":38},"end":{"line":267,"column":57}}],"line":267},"29":{"loc":{"start":{"line":295,"column":36},"end":{"line":295,"column":69}},"type":"binary-expr","locations":[{"start":{"line":295,"column":36},"end":{"line":295,"column":64}},{"start":{"line":295,"column":64},"end":{"line":295,"column":69}}],"line":295}},"s":{"0":1,"1":2,"2":2,"3":2,"4":0,"5":2,"6":2,"7":2,"8":2,"9":2,"10":0,"11":4,"12":2,"13":4,"14":2,"15":0,"16":2,"17":4,"18":4,"19":4,"20":4,"21":4,"22":4,"23":4,"24":1,"25":1,"26":0,"27":1,"28":1,"29":1,"30":0,"31":0,"32":0,"33":2,"34":2,"35":2,"36":1,"37":1,"38":1,"39":0,"40":1,"41":1,"42":1,"43":1,"44":1,"45":2,"46":1,"47":0,"48":1,"49":1,"50":1,"51":0,"52":1,"53":1,"54":1,"55":1,"56":0,"57":0,"58":1,"59":1,"60":0,"61":0,"62":1,"63":1,"64":1,"65":1,"66":1,"67":1,"68":1,"69":0,"70":0,"71":0,"72":0,"73":0,"74":0,"75":0,"76":0,"77":0,"78":0,"79":0,"80":0,"81":0,"82":0,"83":0,"84":0,"85":0,"86":0,"87":0,"88":0},"f":{"0":2,"1":4,"2":2,"3":4,"4":2,"5":4,"6":1,"7":1,"8":2,"9":1,"10":2,"11":1,"12":0,"13":1,"14":1,"15":1,"16":0,"17":0},"b":{"0":[0,2],"1":[2,2],"2":[2,0],"3":[0,2],"4":[4,0],"5":[0,4],"6":[4,2,2],"7":[0,2],"8":[2,2],"9":[1,0],"10":[0,0],"11":[1,0],"12":[1,0,0,0],"13":[1,1],"14":[1,0],"15":[1,0],"16":[1,1],"17":[1,0],"18":[1,0],"19":[1,0],"20":[0,1],"21":[0,1],"22":[0,1],"23":[1,0],"24":[1,0],"25":[0,0],"26":[0,0],"27":[0,0],"28":[0,0],"29":[0,0]},"meta":{"lastBranch":30,"lastFunction":18,"lastStatement":89,"seen":{"s:14:42:14:Infinity":0,"f:72:16:72:43":0,"s:73:16:73:Infinity":1,"s:74:14:74:Infinity":2,"b:75:2:77:Infinity:undefined:undefined:undefined:undefined":0,"s:75:2:77:Infinity":3,"b:75:6:75:39:75:39:75:68":1,"s:76:4:76:Infinity":4,"s:78:18:83:Infinity":5,"s:84:18:84:Infinity":6,"s:85:18:85:Infinity":7,"b:86:2:88:Infinity:undefined:undefined:undefined:undefined":2,"s:86:2:88:Infinity":8,"s:87:4:87:Infinity":9,"s:89:2:89:Infinity":10,"f:92:9:92:24":1,"s:93:2:93:Infinity":11,"f:96:16:96:43":2,"s:97:2:97:Infinity":12,"f:97:15:97:23":3,"s:97:37:97:82":13,"f:100:16:100:40":4,"b:101:2:103:Infinity:undefined:undefined:undefined:undefined":3,"s:101:2:103:Infinity":14,"s:102:4:102:Infinity":15,"s:104:2:116:Infinity":16,"f:105:5:105:10":5,"s:106:20:106:Infinity":17,"b:106:20:106:53:106:53:106:Infinity":4,"s:107:24:107:Infinity":18,"s:108:26:110:Infinity":19,"b:109:10:109:Infinity:110:10:110:Infinity":5,"s:111:18:111:Infinity":20,"b:111:18:111:31:111:31:111:47:111:47:111:Infinity":6,"b:111:86:111:96:111:96:111:Infinity":7,"s:112:22:112:Infinity":21,"s:113:26:113:Infinity":22,"b:113:36:113:62:113:62:113:Infinity":8,"s:114:6:114:Infinity":23,"f:119:16:119:42":6,"b:120:2:122:Infinity:undefined:undefined:undefined:undefined":9,"s:120:2:122:Infinity":24,"s:121:4:121:Infinity":25,"s:123:18:123:Infinity":26,"s:124:2:124:Infinity":27,"b:124:41:124:68:124:68:124:Infinity":10,"b:124:9:124:20:124:20:124:41":11,"f:127:16:127:45":7,"b:129:4:130:Infinity:131:4:132:Infinity:133:4:134:Infinity:135:4:136:Infinity":12,"s:128:2:137:Infinity":28,"s:130:6:130:Infinity":29,"s:132:6:132:Infinity":30,"s:134:6:134:Infinity":31,"s:136:6:136:Infinity":32,"f:140:16:140:40":8,"s:141:14:141:Infinity":33,"s:142:8:142:Infinity":34,"b:143:2:145:Infinity:undefined:undefined:undefined:undefined":13,"s:143:2:145:Infinity":35,"s:144:4:144:Infinity":36,"b:146:2:148:Infinity:undefined:undefined:undefined:undefined":14,"s:146:2:148:Infinity":37,"s:147:4:147:Infinity":38,"s:149:2:149:Infinity":39,"f:152:9:152:34":9,"s:156:34:156:Infinity":40,"s:157:8:157:Infinity":41,"s:158:13:158:Infinity":42,"s:159:21:159:Infinity":43,"s:160:2:175:Infinity":44,"b:161:45:161:50:161:50:161:Infinity":15,"b:161:23:161:29:161:29:161:45":16,"b:162:16:162:39:162:39:162:Infinity":17,"b:164:19:164:53:164:53:164:Infinity":18,"b:167:23:167:60:167:60:167:Infinity":19,"f:178:16:178:47":10,"s:179:2:179:Infinity":45,"f:182:16:182:43":11,"s:183:2:183:Infinity":46,"f:186:16:186:113":12,"s:187:2:187:Infinity":47,"f:190:15:190:35":13,"s:191:14:191:Infinity":48,"s:192:18:192:Infinity":49,"b:193:2:195:Infinity:undefined:undefined:undefined:undefined":20,"s:193:2:195:Infinity":50,"s:194:4:194:Infinity":51,"s:196:2:196:Infinity":52,"f:199:22:199:53":14,"s:205:2:244:Infinity":53,"s:206:20:206:Infinity":54,"b:207:4:210:Infinity:undefined:undefined:undefined:undefined":21,"s:207:4:210:Infinity":55,"s:208:6:208:Infinity":56,"s:209:6:209:Infinity":57,"s:211:18:211:Infinity":58,"b:212:4:215:Infinity:undefined:undefined:undefined:undefined":22,"s:212:4:215:Infinity":59,"s:213:6:213:Infinity":60,"s:214:6:214:Infinity":61,"s:217:10:217:Infinity":62,"b:217:20:217:38:217:38:217:57":23,"s:218:28:218:Infinity":63,"s:219:22:219:Infinity":64,"s:220:24:220:Infinity":65,"s:222:4:238:Infinity":66,"f:229:12:229:24":15,"s:230:18:235:Infinity":67,"s:236:8:236:Infinity":68,"b:236:36:236:64:236:64:236:69":24,"s:240:4:243:Infinity":69,"f:247:22:247:49":16,"s:254:2:303:Infinity":70,"s:255:20:255:Infinity":71,"b:256:4:259:Infinity:undefined:undefined:undefined:undefined":25,"s:256:4:259:Infinity":72,"s:257:6:257:Infinity":73,"s:258:6:258:Infinity":74,"s:260:18:260:Infinity":75,"b:261:4:264:Infinity:undefined:undefined:undefined:undefined":26,"s:261:4:264:Infinity":76,"s:262:6:262:Infinity":77,"s:263:6:263:Infinity":78,"s:266:35:266:Infinity":79,"b:266:35:266:80:266:80:266:Infinity":27,"s:267:10:267:Infinity":80,"b:267:20:267:38:267:38:267:57":28,"s:268:17:268:Infinity":81,"s:269:65:277:Infinity":82,"s:278:22:278:Infinity":83,"s:279:24:279:Infinity":84,"s:281:4:297:Infinity":85,"f:288:12:288:24":17,"s:289:18:294:Infinity":86,"s:295:8:295:Infinity":87,"b:295:36:295:64:295:64:295:69":29,"s:299:4:302:Infinity":88},"fnNames":{}}}
,"/Users/jack/Dev/SODC/sodc-web/functions/src/bookingPaymentAdjustments.ts": {"path":"/Users/jack/Dev/SODC/sodc-web/functions/src/bookingPaymentAdjustments.ts","statementMap":{"0":{"start":{"line":21,"column":2},"end":{"line":21,"column":null}},"1":{"start":{"line":25,"column":2},"end":{"line":25,"column":null}},"2":{"start":{"line":25,"column":54},"end":{"line":25,"column":97}},"3":{"start":{"line":32,"column":29},"end":{"line":32,"column":null}},"4":{"start":{"line":33,"column":28},"end":{"line":33,"column":null}},"5":{"start":{"line":34,"column":27},"end":{"line":34,"column":null}},"6":{"start":{"line":36,"column":4},"end":{"line":40,"column":null}},"7":{"start":{"line":41,"column":2},"end":{"line":41,"column":null}}},"fnMap":{"0":{"name":"toMinorUnits","decl":{"start":{"line":20,"column":9},"end":{"line":20,"column":22}},"loc":{"start":{"line":20,"column":45},"end":{"line":22,"column":null}},"line":20},"1":{"name":"bookingTotalMinor","decl":{"start":{"line":24,"column":9},"end":{"line":24,"column":27}},"loc":{"start":{"line":24,"column":69},"end":{"line":26,"column":null}},"line":24},"2":{"name":"(anonymous_2)","decl":{"start":{"line":25,"column":32},"end":{"line":25,"column":40}},"loc":{"start":{"line":25,"column":54},"end":{"line":25,"column":97}},"line":25},"3":{"name":"computeBookingPaymentDelta","decl":{"start":{"line":28,"column":16},"end":{"line":28,"column":null}},"loc":{"start":{"line":31,"column":23},"end":{"line":42,"column":null}},"line":31}},"branchMap":{"0":{"loc":{"start":{"line":25,"column":10},"end":{"line":25,"column":30}},"type":"binary-expr","locations":[{"start":{"line":25,"column":10},"end":{"line":25,"column":28}},{"start":{"line":25,"column":28},"end":{"line":25,"column":30}}],"line":25},"1":{"loc":{"start":{"line":36,"column":4},"end":{"line":40,"column":null}},"type":"cond-expr","locations":[{"start":{"line":37,"column":8},"end":{"line":37,"column":null}},{"start":{"line":38,"column":8},"end":{"line":40,"column":null}}],"line":36},"2":{"loc":{"start":{"line":38,"column":8},"end":{"line":40,"column":null}},"type":"cond-expr","locations":[{"start":{"line":39,"column":10},"end":{"line":39,"column":null}},{"start":{"line":40,"column":10},"end":{"line":40,"column":null}}],"line":38}},"s":{"0":8,"1":6,"2":8,"3":3,"4":3,"5":3,"6":3,"7":3},"f":{"0":8,"1":6,"2":8,"3":3},"b":{"0":[6,0],"1":[1,2],"2":[1,1]},"meta":{"lastBranch":3,"lastFunction":4,"lastStatement":8,"seen":{"f:20:9:20:22":0,"s:21:2:21:Infinity":0,"f:24:9:24:27":1,"s:25:2:25:Infinity":1,"b:25:10:25:28:25:28:25:30":0,"f:25:32:25:40":2,"s:25:54:25:97":2,"f:28:16:28:Infinity":3,"s:32:29:32:Infinity":3,"s:33:28:33:Infinity":4,"s:34:27:34:Infinity":5,"s:36:4:40:Infinity":6,"b:37:8:37:Infinity:38:8:40:Infinity":1,"b:39:10:39:Infinity:40:10:40:Infinity":2,"s:41:2:41:Infinity":7},"fnNames":{}}}
,"/Users/jack/Dev/SODC/sodc-web/functions/src/bookingRevisionEngine.ts": {"path":"/Users/jack/Dev/SODC/sodc-web/functions/src/bookingRevisionEngine.ts","statementMap":{"0":{"start":{"line":26,"column":26},"end":{"line":26,"column":null}},"1":{"start":{"line":29,"column":27},"end":{"line":29,"column":null}},"2":{"start":{"line":29,"column":56},"end":{"line":29,"column":93}},"3":{"start":{"line":30,"column":17},"end":{"line":30,"column":null}},"4":{"start":{"line":30,"column":52},"end":{"line":30,"column":106}},"5":{"start":{"line":31,"column":2},"end":{"line":37,"column":null}},"6":{"start":{"line":32,"column":4},"end":{"line":36,"column":null}},"7":{"start":{"line":39,"column":2},"end":{"line":45,"column":null}},"8":{"start":{"line":40,"column":4},"end":{"line":44,"column":null}},"9":{"start":{"line":47,"column":2},"end":{"line":53,"column":null}},"10":{"start":{"line":48,"column":4},"end":{"line":52,"column":null}},"11":{"start":{"line":55,"column":15},"end":{"line":55,"column":null}},"12":{"start":{"line":55,"column":38},"end":{"line":55,"column":101}},"13":{"start":{"line":56,"column":2},"end":{"line":60,"column":null}},"14":{"start":{"line":57,"column":4},"end":{"line":59,"column":null}},"15":{"start":{"line":61,"column":2},"end":{"line":65,"column":null}},"16":{"start":{"line":62,"column":4},"end":{"line":64,"column":null}},"17":{"start":{"line":67,"column":24},"end":{"line":69,"column":null}},"18":{"start":{"line":68,"column":25},"end":{"line":68,"column":73}},"19":{"start":{"line":69,"column":31},"end":{"line":69,"column":93}},"20":{"start":{"line":71,"column":2},"end":{"line":75,"column":null}},"21":{"start":{"line":72,"column":4},"end":{"line":74,"column":null}},"22":{"start":{"line":77,"column":2},"end":{"line":81,"column":null}}},"fnMap":{"0":{"name":"computeRevisionPlan","decl":{"start":{"line":28,"column":16},"end":{"line":28,"column":36}},"loc":{"start":{"line":28,"column":105},"end":{"line":82,"column":null}},"line":28},"1":{"name":"(anonymous_1)","decl":{"start":{"line":29,"column":36},"end":{"line":29,"column":44}},"loc":{"start":{"line":29,"column":56},"end":{"line":29,"column":93}},"line":29},"2":{"name":"(anonymous_2)","decl":{"start":{"line":30,"column":34},"end":{"line":30,"column":40}},"loc":{"start":{"line":30,"column":52},"end":{"line":30,"column":106}},"line":30},"3":{"name":"(anonymous_3)","decl":{"start":{"line":55,"column":32},"end":{"line":55,"column":38}},"loc":{"start":{"line":55,"column":38},"end":{"line":55,"column":101}},"line":55},"4":{"name":"(anonymous_4)","decl":{"start":{"line":68,"column":5},"end":{"line":68,"column":13}},"loc":{"start":{"line":68,"column":25},"end":{"line":68,"column":73}},"line":68},"5":{"name":"(anonymous_5)","decl":{"start":{"line":69,"column":5},"end":{"line":69,"column":13}},"loc":{"start":{"line":69,"column":31},"end":{"line":69,"column":93}},"line":69}},"branchMap":{"0":{"loc":{"start":{"line":31,"column":2},"end":{"line":37,"column":null}},"type":"if","locations":[{"start":{"line":31,"column":2},"end":{"line":37,"column":null}},{"start":{},"end":{}}],"line":31},"1":{"loc":{"start":{"line":39,"column":2},"end":{"line":45,"column":null}},"type":"if","locations":[{"start":{"line":39,"column":2},"end":{"line":45,"column":null}},{"start":{},"end":{}}],"line":39},"2":{"loc":{"start":{"line":47,"column":2},"end":{"line":53,"column":null}},"type":"if","locations":[{"start":{"line":47,"column":2},"end":{"line":53,"column":null}},{"start":{},"end":{}}],"line":47},"3":{"loc":{"start":{"line":47,"column":6},"end":{"line":47,"column":79}},"type":"binary-expr","locations":[{"start":{"line":47,"column":6},"end":{"line":47,"column":32}},{"start":{"line":47,"column":32},"end":{"line":47,"column":79}}],"line":47},"4":{"loc":{"start":{"line":56,"column":2},"end":{"line":60,"column":null}},"type":"if","locations":[{"start":{"line":56,"column":2},"end":{"line":60,"column":null}},{"start":{},"end":{}}],"line":56},"5":{"loc":{"start":{"line":61,"column":2},"end":{"line":65,"column":null}},"type":"if","locations":[{"start":{"line":61,"column":2},"end":{"line":65,"column":null}},{"start":{},"end":{}}],"line":61},"6":{"loc":{"start":{"line":69,"column":31},"end":{"line":69,"column":93}},"type":"cond-expr","locations":[{"start":{"line":69,"column":77},"end":{"line":69,"column":87}},{"start":{"line":69,"column":87},"end":{"line":69,"column":93}}],"line":69},"7":{"loc":{"start":{"line":71,"column":2},"end":{"line":75,"column":null}},"type":"if","locations":[{"start":{"line":71,"column":2},"end":{"line":75,"column":null}},{"start":{},"end":{}}],"line":71},"8":{"loc":{"start":{"line":71,"column":6},"end":{"line":71,"column":83}},"type":"binary-expr","locations":[{"start":{"line":71,"column":6},"end":{"line":71,"column":38}},{"start":{"line":71,"column":38},"end":{"line":71,"column":83}}],"line":71}},"s":{"0":2,"1":4,"2":4,"3":4,"4":4,"5":4,"6":0,"7":4,"8":1,"9":3,"10":1,"11":2,"12":2,"13":2,"14":0,"15":2,"16":0,"17":2,"18":3,"19":3,"20":2,"21":1,"22":1},"f":{"0":4,"1":4,"2":4,"3":2,"4":3,"5":3},"b":{"0":[0,4],"1":[1,3],"2":[1,2],"3":[3,2],"4":[0,2],"5":[0,2],"6":[1,2],"7":[1,1],"8":[2,1]},"meta":{"lastBranch":9,"lastFunction":6,"lastStatement":23,"seen":{"s:26:26:26:Infinity":0,"f:28:16:28:36":0,"s:29:27:29:Infinity":1,"f:29:36:29:44":1,"s:29:56:29:93":2,"s:30:17:30:Infinity":3,"f:30:34:30:40":2,"s:30:52:30:106":4,"b:31:2:37:Infinity:undefined:undefined:undefined:undefined":0,"s:31:2:37:Infinity":5,"s:32:4:36:Infinity":6,"b:39:2:45:Infinity:undefined:undefined:undefined:undefined":1,"s:39:2:45:Infinity":7,"s:40:4:44:Infinity":8,"b:47:2:53:Infinity:undefined:undefined:undefined:undefined":2,"s:47:2:53:Infinity":9,"b:47:6:47:32:47:32:47:79":3,"s:48:4:52:Infinity":10,"s:55:15:55:Infinity":11,"f:55:32:55:38":3,"s:55:38:55:101":12,"b:56:2:60:Infinity:undefined:undefined:undefined:undefined":4,"s:56:2:60:Infinity":13,"s:57:4:59:Infinity":14,"b:61:2:65:Infinity:undefined:undefined:undefined:undefined":5,"s:61:2:65:Infinity":15,"s:62:4:64:Infinity":16,"s:67:24:69:Infinity":17,"f:68:5:68:13":4,"s:68:25:68:73":18,"f:69:5:69:13":5,"s:69:31:69:93":19,"b:69:77:69:87:69:87:69:93":6,"b:71:2:75:Infinity:undefined:undefined:undefined:undefined":7,"s:71:2:75:Infinity":20,"b:71:6:71:38:71:38:71:83":8,"s:72:4:74:Infinity":21,"s:77:2:81:Infinity":22},"fnNames":{}}}
,"/Users/jack/Dev/SODC/sodc-web/functions/src/bookingRules.ts": {"path":"/Users/jack/Dev/SODC/sodc-web/functions/src/bookingRules.ts","statementMap":{"0":{"start":{"line":4,"column":40},"end":{"line":19,"column":null}},"1":{"start":{"line":28,"column":2},"end":{"line":28,"column":null}},"2":{"start":{"line":32,"column":2},"end":{"line":32,"column":null}},"3":{"start":{"line":36,"column":2},"end":{"line":36,"column":null}},"4":{"start":{"line":45,"column":2},"end":{"line":45,"column":null}},"5":{"start":{"line":45,"column":38},"end":{"line":45,"column":null}},"6":{"start":{"line":46,"column":19},"end":{"line":46,"column":null}},"7":{"start":{"line":47,"column":2},"end":{"line":47,"column":null}},"8":{"start":{"line":47,"column":25},"end":{"line":47,"column":null}},"9":{"start":{"line":48,"column":2},"end":{"line":48,"column":null}},"10":{"start":{"line":56,"column":2},"end":{"line":61,"column":null}},"11":{"start":{"line":57,"column":4},"end":{"line":57,"column":null}},"12":{"start":{"line":57,"column":79},"end":{"line":57,"column":null}},"13":{"start":{"line":58,"column":4},"end":{"line":60,"column":null}},"14":{"start":{"line":59,"column":6},"end":{"line":59,"column":null}},"15":{"start":{"line":62,"column":2},"end":{"line":62,"column":null}},"16":{"start":{"line":70,"column":22},"end":{"line":70,"column":null}},"17":{"start":{"line":70,"column":49},"end":{"line":70,"column":76}},"18":{"start":{"line":71,"column":2},"end":{"line":71,"column":null}},"19":{"start":{"line":71,"column":32},"end":{"line":71,"column":null}},"20":{"start":{"line":72,"column":2},"end":{"line":72,"column":null}},"21":{"start":{"line":72,"column":33},"end":{"line":72,"column":102}},"22":{"start":{"line":80,"column":16},"end":{"line":80,"column":null}},"23":{"start":{"line":81,"column":14},"end":{"line":81,"column":null}},"24":{"start":{"line":82,"column":2},"end":{"line":82,"column":null}},"25":{"start":{"line":82,"column":48},"end":{"line":82,"column":null}},"26":{"start":{"line":83,"column":2},"end":{"line":83,"column":null}},"27":{"start":{"line":110,"column":2},"end":{"line":112,"column":null}},"28":{"start":{"line":111,"column":4},"end":{"line":111,"column":null}},"29":{"start":{"line":114,"column":17},"end":{"line":114,"column":null}},"30":{"start":{"line":114,"column":43},"end":{"line":114,"column":68}},"31":{"start":{"line":116,"column":2},"end":{"line":124,"column":null}},"32":{"start":{"line":117,"column":15},"end":{"line":117,"column":null}},"33":{"start":{"line":118,"column":4},"end":{"line":120,"column":null}},"34":{"start":{"line":119,"column":6},"end":{"line":119,"column":null}},"35":{"start":{"line":121,"column":4},"end":{"line":123,"column":null}},"36":{"start":{"line":122,"column":6},"end":{"line":122,"column":null}},"37":{"start":{"line":126,"column":24},"end":{"line":126,"column":null}},"38":{"start":{"line":127,"column":23},"end":{"line":127,"column":null}},"39":{"start":{"line":129,"column":2},"end":{"line":152,"column":null}},"40":{"start":{"line":129,"column":15},"end":{"line":129,"column":18}},"41":{"start":{"line":130,"column":17},"end":{"line":130,"column":null}},"42":{"start":{"line":131,"column":15},"end":{"line":131,"column":null}},"43":{"start":{"line":132,"column":4},"end":{"line":151,"column":null}},"44":{"start":{"line":133,"column":6},"end":{"line":133,"column":null}},"45":{"start":{"line":134,"column":6},"end":{"line":139,"column":null}},"46":{"start":{"line":135,"column":8},"end":{"line":138,"column":null}},"47":{"start":{"line":141,"column":6},"end":{"line":141,"column":null}},"48":{"start":{"line":143,"column":9},"end":{"line":144,"column":null}},"49":{"start":{"line":145,"column":6},"end":{"line":150,"column":null}},"50":{"start":{"line":146,"column":8},"end":{"line":149,"column":null}},"51":{"start":{"line":154,"column":2},"end":{"line":156,"column":null}},"52":{"start":{"line":155,"column":4},"end":{"line":155,"column":null}},"53":{"start":{"line":158,"column":24},"end":{"line":158,"column":null}},"54":{"start":{"line":159,"column":2},"end":{"line":166,"column":null}},"55":{"start":{"line":160,"column":4},"end":{"line":165,"column":null}},"56":{"start":{"line":168,"column":25},"end":{"line":168,"column":null}},"57":{"start":{"line":168,"column":50},"end":{"line":168,"column":122}},"58":{"start":{"line":169,"column":24},"end":{"line":169,"column":null}},"59":{"start":{"line":169,"column":49},"end":{"line":169,"column":120}},"60":{"start":{"line":170,"column":2},"end":{"line":172,"column":null}},"61":{"start":{"line":171,"column":4},"end":{"line":171,"column":null}},"62":{"start":{"line":174,"column":2},"end":{"line":174,"column":null}},"63":{"start":{"line":182,"column":20},"end":{"line":182,"column":null}},"64":{"start":{"line":183,"column":2},"end":{"line":185,"column":null}},"65":{"start":{"line":184,"column":4},"end":{"line":184,"column":null}},"66":{"start":{"line":186,"column":37},"end":{"line":186,"column":null}},"67":{"start":{"line":187,"column":2},"end":{"line":189,"column":null}},"68":{"start":{"line":188,"column":4},"end":{"line":188,"column":null}},"69":{"start":{"line":190,"column":2},"end":{"line":193,"column":null}},"70":{"start":{"line":204,"column":2},"end":{"line":206,"column":null}},"71":{"start":{"line":205,"column":4},"end":{"line":205,"column":null}},"72":{"start":{"line":207,"column":2},"end":{"line":209,"column":null}},"73":{"start":{"line":207,"column":37},"end":{"line":207,"column":64}},"74":{"start":{"line":208,"column":4},"end":{"line":208,"column":null}},"75":{"start":{"line":210,"column":2},"end":{"line":212,"column":null}},"76":{"start":{"line":211,"column":4},"end":{"line":211,"column":null}},"77":{"start":{"line":213,"column":2},"end":{"line":215,"column":null}},"78":{"start":{"line":214,"column":4},"end":{"line":214,"column":null}},"79":{"start":{"line":216,"column":2},"end":{"line":216,"column":null}}},"fnMap":{"0":{"name":"fail","decl":{"start":{"line":27,"column":9},"end":{"line":27,"column":14}},"loc":{"start":{"line":27,"column":80},"end":{"line":29,"column":null}},"line":27},"1":{"name":"purposeGrantsSectionAccess","decl":{"start":{"line":31,"column":16},"end":{"line":31,"column":43}},"loc":{"start":{"line":31,"column":69},"end":{"line":33,"column":null}},"line":31},"2":{"name":"linkHasPurpose","decl":{"start":{"line":35,"column":9},"end":{"line":35,"column":24}},"loc":{"start":{"line":35,"column":105},"end":{"line":37,"column":null}},"line":35},"3":{"name":"userMatchesUserGroup","decl":{"start":{"line":40,"column":16},"end":{"line":40,"column":null}},"loc":{"start":{"line":44,"column":11},"end":{"line":49,"column":null}},"line":44},"4":{"name":"userHasSectionAccess","decl":{"start":{"line":51,"column":16},"end":{"line":51,"column":null}},"loc":{"start":{"line":55,"column":11},"end":{"line":63,"column":null}},"line":55},"5":{"name":"userHasBookerPurpose","decl":{"start":{"line":65,"column":16},"end":{"line":65,"column":null}},"loc":{"start":{"line":69,"column":11},"end":{"line":73,"column":null}},"line":69},"6":{"name":"(anonymous_6)","decl":{"start":{"line":70,"column":35},"end":{"line":70,"column":43}},"loc":{"start":{"line":70,"column":49},"end":{"line":70,"column":76}},"line":70},"7":{"name":"(anonymous_7)","decl":{"start":{"line":72,"column":21},"end":{"line":72,"column":27}},"loc":{"start":{"line":72,"column":33},"end":{"line":72,"column":102}},"line":72},"8":{"name":"isWithinBookingWindow","decl":{"start":{"line":75,"column":16},"end":{"line":75,"column":null}},"loc":{"start":{"line":79,"column":11},"end":{"line":84,"column":null}},"line":79},"9":{"name":"evaluateBookingLines","decl":{"start":{"line":103,"column":16},"end":{"line":103,"column":null}},"loc":{"start":{"line":109,"column":22},"end":{"line":175,"column":null}},"line":109},"10":{"name":"(anonymous_10)","decl":{"start":{"line":114,"column":28},"end":{"line":114,"column":34}},"loc":{"start":{"line":114,"column":43},"end":{"line":114,"column":68}},"line":114},"11":{"name":"(anonymous_11)","decl":{"start":{"line":168,"column":32},"end":{"line":168,"column":43}},"loc":{"start":{"line":168,"column":50},"end":{"line":168,"column":122}},"line":168},"12":{"name":"(anonymous_12)","decl":{"start":{"line":169,"column":31},"end":{"line":169,"column":42}},"loc":{"start":{"line":169,"column":49},"end":{"line":169,"column":120}},"line":169},"13":{"name":"evaluateGuestApprovalGate","decl":{"start":{"line":177,"column":16},"end":{"line":177,"column":42}},"loc":{"start":{"line":181,"column":23},"end":{"line":194,"column":null}},"line":181},"14":{"name":"evaluateBookingGatekeeping","decl":{"start":{"line":196,"column":16},"end":{"line":196,"column":43}},"loc":{"start":{"line":203,"column":23},"end":{"line":217,"column":null}},"line":203},"15":{"name":"(anonymous_15)","decl":{"start":{"line":207,"column":25},"end":{"line":207,"column":31}},"loc":{"start":{"line":207,"column":37},"end":{"line":207,"column":64}},"line":207}},"branchMap":{"0":{"loc":{"start":{"line":32,"column":9},"end":{"line":32,"column":null}},"type":"binary-expr","locations":[{"start":{"line":32,"column":9},"end":{"line":32,"column":33}},{"start":{"line":32,"column":33},"end":{"line":32,"column":null}}],"line":32},"1":{"loc":{"start":{"line":36,"column":9},"end":{"line":36,"column":null}},"type":"binary-expr","locations":[{"start":{"line":36,"column":9},"end":{"line":36,"column":37}},{"start":{"line":36,"column":37},"end":{"line":36,"column":72}},{"start":{"line":36,"column":72},"end":{"line":36,"column":null}}],"line":36},"2":{"loc":{"start":{"line":45,"column":2},"end":{"line":45,"column":null}},"type":"if","locations":[{"start":{"line":45,"column":2},"end":{"line":45,"column":null}},{"start":{},"end":{}}],"line":45},"3":{"loc":{"start":{"line":47,"column":2},"end":{"line":47,"column":null}},"type":"if","locations":[{"start":{"line":47,"column":2},"end":{"line":47,"column":null}},{"start":{},"end":{}}],"line":47},"4":{"loc":{"start":{"line":57,"column":4},"end":{"line":57,"column":null}},"type":"if","locations":[{"start":{"line":57,"column":4},"end":{"line":57,"column":null}},{"start":{},"end":{}}],"line":57},"5":{"loc":{"start":{"line":57,"column":8},"end":{"line":57,"column":79}},"type":"binary-expr","locations":[{"start":{"line":57,"column":8},"end":{"line":57,"column":43}},{"start":{"line":57,"column":43},"end":{"line":57,"column":79}}],"line":57},"6":{"loc":{"start":{"line":58,"column":4},"end":{"line":60,"column":null}},"type":"if","locations":[{"start":{"line":58,"column":4},"end":{"line":60,"column":null}},{"start":{},"end":{}}],"line":58},"7":{"loc":{"start":{"line":71,"column":2},"end":{"line":71,"column":null}},"type":"if","locations":[{"start":{"line":71,"column":2},"end":{"line":71,"column":null}},{"start":{},"end":{}}],"line":71},"8":{"loc":{"start":{"line":78,"column":2},"end":{"line":78,"column":null}},"type":"default-arg","locations":[{"start":{"line":78,"column":18},"end":{"line":78,"column":null}}],"line":78},"9":{"loc":{"start":{"line":82,"column":2},"end":{"line":82,"column":null}},"type":"if","locations":[{"start":{"line":82,"column":2},"end":{"line":82,"column":null}},{"start":{},"end":{}}],"line":82},"10":{"loc":{"start":{"line":82,"column":6},"end":{"line":82,"column":48}},"type":"binary-expr","locations":[{"start":{"line":82,"column":6},"end":{"line":82,"column":29}},{"start":{"line":82,"column":29},"end":{"line":82,"column":48}}],"line":82},"11":{"loc":{"start":{"line":83,"column":9},"end":{"line":83,"column":null}},"type":"binary-expr","locations":[{"start":{"line":83,"column":9},"end":{"line":83,"column":27}},{"start":{"line":83,"column":27},"end":{"line":83,"column":null}}],"line":83},"12":{"loc":{"start":{"line":110,"column":2},"end":{"line":112,"column":null}},"type":"if","locations":[{"start":{"line":110,"column":2},"end":{"line":112,"column":null}},{"start":{},"end":{}}],"line":110},"13":{"loc":{"start":{"line":118,"column":4},"end":{"line":120,"column":null}},"type":"if","locations":[{"start":{"line":118,"column":4},"end":{"line":120,"column":null}},{"start":{},"end":{}}],"line":118},"14":{"loc":{"start":{"line":121,"column":4},"end":{"line":123,"column":null}},"type":"if","locations":[{"start":{"line":121,"column":4},"end":{"line":123,"column":null}},{"start":{},"end":{}}],"line":121},"15":{"loc":{"start":{"line":132,"column":4},"end":{"line":151,"column":null}},"type":"if","locations":[{"start":{"line":132,"column":4},"end":{"line":151,"column":null}},{"start":{"line":140,"column":11},"end":{"line":151,"column":null}}],"line":132},"16":{"loc":{"start":{"line":134,"column":6},"end":{"line":139,"column":null}},"type":"if","locations":[{"start":{"line":134,"column":6},"end":{"line":139,"column":null}},{"start":{},"end":{}}],"line":134},"17":{"loc":{"start":{"line":134,"column":10},"end":{"line":134,"column":69}},"type":"binary-expr","locations":[{"start":{"line":134,"column":10},"end":{"line":134,"column":38}},{"start":{"line":134,"column":38},"end":{"line":134,"column":69}}],"line":134},"18":{"loc":{"start":{"line":143,"column":9},"end":{"line":144,"column":null}},"type":"binary-expr","locations":[{"start":{"line":143,"column":9},"end":{"line":143,"column":29}},{"start":{"line":143,"column":29},"end":{"line":143,"column":null}},{"start":{"line":144,"column":9},"end":{"line":144,"column":34}},{"start":{"line":144,"column":34},"end":{"line":144,"column":null}}],"line":143},"19":{"loc":{"start":{"line":145,"column":6},"end":{"line":150,"column":null}},"type":"if","locations":[{"start":{"line":145,"column":6},"end":{"line":150,"column":null}},{"start":{},"end":{}}],"line":145},"20":{"loc":{"start":{"line":154,"column":2},"end":{"line":156,"column":null}},"type":"if","locations":[{"start":{"line":154,"column":2},"end":{"line":156,"column":null}},{"start":{},"end":{}}],"line":154},"21":{"loc":{"start":{"line":158,"column":24},"end":{"line":158,"column":null}},"type":"binary-expr","locations":[{"start":{"line":158,"column":24},"end":{"line":158,"column":50}},{"start":{"line":158,"column":50},"end":{"line":158,"column":null}}],"line":158},"22":{"loc":{"start":{"line":159,"column":2},"end":{"line":166,"column":null}},"type":"if","locations":[{"start":{"line":159,"column":2},"end":{"line":166,"column":null}},{"start":{},"end":{}}],"line":159},"23":{"loc":{"start":{"line":162,"column":6},"end":{"line":164,"column":null}},"type":"cond-expr","locations":[{"start":{"line":163,"column":10},"end":{"line":163,"column":null}},{"start":{"line":164,"column":10},"end":{"line":164,"column":null}}],"line":162},"24":{"loc":{"start":{"line":170,"column":2},"end":{"line":172,"column":null}},"type":"if","locations":[{"start":{"line":170,"column":2},"end":{"line":172,"column":null}},{"start":{},"end":{}}],"line":170},"25":{"loc":{"start":{"line":170,"column":6},"end":{"line":170,"column":83}},"type":"binary-expr","locations":[{"start":{"line":170,"column":6},"end":{"line":170,"column":28}},{"start":{"line":170,"column":28},"end":{"line":170,"column":51}},{"start":{"line":170,"column":51},"end":{"line":170,"column":83}}],"line":170},"26":{"loc":{"start":{"line":183,"column":2},"end":{"line":185,"column":null}},"type":"if","locations":[{"start":{"line":183,"column":2},"end":{"line":185,"column":null}},{"start":{},"end":{}}],"line":183},"27":{"loc":{"start":{"line":183,"column":6},"end":{"line":183,"column":63}},"type":"binary-expr","locations":[{"start":{"line":183,"column":6},"end":{"line":183,"column":27}},{"start":{"line":183,"column":27},"end":{"line":183,"column":63}}],"line":183},"28":{"loc":{"start":{"line":187,"column":2},"end":{"line":189,"column":null}},"type":"if","locations":[{"start":{"line":187,"column":2},"end":{"line":189,"column":null}},{"start":{},"end":{}}],"line":187},"29":{"loc":{"start":{"line":204,"column":2},"end":{"line":206,"column":null}},"type":"if","locations":[{"start":{"line":204,"column":2},"end":{"line":206,"column":null}},{"start":{},"end":{}}],"line":204},"30":{"loc":{"start":{"line":207,"column":2},"end":{"line":209,"column":null}},"type":"if","locations":[{"start":{"line":207,"column":2},"end":{"line":209,"column":null}},{"start":{},"end":{}}],"line":207},"31":{"loc":{"start":{"line":210,"column":2},"end":{"line":212,"column":null}},"type":"if","locations":[{"start":{"line":210,"column":2},"end":{"line":212,"column":null}},{"start":{},"end":{}}],"line":210},"32":{"loc":{"start":{"line":213,"column":2},"end":{"line":215,"column":null}},"type":"if","locations":[{"start":{"line":213,"column":2},"end":{"line":215,"column":null}},{"start":{},"end":{}}],"line":213}},"s":{"0":4,"1":6,"2":0,"3":20,"4":16,"5":14,"6":2,"7":2,"8":0,"9":2,"10":5,"11":5,"12":1,"13":4,"14":4,"15":1,"16":4,"17":7,"18":4,"19":0,"20":4,"21":4,"22":4,"23":4,"24":4,"25":0,"26":4,"27":4,"28":0,"29":4,"30":4,"31":4,"32":8,"33":8,"34":0,"35":8,"36":0,"37":4,"38":4,"39":4,"40":4,"41":8,"42":8,"43":8,"44":4,"45":4,"46":1,"47":4,"48":4,"49":4,"50":0,"51":3,"52":0,"53":3,"54":4,"55":1,"56":2,"57":3,"58":2,"59":3,"60":2,"61":1,"62":1,"63":2,"64":2,"65":0,"66":2,"67":2,"68":1,"69":1,"70":4,"71":0,"72":4,"73":7,"74":1,"75":3,"76":1,"77":2,"78":0,"79":2},"f":{"0":6,"1":0,"2":20,"3":16,"4":5,"5":4,"6":7,"7":4,"8":4,"9":4,"10":4,"11":3,"12":3,"13":2,"14":4,"15":7},"b":{"0":[0,0],"1":[20,10,7],"2":[14,2],"3":[0,2],"4":[1,4],"5":[5,1],"6":[4,0],"7":[0,4],"8":[4],"9":[0,4],"10":[4,4],"11":[4,3],"12":[0,4],"13":[0,8],"14":[0,8],"15":[4,4],"16":[1,3],"17":[4,4],"18":[4,0,4,4],"19":[0,4],"20":[0,3],"21":[3,3],"22":[1,3],"23":[1,0],"24":[1,1],"25":[2,2,2],"26":[0,2],"27":[2,2],"28":[1,1],"29":[0,4],"30":[1,3],"31":[1,2],"32":[0,2]},"meta":{"lastBranch":33,"lastFunction":16,"lastStatement":80,"seen":{"s:4:40:19:Infinity":0,"f:27:9:27:14":0,"s:28:2:28:Infinity":1,"f:31:16:31:43":1,"s:32:2:32:Infinity":2,"b:32:9:32:33:32:33:32:Infinity":0,"f:35:9:35:24":2,"s:36:2:36:Infinity":3,"b:36:9:36:37:36:37:36:72:36:72:36:Infinity":1,"f:40:16:40:Infinity":3,"b:45:2:45:Infinity:undefined:undefined:undefined:undefined":2,"s:45:2:45:Infinity":4,"s:45:38:45:Infinity":5,"s:46:19:46:Infinity":6,"b:47:2:47:Infinity:undefined:undefined:undefined:undefined":3,"s:47:2:47:Infinity":7,"s:47:25:47:Infinity":8,"s:48:2:48:Infinity":9,"f:51:16:51:Infinity":4,"s:56:2:61:Infinity":10,"b:57:4:57:Infinity:undefined:undefined:undefined:undefined":4,"s:57:4:57:Infinity":11,"b:57:8:57:43:57:43:57:79":5,"s:57:79:57:Infinity":12,"b:58:4:60:Infinity:undefined:undefined:undefined:undefined":6,"s:58:4:60:Infinity":13,"s:59:6:59:Infinity":14,"s:62:2:62:Infinity":15,"f:65:16:65:Infinity":5,"s:70:22:70:Infinity":16,"f:70:35:70:43":6,"s:70:49:70:76":17,"b:71:2:71:Infinity:undefined:undefined:undefined:undefined":7,"s:71:2:71:Infinity":18,"s:71:32:71:Infinity":19,"s:72:2:72:Infinity":20,"f:72:21:72:27":7,"s:72:33:72:102":21,"f:75:16:75:Infinity":8,"b:78:18:78:Infinity":8,"s:80:16:80:Infinity":22,"s:81:14:81:Infinity":23,"b:82:2:82:Infinity:undefined:undefined:undefined:undefined":9,"s:82:2:82:Infinity":24,"b:82:6:82:29:82:29:82:48":10,"s:82:48:82:Infinity":25,"s:83:2:83:Infinity":26,"b:83:9:83:27:83:27:83:Infinity":11,"f:103:16:103:Infinity":9,"b:110:2:112:Infinity:undefined:undefined:undefined:undefined":12,"s:110:2:112:Infinity":27,"s:111:4:111:Infinity":28,"s:114:17:114:Infinity":29,"f:114:28:114:34":10,"s:114:43:114:68":30,"s:116:2:124:Infinity":31,"s:117:15:117:Infinity":32,"b:118:4:120:Infinity:undefined:undefined:undefined:undefined":13,"s:118:4:120:Infinity":33,"s:119:6:119:Infinity":34,"b:121:4:123:Infinity:undefined:undefined:undefined:undefined":14,"s:121:4:123:Infinity":35,"s:122:6:122:Infinity":36,"s:126:24:126:Infinity":37,"s:127:23:127:Infinity":38,"s:129:2:152:Infinity":39,"s:129:15:129:18":40,"s:130:17:130:Infinity":41,"s:131:15:131:Infinity":42,"b:132:4:151:Infinity:140:11:151:Infinity":15,"s:132:4:151:Infinity":43,"s:133:6:133:Infinity":44,"b:134:6:139:Infinity:undefined:undefined:undefined:undefined":16,"s:134:6:139:Infinity":45,"b:134:10:134:38:134:38:134:69":17,"s:135:8:138:Infinity":46,"s:141:6:141:Infinity":47,"s:143:9:144:Infinity":48,"b:143:9:143:29:143:29:143:Infinity:144:9:144:34:144:34:144:Infinity":18,"b:145:6:150:Infinity:undefined:undefined:undefined:undefined":19,"s:145:6:150:Infinity":49,"s:146:8:149:Infinity":50,"b:154:2:156:Infinity:undefined:undefined:undefined:undefined":20,"s:154:2:156:Infinity":51,"s:155:4:155:Infinity":52,"s:158:24:158:Infinity":53,"b:158:24:158:50:158:50:158:Infinity":21,"b:159:2:166:Infinity:undefined:undefined:undefined:undefined":22,"s:159:2:166:Infinity":54,"s:160:4:165:Infinity":55,"b:163:10:163:Infinity:164:10:164:Infinity":23,"s:168:25:168:Infinity":56,"f:168:32:168:43":11,"s:168:50:168:122":57,"s:169:24:169:Infinity":58,"f:169:31:169:42":12,"s:169:49:169:120":59,"b:170:2:172:Infinity:undefined:undefined:undefined:undefined":24,"s:170:2:172:Infinity":60,"b:170:6:170:28:170:28:170:51:170:51:170:83":25,"s:171:4:171:Infinity":61,"s:174:2:174:Infinity":62,"f:177:16:177:42":13,"s:182:20:182:Infinity":63,"b:183:2:185:Infinity:undefined:undefined:undefined:undefined":26,"s:183:2:185:Infinity":64,"b:183:6:183:27:183:27:183:63":27,"s:184:4:184:Infinity":65,"s:186:37:186:Infinity":66,"b:187:2:189:Infinity:undefined:undefined:undefined:undefined":28,"s:187:2:189:Infinity":67,"s:188:4:188:Infinity":68,"s:190:2:193:Infinity":69,"f:196:16:196:43":14,"b:204:2:206:Infinity:undefined:undefined:undefined:undefined":29,"s:204:2:206:Infinity":70,"s:205:4:205:Infinity":71,"b:207:2:209:Infinity:undefined:undefined:undefined:undefined":30,"s:207:2:209:Infinity":72,"f:207:25:207:31":15,"s:207:37:207:64":73,"s:208:4:208:Infinity":74,"b:210:2:212:Infinity:undefined:undefined:undefined:undefined":31,"s:210:2:212:Infinity":75,"s:211:4:211:Infinity":76,"b:213:2:215:Infinity:undefined:undefined:undefined:undefined":32,"s:213:2:215:Infinity":77,"s:214:4:214:Infinity":78,"s:216:2:216:Infinity":79},"fnNames":{}}}
[...]
cationDelivery","decl":{"start":{"line":557,"column":16},"end":{"line":557,"column":42}},"loc":{"start":{"line":557,"column":86},"end":{"line":561,"column":null}},"line":557},"78":{"name":"markNotificationDeliveryPendingById","decl":{"start":{"line":563,"column":16},"end":{"line":563,"column":51}},"loc":{"start":{"line":563,"column":95},"end":{"line":567,"column":null}},"line":563},"79":{"name":"markNotificationDeliverySentById","decl":{"start":{"line":569,"column":16},"end":{"line":569,"column":48}},"loc":{"start":{"line":569,"column":92},"end":{"line":573,"column":null}},"line":569},"80":{"name":"markNotificationDeliveryFailedById","decl":{"start":{"line":575,"column":16},"end":{"line":575,"column":50}},"loc":{"start":{"line":575,"column":94},"end":{"line":579,"column":null}},"line":575},"81":{"name":"markTicketOrderPaidFromWebhook","decl":{"start":{"line":581,"column":16},"end":{"line":581,"column":46}},"loc":{"start":{"line":581,"column":90},"end":{"line":585,"column":null}},"line":581},"82":{"name":"markTicketOrderFailedFromWebhook","decl":{"start":{"line":587,"column":16},"end":{"line":587,"column":48}},"loc":{"start":{"line":587,"column":92},"end":{"line":591,"column":null}},"line":587},"83":{"name":"markTicketOrderRefundedFromWebhook","decl":{"start":{"line":593,"column":16},"end":{"line":593,"column":50}},"loc":{"start":{"line":593,"column":94},"end":{"line":597,"column":null}},"line":593},"84":{"name":"upsertTicketOrderDisputeFromWebhook","decl":{"start":{"line":599,"column":16},"end":{"line":599,"column":51}},"loc":{"start":{"line":599,"column":95},"end":{"line":603,"column":null}},"line":599},"85":{"name":"getPaymentReconciliationExceptionByOrderAndType","decl":{"start":{"line":605,"column":16},"end":{"line":605,"column":63}},"loc":{"start":{"line":605,"column":107},"end":{"line":609,"column":null}},"line":605},"86":{"name":"createPaymentReconciliationException","decl":{"start":{"line":611,"column":16},"end":{"line":611,"column":52}},"loc":{"start":{"line":611,"column":96},"end":{"line":615,"column":null}},"line":611},"87":{"name":"updatePaymentReconciliationExceptionById","decl":{"start":{"line":617,"column":16},"end":{"line":617,"column":56}},"loc":{"start":{"line":617,"column":100},"end":{"line":621,"column":null}},"line":617},"88":{"name":"updateBookingPreferencesFromCallable","decl":{"start":{"line":623,"column":16},"end":{"line":623,"column":52}},"loc":{"start":{"line":623,"column":96},"end":{"line":627,"column":null}},"line":623},"89":{"name":"deleteBookingLineFromCallable","decl":{"start":{"line":629,"column":16},"end":{"line":629,"column":45}},"loc":{"start":{"line":629,"column":89},"end":{"line":633,"column":null}},"line":629},"90":{"name":"createGuestTicketRequestFromCallable","decl":{"start":{"line":635,"column":16},"end":{"line":635,"column":52}},"loc":{"start":{"line":635,"column":96},"end":{"line":639,"column":null}},"line":635},"91":{"name":"adminReviewGuestTicketRequestFromCallable","decl":{"start":{"line":641,"column":16},"end":{"line":641,"column":57}},"loc":{"start":{"line":641,"column":101},"end":{"line":645,"column":null}},"line":641},"92":{"name":"getBookingForGuestTicketCallable","decl":{"start":{"line":647,"column":16},"end":{"line":647,"column":48}},"loc":{"start":{"line":647,"column":92},"end":{"line":651,"column":null}},"line":647},"93":{"name":"getBookingForNotification","decl":{"start":{"line":653,"column":16},"end":{"line":653,"column":41}},"loc":{"start":{"line":653,"column":85},"end":{"line":657,"column":null}},"line":653},"94":{"name":"listStaleDraftBookingsForScheduler","decl":{"start":{"line":659,"column":16},"end":{"line":659,"column":50}},"loc":{"start":{"line":659,"column":94},"end":{"line":663,"column":null}},"line":659},"95":{"name":"listStalePendingTicketOrdersForScheduler","decl":{"start":{"line":665,"column":16},"end":{"line":665,"column":56}},"loc":{"start":{"line":665,"column":100},"end":{"line":669,"column":null}},"line":665},"96":{"name":"getGuestTicketRequestForNotification","decl":{"start":{"line":671,"column":16},"end":{"line":671,"column":52}},"loc":{"start":{"line":671,"column":96},"end":{"line":675,"column":null}},"line":671},"97":{"name":"createBookingDraft","decl":{"start":{"line":677,"column":16},"end":{"line":677,"column":34}},"loc":{"start":{"line":677,"column":78},"end":{"line":681,"column":null}},"line":677},"98":{"name":"addBookingLine","decl":{"start":{"line":683,"column":16},"end":{"line":683,"column":30}},"loc":{"start":{"line":683,"column":74},"end":{"line":687,"column":null}},"line":683},"99":{"name":"updateBookingStatus","decl":{"start":{"line":689,"column":16},"end":{"line":689,"column":35}},"loc":{"start":{"line":689,"column":79},"end":{"line":693,"column":null}},"line":689},"100":{"name":"createGuestTicketRequest","decl":{"start":{"line":695,"column":16},"end":{"line":695,"column":40}},"loc":{"start":{"line":695,"column":84},"end":{"line":699,"column":null}},"line":695},"101":{"name":"adminDeleteGuestTicketRequest","decl":{"start":{"line":701,"column":16},"end":{"line":701,"column":45}},"loc":{"start":{"line":701,"column":89},"end":{"line":705,"column":null}},"line":701},"102":{"name":"adminReviewGuestTicketRequest","decl":{"start":{"line":707,"column":16},"end":{"line":707,"column":45}},"loc":{"start":{"line":707,"column":89},"end":{"line":711,"column":null}},"line":707},"103":{"name":"adminDeleteBookingLine","decl":{"start":{"line":713,"column":16},"end":{"line":713,"column":38}},"loc":{"start":{"line":713,"column":82},"end":{"line":717,"column":null}},"line":713},"104":{"name":"adminDeleteBooking","decl":{"start":{"line":719,"column":16},"end":{"line":719,"column":34}},"loc":{"start":{"line":719,"column":78},"end":{"line":723,"column":null}},"line":719},"105":{"name":"resolvePaymentReconciliationException","decl":{"start":{"line":725,"column":16},"end":{"line":725,"column":53}},"loc":{"start":{"line":725,"column":97},"end":{"line":729,"column":null}},"line":725}},"branchMap":{},"s":{"0":23,"1":23,"2":23,"3":23,"4":23,"5":23,"6":23,"7":23,"8":23,"9":23,"10":23,"11":23,"12":23,"13":23,"14":0,"15":0,"16":0,"17":0,"18":0,"19":0,"20":0,"21":0,"22":0,"23":0,"24":0,"25":0,"26":0,"27":0,"28":0,"29":0,"30":0,"31":0,"32":0,"33":0,"34":0,"35":0,"36":0,"37":0,"38":0,"39":0,"40":0,"41":0,"42":0,"43":0,"44":0,"45":0,"46":0,"47":0,"48":0,"49":0,"50":0,"51":0,"52":0,"53":0,"54":0,"55":0,"56":0,"57":0,"58":0,"59":0,"60":0,"61":0,"62":0,"63":0,"64":0,"65":0,"66":0,"67":0,"68":0,"69":0,"70":0,"71":0,"72":0,"73":0,"74":0,"75":0,"76":0,"77":0,"78":0,"79":0,"80":0,"81":0,"82":0,"83":0,"84":0,"85":0,"86":0,"87":0,"88":0,"89":0,"90":0,"91":0,"92":0,"93":0,"94":0,"95":0,"96":0,"97":0,"98":0,"99":0,"100":0,"101":0,"102":0,"103":0,"104":0,"105":0,"106":0,"107":0,"108":0,"109":0,"110":0,"111":0,"112":0,"113":0,"114":0,"115":0,"116":0,"117":0,"118":0,"119":0,"120":0,"121":0,"122":0,"123":0,"124":0,"125":0,"126":0,"127":0,"128":0,"129":0,"130":0,"131":0,"132":0,"133":0,"134":0,"135":0,"136":0,"137":0,"138":0,"139":0,"140":0,"141":0,"142":0,"143":0,"144":0,"145":0,"146":0,"147":0,"148":0,"149":0,"150":0,"151":0,"152":0,"153":0,"154":0,"155":0,"156":0,"157":0,"158":0,"159":0,"160":0,"161":0,"162":0,"163":0,"164":0,"165":0,"166":0,"167":0,"168":0,"169":0,"170":0,"171":0,"172":0,"173":0,"174":0,"175":0,"176":0,"177":0,"178":0,"179":0,"180":0,"181":0,"182":0,"183":0,"184":0,"185":0,"186":0,"187":0,"188":0,"189":0,"190":0,"191":0,"192":0,"193":0,"194":0,"195":0,"196":0,"197":0,"198":0,"199":0,"200":0,"201":0,"202":0,"203":0,"204":0,"205":0,"206":0,"207":0,"208":0,"209":0,"210":0,"211":0,"212":0,"213":0,"214":0,"215":0,"216":0,"217":0,"218":0,"219":0,"220":0,"221":0,"222":0,"223":0,"224":0,"225":0,"226":0,"227":0,"228":0,"229":0,"230":0,"231":0,"232":0,"233":0,"234":0,"235":0,"236":0,"237":0,"238":0,"239":0,"240":0,"241":0,"242":0,"243":0,"244":0,"245":0,"246":0,"247":0,"248":0,"249":0,"250":0,"251":0,"252":0,"253":0,"254":0,"255":0,"256":0,"257":0,"258":0,"259":0,"260":0,"261":0,"262":0,"263":0,"264":0,"265":0,"266":0,"267":0,"268":0,"269":0,"270":0,"271":0,"272":0,"273":0,"274":0,"275":0,"276":0,"277":0,"278":0,"279":0,"280":0,"281":0,"282":0,"283":0,"284":0,"285":0,"286":0,"287":0,"288":0,"289":0,"290":0,"291":0,"292":0,"293":0,"294":0,"295":0,"296":0,"297":0,"298":0,"299":0,"300":0,"301":0,"302":0,"303":0,"304":0,"305":0,"306":0,"307":0,"308":0,"309":0,"310":0,"311":0,"312":0,"313":0,"314":0,"315":0,"316":0,"317":0,"318":0,"319":0,"320":0,"321":0,"322":0,"323":0,"324":0,"325":0,"326":0,"327":0,"328":0,"329":0,"330":0,"331":0},"f":{"0":0,"1":0,"2":0,"3":0,"4":0,"5":0,"6":0,"7":0,"8":0,"9":0,"10":0,"11":0,"12":0,"13":0,"14":0,"15":0,"16":0,"17":0,"18":0,"19":0,"20":0,"21":0,"22":0,"23":0,"24":0,"25":0,"26":0,"27":0,"28":0,"29":0,"30":0,"31":0,"32":0,"33":0,"34":0,"35":0,"36":0,"37":0,"38":0,"39":0,"40":0,"41":0,"42":0,"43":0,"44":0,"45":0,"46":0,"47":0,"48":0,"49":0,"50":0,"51":0,"52":0,"53":0,"54":0,"55":0,"56":0,"57":0,"58":0,"59":0,"60":0,"61":0,"62":0,"63":0,"64":0,"65":0,"66":0,"67":0,"68":0,"69":0,"70":0,"71":0,"72":0,"73":0,"74":0,"75":0,"76":0,"77":0,"78":0,"79":0,"80":0,"81":0,"82":0,"83":0,"84":0,"85":0,"86":0,"87":0,"88":0,"89":0,"90":0,"91":0,"92":0,"93":0,"94":0,"95":0,"96":0,"97":0,"98":0,"99":0,"100":0,"101":0,"102":0,"103":0,"104":0,"105":0},"b":{},"meta":{"lastBranch":0,"lastFunction":106,"lastStatement":332,"seen":{"s:3:46:7:Infinity":0,"s:9:29:14:Infinity":1,"s:16:40:20:Infinity":2,"s:22:32:32:Infinity":3,"s:34:35:38:Infinity":4,"s:40:42:44:Infinity":5,"s:46:52:49:Infinity":6,"s:51:50:55:Infinity":7,"s:57:42:62:Infinity":8,"s:64:27:67:Infinity":9,"s:69:39:75:Infinity":10,"s:77:30:80:Infinity":11,"s:82:33:87:Infinity":12,"s:89:31:93:1":13,"f:95:16:95:30":0,"s:96:47:96:115":14,"s:97:2:97:Infinity":15,"s:98:2:98:Infinity":16,"f:101:16:101:27":1,"s:102:64:102:154":17,"s:103:2:103:Infinity":18,"s:104:2:104:Infinity":19,"f:107:16:107:25":2,"s:108:47:108:115":20,"s:109:2:109:Infinity":21,"s:110:2:110:Infinity":22,"f:113:16:113:28":3,"s:114:47:114:115":23,"s:115:2:115:Infinity":24,"s:116:2:116:Infinity":25,"f:119:16:119:34":4,"s:120:47:120:115":26,"s:121:2:121:Infinity":27,"s:122:2:122:Infinity":28,"f:125:16:125:30":5,"s:126:47:126:115":29,"s:127:2:127:Infinity":30,"s:128:2:128:Infinity":31,"f:131:16:131:35":6,"s:132:47:132:115":32,"s:133:2:133:Infinity":33,"s:134:2:134:Infinity":34,"f:137:16:137:38":7,"s:138:47:138:115":35,"s:139:2:139:Infinity":36,"s:140:2:140:Infinity":37,"f:143:16:143:39":8,"s:144:64:144:154":38,"s:145:2:145:Infinity":39,"s:146:2:146:Infinity":40,"f:149:16:149:39":9,"s:150:64:150:154":41,"s:151:2:151:Infinity":42,"s:152:2:152:Infinity":43,"f:155:16:155:39":10,"s:156:64:156:154":44,"s:157:2:157:Infinity":45,"s:158:2:158:Infinity":46,"f:161:16:161:35":11,"s:162:64:162:154":47,"s:163:2:163:Infinity":48,"s:164:2:164:Infinity":49,"f:167:16:167:28":12,"s:168:64:168:154":50,"s:169:2:169:Infinity":51,"s:170:2:170:Infinity":52,"f:173:16:173:30":13,"s:174:64:174:154":53,"s:175:2:175:Infinity":54,"s:176:2:176:Infinity":55,"f:179:16:179:32":14,"s:180:64:180:154":56,"s:181:2:181:Infinity":57,"s:182:2:182:Infinity":58,"f:185:16:185:44":15,"s:186:47:186:115":59,"s:187:2:187:Infinity":60,"s:188:2:188:Infinity":61,"f:191:16:191:33":16,"s:192:64:192:154":62,"s:193:2:193:Infinity":63,"s:194:2:194:Infinity":64,"f:197:16:197:37":17,"s:198:64:198:154":65,"s:199:2:199:Infinity":66,"s:200:2:200:Infinity":67,"f:203:16:203:29":18,"s:204:47:204:115":68,"s:205:2:205:Infinity":69,"s:206:2:206:Infinity":70,"f:209:16:209:36":19,"s:210:64:210:154":71,"s:211:2:211:Infinity":72,"s:212:2:212:Infinity":73,"f:215:16:215:33":20,"s:216:47:216:115":74,"s:217:2:217:Infinity":75,"s:218:2:218:Infinity":76,"f:221:16:221:46":21,"s:222:47:222:115":77,"s:223:2:223:Infinity":78,"s:224:2:224:Infinity":79,"f:227:16:227:41":22,"s:228:64:228:154":80,"s:229:2:229:Infinity":81,"s:230:2:230:Infinity":82,"f:233:16:233:47":23,"s:234:64:234:154":83,"s:235:2:235:Infinity":84,"s:236:2:236:Infinity":85,"f:239:16:239:40":24,"s:240:64:240:154":86,"s:241:2:241:Infinity":87,"s:242:2:242:Infinity":88,"f:245:16:245:53":25,"s:246:64:246:154":89,"s:247:2:247:Infinity":90,"s:248:2:248:Infinity":91,"f:251:16:251:55":26,"s:252:47:252:115":92,"s:253:2:253:Infinity":93,"s:254:2:254:Infinity":94,"f:257:16:257:29":27,"s:258:64:258:154":95,"s:259:2:259:Infinity":96,"s:260:2:260:Infinity":97,"f:263:16:263:31":28,"s:264:64:264:154":98,"s:265:2:265:Infinity":99,"s:266:2:266:Infinity":100,"f:269:16:269:34":29,"s:270:64:270:154":101,"s:271:2:271:Infinity":102,"s:272:2:272:Infinity":103,"f:275:16:275:39":30,"s:276:64:276:154":104,"s:277:2:277:Infinity":105,"s:278:2:278:Infinity":106,"f:281:16:281:49":31,"s:282:64:282:154":107,"s:283:2:283:Infinity":108,"s:284:2:284:Infinity":109,"f:287:16:287:52":32,"s:288:64:288:154":110,"s:289:2:289:Infinity":111,"s:290:2:290:Infinity":112,"f:293:16:293:31":33,"s:294:64:294:154":113,"s:295:2:295:Infinity":114,"s:296:2:296:Infinity":115,"f:299:16:299:31":34,"s:300:64:300:154":116,"s:301:2:301:Infinity":117,"s:302:2:302:Infinity":118,"f:305:16:305:29":35,"s:306:64:306:154":119,"s:307:2:307:Infinity":120,"s:308:2:308:Infinity":121,"f:311:16:311:29":36,"s:312:64:312:154":122,"s:313:2:313:Infinity":123,"s:314:2:314:Infinity":124,"f:317:16:317:27":37,"s:318:64:318:154":125,"s:319:2:319:Infinity":126,"s:320:2:320:Infinity":127,"f:323:16:323:27":38,"s:324:64:324:154":128,"s:325:2:325:Infinity":129,"s:326:2:326:Infinity":130,"f:329:16:329:27":39,"s:330:64:330:154":131,"s:331:2:331:Infinity":132,"s:332:2:332:Infinity":133,"f:335:16:335:32":40,"s:336:64:336:154":134,"s:337:2:337:Infinity":135,"s:338:2:338:Infinity":136,"f:341:16:341:32":41,"s:342:64:342:154":137,"s:343:2:343:Infinity":138,"s:344:2:344:Infinity":139,"f:347:16:347:32":42,"s:348:64:348:154":140,"s:349:2:349:Infinity":141,"s:350:2:350:Infinity":142,"f:353:16:353:33":43,"s:354:64:354:154":143,"s:355:2:355:Infinity":144,"s:356:2:356:Infinity":145,"f:359:16:359:26":44,"s:360:64:360:154":146,"s:361:2:361:Infinity":147,"s:362:2:362:Infinity":148,"f:365:16:365:26":45,"s:366:64:366:154":149,"s:367:2:367:Infinity":150,"s:368:2:368:Infinity":151,"f:371:16:371:34":46,"s:372:64:372:154":152,"s:373:2:373:Infinity":153,"s:374:2:374:Infinity":154,"f:377:16:377:37":47,"s:378:64:378:154":155,"s:379:2:379:Infinity":156,"s:380:2:380:Infinity":157,"f:383:16:383:36":48,"s:384:64:384:154":158,"s:385:2:385:Infinity":159,"s:386:2:386:Infinity":160,"f:389:16:389:40":49,"s:390:64:390:154":161,"s:391:2:391:Infinity":162,"s:392:2:392:Infinity":163,"f:395:16:395:42":50,"s:396:64:396:154":164,"s:397:2:397:Infinity":165,"s:398:2:398:Infinity":166,"f:401:16:401:26":51,"s:402:64:402:154":167,"s:403:2:403:Infinity":168,"s:404:2:404:Infinity":169,"f:407:16:407:26":52,"s:408:64:408:154":170,"s:409:2:409:Infinity":171,"s:410:2:410:Infinity":172,"f:413:16:413:36":53,"s:414:64:414:154":173,"s:415:2:415:Infinity":174,"s:416:2:416:Infinity":175,"f:419:16:419:39":54,"s:420:64:420:154":176,"s:421:2:421:Infinity":177,"s:422:2:422:Infinity":178,"f:425:16:425:44":55,"s:426:64:426:154":179,"s:427:2:427:Infinity":180,"s:428:2:428:Infinity":181,"f:431:16:431:34":56,"s:432:64:432:154":182,"s:433:2:433:Infinity":183,"s:434:2:434:Infinity":184,"f:437:16:437:41":57,"s:438:64:438:154":185,"s:439:2:439:Infinity":186,"s:440:2:440:Infinity":187,"f:443:16:443:34":58,"s:444:64:444:154":188,"s:445:2:445:Infinity":189,"s:446:2:446:Infinity":190,"f:449:16:449:40":59,"s:450:64:450:154":191,"s:451:2:451:Infinity":192,"s:452:2:452:Infinity":193,"f:455:16:455:42":60,"s:456:64:456:154":194,"s:457:2:457:Infinity":195,"s:458:2:458:Infinity":196,"f:461:16:461:39":61,"s:462:64:462:154":197,"s:463:2:463:Infinity":198,"s:464:2:464:Infinity":199,"f:467:16:467:41":62,"s:468:64:468:154":200,"s:469:2:469:Infinity":201,"s:470:2:470:Infinity":202,"f:473:16:473:44":63,"s:474:64:474:154":203,"s:475:2:475:Infinity":204,"s:476:2:476:Infinity":205,"f:479:16:479:48":64,"s:480:64:480:154":206,"s:481:2:481:Infinity":207,"s:482:2:482:Infinity":208,"f:485:16:485:41":65,"s:486:64:486:154":209,"s:487:2:487:Infinity":210,"s:488:2:488:Infinity":211,"f:491:16:491:49":66,"s:492:64:492:154":212,"s:493:2:493:Infinity":213,"s:494:2:494:Infinity":214,"f:497:16:497:49":67,"s:498:64:498:154":215,"s:499:2:499:Infinity":216,"s:500:2:500:Infinity":217,"f:503:16:503:58":68,"s:504:64:504:154":218,"s:505:2:505:Infinity":219,"s:506:2:506:Infinity":220,"f:509:16:509:42":69,"s:510:64:510:154":221,"s:511:2:511:Infinity":222,"s:512:2:512:Infinity":223,"f:515:16:515:47":70,"s:516:64:516:154":224,"s:517:2:517:Infinity":225,"s:518:2:518:Infinity":226,"f:521:16:521:44":71,"s:522:64:522:154":227,"s:523:2:523:Infinity":228,"s:524:2:524:Infinity":229,"f:527:16:527:40":72,"s:528:64:528:154":230,"s:529:2:529:Infinity":231,"s:530:2:530:Infinity":232,"f:533:16:533:56":73,"s:534:64:534:154":233,"s:535:2:535:Infinity":234,"s:536:2:536:Infinity":235,"f:539:16:539:53":74,"s:540:64:540:154":236,"s:541:2:541:Infinity":237,"s:542:2:542:Infinity":238,"f:545:16:545:41":75,"s:546:64:546:154":239,"s:547:2:547:Infinity":240,"s:548:2:548:Infinity":241,"f:551:16:551:54":76,"s:552:64:552:154":242,"s:553:2:553:Infinity":243,"s:554:2:554:Infinity":244,"f:557:16:557:42":77,"s:558:64:558:154":245,"s:559:2:559:Infinity":246,"s:560:2:560:Infinity":247,"f:563:16:563:51":78,"s:564:64:564:154":248,"s:565:2:565:Infinity":249,"s:566:2:566:Infinity":250,"f:569:16:569:48":79,"s:570:64:570:154":251,"s:571:2:571:Infinity":252,"s:572:2:572:Infinity":253,"f:575:16:575:50":80,"s:576:64:576:154":254,"s:577:2:577:Infinity":255,"s:578:2:578:Infinity":256,"f:581:16:581:46":81,"s:582:64:582:154":257,"s:583:2:583:Infinity":258,"s:584:2:584:Infinity":259,"f:587:16:587:48":82,"s:588:64:588:154":260,"s:589:2:589:Infinity":261,"s:590:2:590:Infinity":262,"f:593:16:593:50":83,"s:594:64:594:154":263,"s:595:2:595:Infinity":264,"s:596:2:596:Infinity":265,"f:599:16:599:51":84,"s:600:64:600:154":266,"s:601:2:601:Infinity":267,"s:602:2:602:Infinity":268,"f:605:16:605:63":85,"s:606:64:606:154":269,"s:607:2:607:Infinity":270,"s:608:2:608:Infinity":271,"f:611:16:611:52":86,"s:612:64:612:154":272,"s:613:2:613:Infinity":273,"s:614:2:614:Infinity":274,"f:617:16:617:56":87,"s:618:64:618:154":275,"s:619:2:619:Infinity":276,"s:620:2:620:Infinity":277,"f:623:16:623:52":88,"s:624:64:624:154":278,"s:625:2:625:Infinity":279,"s:626:2:626:Infinity":280,"f:629:16:629:45":89,"s:630:64:630:154":281,"s:631:2:631:Infinity":282,"s:632:2:632:Infinity":283,"f:635:16:635:52":90,"s:636:64:636:154":284,"s:637:2:637:Infinity":285,"s:638:2:638:Infinity":286,"f:641:16:641:57":91,"s:642:64:642:154":287,"s:643:2:643:Infinity":288,"s:644:2:644:Infinity":289,"f:647:16:647:48":92,"s:648:64:648:154":290,"s:649:2:649:Infinity":291,"s:650:2:650:Infinity":292,"f:653:16:653:41":93,"s:654:64:654:154":293,"s:655:2:655:Infinity":294,"s:656:2:656:Infinity":295,"f:659:16:659:50":94,"s:660:64:660:154":296,"s:661:2:661:Infinity":297,"s:662:2:662:Infinity":298,"f:665:16:665:56":95,"s:666:64:666:154":299,"s:667:2:667:Infinity":300,"s:668:2:668:Infinity":301,"f:671:16:671:52":96,"s:672:64:672:154":302,"s:673:2:673:Infinity":303,"s:674:2:674:Infinity":304,"f:677:16:677:34":97,"s:678:64:678:154":305,"s:679:2:679:Infinity":306,"s:680:2:680:Infinity":307,"f:683:16:683:30":98,"s:684:64:684:154":308,"s:685:2:685:Infinity":309,"s:686:2:686:Infinity":310,"f:689:16:689:35":99,"s:690:64:690:154":311,"s:691:2:691:Infinity":312,"s:692:2:692:Infinity":313,"f:695:16:695:40":100,"s:696:64:696:154":314,"s:697:2:697:Infinity":315,"s:698:2:698:Infinity":316,"f:701:16:701:45":101,"s:702:64:702:154":317,"s:703:2:703:Infinity":318,"s:704:2:704:Infinity":319,"f:707:16:707:45":102,"s:708:64:708:154":320,"s:709:2:709:Infinity":321,"s:710:2:710:Infinity":322,"f:713:16:713:38":103,"s:714:64:714:154":323,"s:715:2:715:Infinity":324,"s:716:2:716:Infinity":325,"f:719:16:719:34":104,"s:720:64:720:154":326,"s:721:2:721:Infinity":327,"s:722:2:722:Infinity":328,"f:725:16:725:53":105,"s:726:64:726:154":329,"s:727:2:727:Infinity":330,"s:728:2:728:Infinity":331},"fnNames":{}}}
}
