{"/Users/jack/Dev/SODC/sodc-web/src/App.tsx": {"path":"/Users/jack/Dev/SODC/sodc-web/src/App.tsx","statementMap":{"0":{"start":{"line":31,"column":6},"end":{"line":31,"column":null}},"1":{"start":{"line":31,"column":28},"end":{"line":31,"column":null}},"2":{"start":{"line":32,"column":6},"end":{"line":32,"column":null}},"3":{"start":{"line":32,"column":27},"end":{"line":32,"column":null}},"4":{"start":{"line":33,"column":6},"end":{"line":33,"column":null}},"5":{"start":{"line":33,"column":31},"end":{"line":33,"column":null}},"6":{"start":{"line":34,"column":6},"end":{"line":34,"column":null}},"7":{"start":{"line":34,"column":32},"end":{"line":34,"column":null}},"8":{"start":{"line":35,"column":6},"end":{"line":35,"column":null}},"9":{"start":{"line":35,"column":30},"end":{"line":35,"column":null}},"10":{"start":{"line":36,"column":6},"end":{"line":36,"column":null}},"11":{"start":{"line":36,"column":29},"end":{"line":36,"column":null}},"12":{"start":{"line":37,"column":6},"end":{"line":37,"column":null}},"13":{"start":{"line":37,"column":34},"end":{"line":37,"column":null}},"14":{"start":{"line":38,"column":6},"end":{"line":38,"column":null}},"15":{"start":{"line":38,"column":50},"end":{"line":38,"column":null}},"16":{"start":{"line":39,"column":6},"end":{"line":39,"column":null}},"17":{"start":{"line":39,"column":32},"end":{"line":39,"column":null}},"18":{"start":{"line":40,"column":6},"end":{"line":40,"column":null}},"19":{"start":{"line":40,"column":33},"end":{"line":40,"column":null}},"20":{"start":{"line":41,"column":6},"end":{"line":41,"column":null}},"21":{"start":{"line":41,"column":30},"end":{"line":41,"column":null}},"22":{"start":{"line":42,"column":6},"end":{"line":42,"column":null}},"23":{"start":{"line":42,"column":30},"end":{"line":42,"column":null}},"24":{"start":{"line":43,"column":6},"end":{"line":43,"column":null}},"25":{"start":{"line":43,"column":40},"end":{"line":43,"column":null}},"26":{"start":{"line":44,"column":6},"end":{"line":44,"column":null}},"27":{"start":{"line":44,"column":37},"end":{"line":44,"column":null}},"28":{"start":{"line":45,"column":6},"end":{"line":45,"column":null}},"29":{"start":{"line":45,"column":44},"end":{"line":45,"column":null}},"30":{"start":{"line":46,"column":6},"end":{"line":46,"column":null}},"31":{"start":{"line":46,"column":37},"end":{"line":46,"column":null}},"32":{"start":{"line":47,"column":6},"end":{"line":47,"column":null}},"33":{"start":{"line":47,"column":34},"end":{"line":47,"column":null}},"34":{"start":{"line":48,"column":6},"end":{"line":48,"column":null}},"35":{"start":{"line":48,"column":39},"end":{"line":48,"column":null}},"36":{"start":{"line":49,"column":6},"end":{"line":49,"column":null}},"37":{"start":{"line":49,"column":32},"end":{"line":49,"column":null}},"38":{"start":{"line":50,"column":6},"end":{"line":50,"column":null}},"39":{"start":{"line":50,"column":35},"end":{"line":50,"column":null}},"40":{"start":{"line":53,"column":24},"end":{"line":56,"column":null}},"41":{"start":{"line":54,"column":2},"end":{"line":56,"column":null}},"42":{"start":{"line":60,"column":20},"end":{"line":60,"column":null}},"43":{"start":{"line":61,"column":8},"end":{"line":61,"column":null}},"44":{"start":{"line":62,"column":8},"end":{"line":62,"column":null}},"45":{"start":{"line":63,"column":2},"end":{"line":65,"column":null}},"46":{"start":{"line":64,"column":4},"end":{"line":64,"column":null}},"47":{"start":{"line":67,"column":21},"end":{"line":69,"column":null}},"48":{"start":{"line":68,"column":4},"end":{"line":68,"column":null}},"49":{"start":{"line":71,"column":2},"end":{"line":71,"column":null}},"50":{"start":{"line":75,"column":8},"end":{"line":75,"column":null}},"51":{"start":{"line":76,"column":8},"end":{"line":76,"column":null}},"52":{"start":{"line":77,"column":8},"end":{"line":79,"column":null}},"53":{"start":{"line":78,"column":4},"end":{"line":78,"column":null}},"54":{"start":{"line":86,"column":2},"end":{"line":86,"column":null}},"55":{"start":{"line":87,"column":52},"end":{"line":87,"column":null}},"56":{"start":{"line":88,"column":8},"end":{"line":88,"column":null}},"57":{"start":{"line":89,"column":40},"end":{"line":89,"column":null}},"58":{"start":{"line":90,"column":44},"end":{"line":90,"column":null}},"59":{"start":{"line":91,"column":8},"end":{"line":91,"column":null}},"60":{"start":{"line":92,"column":8},"end":{"line":92,"column":null}},"61":{"start":{"line":93,"column":54},"end":{"line":93,"column":null}},"62":{"start":{"line":97,"column":2},"end":{"line":101,"column":null}},"63":{"start":{"line":102,"column":33},"end":{"line":102,"column":null}},"64":{"start":{"line":104,"column":2},"end":{"line":106,"column":null}},"65":{"start":{"line":105,"column":4},"end":{"line":105,"column":null}},"66":{"start":{"line":108,"column":8},"end":{"line":113,"column":null}},"67":{"start":{"line":110,"column":4},"end":{"line":112,"column":null}},"68":{"start":{"line":111,"column":6},"end":{"line":111,"column":null}},"69":{"start":{"line":116,"column":27},"end":{"line":116,"column":null}},"70":{"start":{"line":118,"column":8},"end":{"line":121,"column":null}},"71":{"start":{"line":119,"column":4},"end":{"line":119,"column":null}},"72":{"start":{"line":123,"column":8},"end":{"line":129,"column":null}},"73":{"start":{"line":124,"column":11},"end":{"line":127,"column":null}},"74":{"start":{"line":126,"column":21},"end":{"line":126,"column":null}},"75":{"start":{"line":130,"column":8},"end":{"line":131,"column":null}},"76":{"start":{"line":132,"column":8},"end":{"line":133,"column":null}},"77":{"start":{"line":136,"column":4},"end":{"line":146,"column":null}},"78":{"start":{"line":139,"column":28},"end":{"line":139,"column":null}},"79":{"start":{"line":140,"column":28},"end":{"line":140,"column":null}},"80":{"start":{"line":141,"column":36},"end":{"line":141,"column":null}},"81":{"start":{"line":142,"column":31},"end":{"line":142,"column":null}},"82":{"start":{"line":143,"column":31},"end":{"line":143,"column":null}},"83":{"start":{"line":144,"column":25},"end":{"line":144,"column":null}},"84":{"start":{"line":145,"column":47},"end":{"line":145,"column":72}},"85":{"start":{"line":149,"column":2},"end":{"line":166,"column":null}},"86":{"start":{"line":150,"column":4},"end":{"line":164,"column":null}},"87":{"start":{"line":168,"column":2},"end":{"line":201,"column":null}},"88":{"start":{"line":169,"column":4},"end":{"line":199,"column":null}},"89":{"start":{"line":193,"column":42},"end":{"line":193,"column":null}},"90":{"start":{"line":203,"column":2},"end":{"line":216,"column":null}},"91":{"start":{"line":207,"column":4},"end":{"line":214,"column":null}},"92":{"start":{"line":218,"column":2},"end":{"line":228,"column":null}},"93":{"start":{"line":219,"column":4},"end":{"line":226,"column":null}},"94":{"start":{"line":230,"column":2},"end":{"line":238,"column":null}},"95":{"start":{"line":231,"column":4},"end":{"line":236,"column":null}},"96":{"start":{"line":240,"column":2},"end":{"line":284,"column":null}},"97":{"start":{"line":242,"column":6},"end":{"line":254,"column":null}},"98":{"start":{"line":255,"column":29},"end":{"line":255,"column":null}},"99":{"start":{"line":257,"column":4},"end":{"line":282,"column":null}},"100":{"start":{"line":286,"column":36},"end":{"line":288,"column":null}},"101":{"start":{"line":287,"column":4},"end":{"line":287,"column":null}},"102":{"start":{"line":290,"column":25},"end":{"line":292,"column":null}},"103":{"start":{"line":291,"column":4},"end":{"line":291,"column":null}},"104":{"start":{"line":294,"column":26},"end":{"line":318,"column":null}},"105":{"start":{"line":295,"column":4},"end":{"line":297,"column":null}},"106":{"start":{"line":296,"column":6},"end":{"line":296,"column":null}},"107":{"start":{"line":298,"column":4},"end":{"line":300,"column":null}},"108":{"start":{"line":299,"column":6},"end":{"line":299,"column":null}},"109":{"start":{"line":301,"column":4},"end":{"line":316,"column":null}},"110":{"start":{"line":313,"column":50},"end":{"line":313,"column":73}},"111":{"start":{"line":320,"column":25},"end":{"line":334,"column":null}},"112":{"start":{"line":321,"column":4},"end":{"line":323,"column":null}},"113":{"start":{"line":322,"column":6},"end":{"line":322,"column":null}},"114":{"start":{"line":324,"column":4},"end":{"line":326,"column":null}},"115":{"start":{"line":325,"column":6},"end":{"line":325,"column":null}},"116":{"start":{"line":327,"column":4},"end":{"line":329,"column":null}},"117":{"start":{"line":328,"column":6},"end":{"line":328,"column":null}},"118":{"start":{"line":330,"column":4},"end":{"line":332,"column":null}},"119":{"start":{"line":331,"column":6},"end":{"line":331,"column":null}},"120":{"start":{"line":333,"column":4},"end":{"line":333,"column":null}},"121":{"start":{"line":336,"column":2},"end":{"line":595,"column":null}},"122":{"start":{"line":369,"column":33},"end":{"line":369,"column":null}},"123":{"start":{"line":413,"column":45},"end":{"line":413,"column":null}},"124":{"start":{"line":414,"column":46},"end":{"line":414,"column":null}},"125":{"start":{"line":443,"column":48},"end":{"line":443,"column":null}},"126":{"start":{"line":484,"column":42},"end":{"line":484,"column":null}},"127":{"start":{"line":506,"column":42},"end":{"line":506,"column":null}},"128":{"start":{"line":518,"column":159},"end":{"line":518,"column":188}},"129":{"start":{"line":519,"column":162},"end":{"line":519,"column":191}},"130":{"start":{"line":520,"column":156},"end":{"line":520,"column":185}},"131":{"start":{"line":525,"column":68},"end":{"line":525,"column":null}},"132":{"start":{"line":527,"column":49},"end":{"line":527,"column":78}},"133":{"start":{"line":536,"column":80},"end":{"line":536,"column":null}},"134":{"start":{"line":538,"column":70},"end":{"line":538,"column":99}},"135":{"start":{"line":547,"column":73},"end":{"line":547,"column":null}},"136":{"start":{"line":549,"column":54},"end":{"line":549,"column":83}},"137":{"start":{"line":558,"column":48},"end":{"line":558,"column":77}},"138":{"start":{"line":566,"column":48},"end":{"line":566,"column":77}},"139":{"start":{"line":575,"column":40},"end":{"line":575,"column":null}},"140":{"start":{"line":577,"column":28},"end":{"line":579,"column":null}},"141":{"start":{"line":600,"column":2},"end":{"line":600,"column":null}}},"fnMap":{"0":{"name":"(anonymous_0)","decl":{"start":{"line":31,"column":22},"end":{"line":31,"column":28}},"loc":{"start":{"line":31,"column":28},"end":{"line":31,"column":null}},"line":31},"1":{"name":"(anonymous_1)","decl":{"start":{"line":32,"column":21},"end":{"line":32,"column":27}},"loc":{"start":{"line":32,"column":27},"end":{"line":32,"column":null}},"line":32},"2":{"name":"(anonymous_2)","decl":{"start":{"line":33,"column":25},"end":{"line":33,"column":31}},"loc":{"start":{"line":33,"column":31},"end":{"line":33,"column":null}},"line":33},"3":{"name":"(anonymous_3)","decl":{"start":{"line":34,"column":26},"end":{"line":34,"column":32}},"loc":{"start":{"line":34,"column":32},"end":{"line":34,"column":null}},"line":34},"4":{"name":"(anonymous_4)","decl":{"start":{"line":35,"column":24},"end":{"line":35,"column":30}},"loc":{"start":{"line":35,"column":30},"end":{"line":35,"column":null}},"line":35},"5":{"name":"(anonymous_5)","decl":{"start":{"line":36,"column":23},"end":{"line":36,"column":29}},"loc":{"start":{"line":36,"column":29},"end":{"line":36,"column":null}},"line":36},"6":{"name":"(anonymous_6)","decl":{"start":{"line":37,"column":28},"end":{"line":37,"column":34}},"loc":{"start":{"line":37,"column":34},"end":{"line":37,"column":null}},"line":37},"7":{"name":"(anonymous_7)","decl":{"start":{"line":38,"column":44},"end":{"line":38,"column":50}},"loc":{"start":{"line":38,"column":50},"end":{"line":38,"column":null}},"line":38},"8":{"name":"(anonymous_8)","decl":{"start":{"line":39,"column":26},"end":{"line":39,"column":32}},"loc":{"start":{"line":39,"column":32},"end":{"line":39,"column":null}},"line":39},"9":{"name":"(anonymous_9)","decl":{"start":{"line":40,"column":27},"end":{"line":40,"column":33}},"loc":{"start":{"line":40,"column":33},"end":{"line":40,"column":null}},"line":40},"10":{"name":"(anonymous_10)","decl":{"start":{"line":41,"column":24},"end":{"line":41,"column":30}},"loc":{"start":{"line":41,"column":30},"end":{"line":41,"column":null}},"line":41},"11":{"name":"(anonymous_11)","decl":{"start":{"line":42,"column":24},"end":{"line":42,"column":30}},"loc":{"start":{"line":42,"column":30},"end":{"line":42,"column":null}},"line":42},"12":{"name":"(anonymous_12)","decl":{"start":{"line":43,"column":34},"end":{"line":43,"column":40}},"loc":{"start":{"line":43,"column":40},"end":{"line":43,"column":null}},"line":43},"13":{"name":"(anonymous_13)","decl":{"start":{"line":44,"column":31},"end":{"line":44,"column":37}},"loc":{"start":{"line":44,"column":37},"end":{"line":44,"column":null}},"line":44},"14":{"name":"(anonymous_14)","decl":{"start":{"line":45,"column":38},"end":{"line":45,"column":44}},"loc":{"start":{"line":45,"column":44},"end":{"line":45,"column":null}},"line":45},"15":{"name":"(anonymous_15)","decl":{"start":{"line":46,"column":31},"end":{"line":46,"column":37}},"loc":{"start":{"line":46,"column":37},"end":{"line":46,"column":null}},"line":46},"16":{"name":"(anonymous_16)","decl":{"start":{"line":47,"column":28},"end":{"line":47,"column":34}},"loc":{"start":{"line":47,"column":34},"end":{"line":47,"column":null}},"line":47},"17":{"name":"(anonymous_17)","decl":{"start":{"line":48,"column":33},"end":{"line":48,"column":39}},"loc":{"start":{"line":48,"column":39},"end":{"line":48,"column":null}},"line":48},"18":{"name":"(anonymous_18)","decl":{"start":{"line":49,"column":26},"end":{"line":49,"column":32}},"loc":{"start":{"line":49,"column":32},"end":{"line":49,"column":null}},"line":49},"19":{"name":"(anonymous_19)","decl":{"start":{"line":50,"column":29},"end":{"line":50,"column":35}},"loc":{"start":{"line":50,"column":35},"end":{"line":50,"column":null}},"line":50},"20":{"name":"(anonymous_20)","decl":{"start":{"line":53,"column":24},"end":{"line":53,"column":null}},"loc":{"start":{"line":54,"column":2},"end":{"line":56,"column":null}},"line":54},"21":{"name":"SectionDetailRoute","decl":{"start":{"line":59,"column":9},"end":{"line":59,"column":30}},"loc":{"start":{"line":59,"column":30},"end":{"line":72,"column":null}},"line":59},"22":{"name":"(anonymous_22)","decl":{"start":{"line":67,"column":21},"end":{"line":67,"column":27}},"loc":{"start":{"line":67,"column":27},"end":{"line":69,"column":null}},"line":67},"23":{"name":"AppContent","decl":{"start":{"line":74,"column":9},"end":{"line":74,"column":22}},"loc":{"start":{"line":74,"column":22},"end":{"line":597,"column":null}},"line":74},"24":{"name":"(anonymous_24)","decl":{"start":{"line":77,"column":38},"end":{"line":77,"column":44}},"loc":{"start":{"line":77,"column":44},"end":{"line":79,"column":5}},"line":77},"25":{"name":"(anonymous_25)","decl":{"start":{"line":104,"column":12},"end":{"line":104,"column":18}},"loc":{"start":{"line":104,"column":18},"end":{"line":106,"column":5}},"line":104},"26":{"name":"(anonymous_26)","decl":{"start":{"line":108,"column":42},"end":{"line":108,"column":48}},"loc":{"start":{"line":108,"column":48},"end":{"line":113,"column":5}},"line":108},"27":{"name":"(anonymous_27)","decl":{"start":{"line":119,"column":4},"end":{"line":119,"column":10}},"loc":{"start":{"line":119,"column":4},"end":{"line":119,"column":null}},"line":119},"28":{"name":"(anonymous_28)","decl":{"start":{"line":124,"column":4},"end":{"line":124,"column":11}},"loc":{"start":{"line":124,"column":11},"end":{"line":127,"column":null}},"line":124},"29":{"name":"(anonymous_29)","decl":{"start":{"line":126,"column":15},"end":{"line":126,"column":21}},"loc":{"start":{"line":126,"column":21},"end":{"line":126,"column":null}},"line":126},"30":{"name":"(anonymous_30)","decl":{"start":{"line":139,"column":22},"end":{"line":139,"column":28}},"loc":{"start":{"line":139,"column":28},"end":{"line":139,"column":null}},"line":139},"31":{"name":"(anonymous_31)","decl":{"start":{"line":140,"column":22},"end":{"line":140,"column":28}},"loc":{"start":{"line":140,"column":28},"end":{"line":140,"column":null}},"line":140},"32":{"name":"(anonymous_32)","decl":{"start":{"line":141,"column":30},"end":{"line":141,"column":36}},"loc":{"start":{"line":141,"column":36},"end":{"line":141,"column":null}},"line":141},"33":{"name":"(anonymous_33)","decl":{"start":{"line":142,"column":25},"end":{"line":142,"column":31}},"loc":{"start":{"line":142,"column":31},"end":{"line":142,"column":null}},"line":142},"34":{"name":"(anonymous_34)","decl":{"start":{"line":143,"column":25},"end":{"line":143,"column":31}},"loc":{"start":{"line":143,"column":31},"end":{"line":143,"column":null}},"line":143},"35":{"name":"(anonymous_35)","decl":{"start":{"line":144,"column":19},"end":{"line":144,"column":25}},"loc":{"start":{"line":144,"column":25},"end":{"line":144,"column":null}},"line":144},"36":{"name":"(anonymous_36)","decl":{"start":{"line":145,"column":41},"end":{"line":145,"column":47}},"loc":{"start":{"line":145,"column":47},"end":{"line":145,"column":72}},"line":145},"37":{"name":"(anonymous_37)","decl":{"start":{"line":193,"column":30},"end":{"line":193,"column":42}},"loc":{"start":{"line":193,"column":42},"end":{"line":193,"column":null}},"line":193},"38":{"name":"(anonymous_38)","decl":{"start":{"line":286,"column":36},"end":{"line":286,"column":42}},"loc":{"start":{"line":286,"column":42},"end":{"line":288,"column":null}},"line":286},"39":{"name":"(anonymous_39)","decl":{"start":{"line":290,"column":25},"end":{"line":290,"column":26}},"loc":{"start":{"line":290,"column":52},"end":{"line":292,"column":null}},"line":290},"40":{"name":"(anonymous_40)","decl":{"start":{"line":294,"column":26},"end":{"line":294,"column":27}},"loc":{"start":{"line":294,"column":68},"end":{"line":318,"column":null}},"line":294},"41":{"name":"(anonymous_41)","decl":{"start":{"line":313,"column":44},"end":{"line":313,"column":50}},"loc":{"start":{"line":313,"column":50},"end":{"line":313,"column":73}},"line":313},"42":{"name":"(anonymous_42)","decl":{"start":{"line":320,"column":25},"end":{"line":320,"column":26}},"loc":{"start":{"line":320,"column":52},"end":{"line":334,"column":null}},"line":320},"43":{"name":"(anonymous_43)","decl":{"start":{"line":369,"column":27},"end":{"line":369,"column":33}},"loc":{"start":{"line":369,"column":33},"end":{"line":369,"column":null}},"line":369},"44":{"name":"(anonymous_44)","decl":{"start":{"line":413,"column":39},"end":{"line":413,"column":45}},"loc":{"start":{"line":413,"column":45},"end":{"line":413,"column":null}},"line":413},"45":{"name":"(anonymous_45)","decl":{"start":{"line":414,"column":40},"end":{"line":414,"column":46}},"loc":{"start":{"line":414,"column":46},"end":{"line":414,"column":null}},"line":414},"46":{"name":"(anonymous_46)","decl":{"start":{"line":443,"column":42},"end":{"line":443,"column":48}},"loc":{"start":{"line":443,"column":48},"end":{"line":443,"column":null}},"line":443},"47":{"name":"(anonymous_47)","decl":{"start":{"line":484,"column":36},"end":{"line":484,"column":42}},"loc":{"start":{"line":484,"column":42},"end":{"line":484,"column":null}},"line":484},"48":{"name":"(anonymous_48)","decl":{"start":{"line":506,"column":36},"end":{"line":506,"column":42}},"loc":{"start":{"line":506,"column":42},"end":{"line":506,"column":null}},"line":506},"49":{"name":"(anonymous_49)","decl":{"start":{"line":518,"column":153},"end":{"line":518,"column":159}},"loc":{"start":{"line":518,"column":159},"end":{"line":518,"column":188}},"line":518},"50":{"name":"(anonymous_50)","decl":{"start":{"line":519,"column":156},"end":{"line":519,"column":162}},"loc":{"start":{"line":519,"column":162},"end":{"line":519,"column":191}},"line":519},"51":{"name":"(anonymous_51)","decl":{"start":{"line":520,"column":150},"end":{"line":520,"column":156}},"loc":{"start":{"line":520,"column":156},"end":{"line":520,"column":185}},"line":520},"52":{"name":"(anonymous_52)","decl":{"start":{"line":525,"column":62},"end":{"line":525,"column":68}},"loc":{"start":{"line":525,"column":68},"end":{"line":525,"column":null}},"line":525},"53":{"name":"(anonymous_53)","decl":{"start":{"line":527,"column":43},"end":{"line":527,"column":49}},"loc":{"start":{"line":527,"column":49},"end":{"line":527,"column":78}},"line":527},"54":{"name":"(anonymous_54)","decl":{"start":{"line":536,"column":74},"end":{"line":536,"column":80}},"loc":{"start":{"line":536,"column":80},"end":{"line":536,"column":null}},"line":536},"55":{"name":"(anonymous_55)","decl":{"start":{"line":538,"column":64},"end":{"line":538,"column":70}},"loc":{"start":{"line":538,"column":70},"end":{"line":538,"column":99}},"line":538},"56":{"name":"(anonymous_56)","decl":{"start":{"line":547,"column":67},"end":{"line":547,"column":73}},"loc":{"start":{"line":547,"column":73},"end":{"line":547,"column":null}},"line":547},"57":{"name":"(anonymous_57)","decl":{"start":{"line":549,"column":48},"end":{"line":549,"column":54}},"loc":{"start":{"line":549,"column":54},"end":{"line":549,"column":83}},"line":549},"58":{"name":"(anonymous_58)","decl":{"start":{"line":558,"column":42},"end":{"line":558,"column":48}},"loc":{"start":{"line":558,"column":48},"end":{"line":558,"column":77}},"line":558},"59":{"name":"(anonymous_59)","decl":{"start":{"line":566,"column":42},"end":{"line":566,"column":48}},"loc":{"start":{"line":566,"column":48},"end":{"line":566,"column":77}},"line":566},"60":{"name":"(anonymous_60)","decl":{"start":{"line":575,"column":34},"end":{"line":575,"column":40}},"loc":{"start":{"line":575,"column":40},"end":{"line":575,"column":null}},"line":575},"61":{"name":"(anonymous_61)","decl":{"start":{"line":576,"column":43},"end":{"line":576,"column":44}},"loc":{"start":{"line":577,"column":28},"end":{"line":579,"column":null}},"line":577},"62":{"name":"App","decl":{"start":{"line":599,"column":24},"end":{"line":599,"column":30}},"loc":{"start":{"line":599,"column":30},"end":{"line":601,"column":null}},"line":599}},"branchMap":{"0":{"loc":{"start":{"line":63,"column":2},"end":{"line":65,"column":null}},"type":"if","locations":[{"start":{"line":63,"column":2},"end":{"line":65,"column":null}},{"start":{},"end":{}}],"line":63},"1":{"loc":{"start":{"line":102,"column":83},"end":{"line":102,"column":103}},"type":"binary-expr","locations":[{"start":{"line":102,"column":83},"end":{"line":102,"column":93}},{"start":{"line":102,"column":93},"end":{"line":102,"column":103}}],"line":102},"2":{"loc":{"start":{"line":110,"column":4},"end":{"line":112,"column":null}},"type":"if","locations":[{"start":{"line":110,"column":4},"end":{"line":112,"column":null}},{"start":{},"end":{}}],"line":110},"3":{"loc":{"start":{"line":116,"column":27},"end":{"line":116,"column":null}},"type":"binary-expr","locations":[{"start":{"line":116,"column":27},"end":{"line":116,"column":35}},{"start":{"line":116,"column":35},"end":{"line":116,"column":null}}],"line":116},"4":{"loc":{"start":{"line":125,"column":23},"end":{"line":125,"column":51}},"type":"binary-expr","locations":[{"start":{"line":125,"column":23},"end":{"line":125,"column":31}},{"start":{"line":125,"column":31},"end":{"line":125,"column":44}},{"start":{"line":125,"column":44},"end":{"line":125,"column":51}}],"line":125},"5":{"loc":{"start":{"line":145,"column":21},"end":{"line":145,"column":null}},"type":"cond-expr","locations":[{"start":{"line":145,"column":41},"end":{"line":145,"column":72}},{"start":{"line":145,"column":72},"end":{"line":145,"column":null}}],"line":145},"6":{"loc":{"start":{"line":145,"column":21},"end":{"line":145,"column":41}},"type":"binary-expr","locations":[{"start":{"line":145,"column":21},"end":{"line":145,"column":29}},{"start":{"line":145,"column":29},"end":{"line":145,"column":41}}],"line":145},"7":{"loc":{"start":{"line":149,"column":2},"end":{"line":166,"column":null}},"type":"if","locations":[{"start":{"line":149,"column":2},"end":{"line":166,"column":null}},{"start":{},"end":{}}],"line":149},"8":{"loc":{"start":{"line":168,"column":2},"end":{"line":201,"column":null}},"type":"if","locations":[{"start":{"line":168,"column":2},"end":{"line":201,"column":null}},{"start":{},"end":{}}],"line":168},"9":{"loc":{"start":{"line":203,"column":2},"end":{"line":216,"column":null}},"type":"if","locations":[{"start":{"line":203,"column":2},"end":{"line":216,"column":null}},{"start":{},"end":{}}],"line":203},"10":{"loc":{"start":{"line":204,"column":4},"end":{"line":205,"column":null}},"type":"binary-expr","locations":[{"start":{"line":204,"column":4},"end":{"line":204,"column":null}},{"start":{"line":205,"column":5},"end":{"line":205,"column":26}},{"start":{"line":205,"column":26},"end":{"line":205,"column":34}},{"start":{"line":205,"column":34},"end":{"line":205,"column":null}}],"line":204},"11":{"loc":{"start":{"line":218,"column":2},"end":{"line":228,"column":null}},"type":"if","locations":[{"start":{"line":218,"column":2},"end":{"line":228,"column":null}},{"start":{},"end":{}}],"line":218},"12":{"loc":{"start":{"line":218,"column":6},"end":{"line":218,"column":39}},"type":"binary-expr","locations":[{"start":{"line":218,"column":6},"end":{"line":218,"column":14}},{"start":{"line":218,"column":14},"end":{"line":218,"column":39}}],"line":218},"13":{"loc":{"start":{"line":230,"column":2},"end":{"line":238,"column":null}},"type":"if","locations":[{"start":{"line":230,"column":2},"end":{"line":238,"column":null}},{"start":{},"end":{}}],"line":230},"14":{"loc":{"start":{"line":230,"column":6},"end":{"line":230,"column":89}},"type":"binary-expr","locations":[{"start":{"line":230,"column":6},"end":{"line":230,"column":14}},{"start":{"line":230,"column":14},"end":{"line":230,"column":40}},{"start":{"line":230,"column":40},"end":{"line":230,"column":89}}],"line":230},"15":{"loc":{"start":{"line":240,"column":2},"end":{"line":284,"column":null}},"type":"if","locations":[{"start":{"line":240,"column":2},"end":{"line":284,"column":null}},{"start":{},"end":{}}],"line":240},"16":{"loc":{"start":{"line":240,"column":6},"end":{"line":240,"column":53}},"type":"binary-expr","locations":[{"start":{"line":240,"column":6},"end":{"line":240,"column":14}},{"start":{"line":240,"column":14},"end":{"line":240,"column":28}},{"start":{"line":240,"column":28},"end":{"line":240,"column":53}}],"line":240},"17":{"loc":{"start":{"line":242,"column":6},"end":{"line":254,"column":null}},"type":"binary-expr","locations":[{"start":{"line":242,"column":6},"end":{"line":242,"column":null}},{"start":{"line":243,"column":7},"end":{"line":254,"column":null}}],"line":242},"18":{"loc":{"start":{"line":243,"column":7},"end":{"line":254,"column":null}},"type":"cond-expr","locations":[{"start":{"line":244,"column":10},"end":{"line":253,"column":null}},{"start":{"line":254,"column":10},"end":{"line":254,"column":null}}],"line":243},"19":{"loc":{"start":{"line":248,"column":19},"end":{"line":248,"column":null}},"type":"binary-expr","locations":[{"start":{"line":248,"column":19},"end":{"line":248,"column":33}},{"start":{"line":248,"column":33},"end":{"line":248,"column":null}}],"line":248},"20":{"loc":{"start":{"line":272,"column":15},"end":{"line":277,"column":null}},"type":"cond-expr","locations":[{"start":{"line":273,"column":16},"end":{"line":275,"column":null}},{"start":{"line":277,"column":16},"end":{"line":277,"column":null}}],"line":272},"21":{"loc":{"start":{"line":295,"column":4},"end":{"line":297,"column":null}},"type":"if","locations":[{"start":{"line":295,"column":4},"end":{"line":297,"column":null}},{"start":{},"end":{}}],"line":295},"22":{"loc":{"start":{"line":298,"column":4},"end":{"line":300,"column":null}},"type":"if","locations":[{"start":{"line":298,"column":4},"end":{"line":300,"column":null}},{"start":{},"end":{}}],"line":298},"23":{"loc":{"start":{"line":298,"column":8},"end":{"line":298,"column":25}},"type":"binary-expr","locations":[{"start":{"line":298,"column":8},"end":{"line":298,"column":16}},{"start":{"line":298,"column":16},"end":{"line":298,"column":25}}],"line":298},"24":{"loc":{"start":{"line":306,"column":9},"end":{"line":311,"column":null}},"type":"cond-expr","locations":[{"start":{"line":307,"column":10},"end":{"line":307,"column":null}},{"start":{"line":309,"column":10},"end":{"line":311,"column":null}}],"line":306},"25":{"loc":{"start":{"line":321,"column":4},"end":{"line":323,"column":null}},"type":"if","locations":[{"start":{"line":321,"column":4},"end":{"line":323,"column":null}},{"start":{},"end":{}}],"line":321},"26":{"loc":{"start":{"line":324,"column":4},"end":{"line":326,"column":null}},"type":"if","locations":[{"start":{"line":324,"column":4},"end":{"line":326,"column":null}},{"start":{},"end":{}}],"line":324},"27":{"loc":{"start":{"line":324,"column":8},"end":{"line":324,"column":41}},"type":"binary-expr","locations":[{"start":{"line":324,"column":8},"end":{"line":324,"column":16}},{"start":{"line":324,"column":16},"end":{"line":324,"column":41}}],"line":324},"28":{"loc":{"start":{"line":327,"column":4},"end":{"line":329,"column":null}},"type":"if","locations":[{"start":{"line":327,"column":4},"end":{"line":329,"column":null}},{"start":{},"end":{}}],"line":327},"29":{"loc":{"start":{"line":327,"column":8},"end":{"line":327,"column":27}},"type":"binary-expr","locations":[{"start":{"line":327,"column":8},"end":{"line":327,"column":16}},{"start":{"line":327,"column":16},"end":{"line":327,"column":27}}],"line":327},"30":{"loc":{"start":{"line":330,"column":4},"end":{"line":332,"column":null}},"type":"if","locations":[{"start":{"line":330,"column":4},"end":{"line":332,"column":null}},{"start":{},"end":{}}],"line":330},"31":{"loc":{"start":{"line":361,"column":9},"end":{"line":371,"column":null}},"type":"cond-expr","locations":[{"start":{"line":362,"column":10},"end":{"line":370,"column":null}},{"start":{"line":371,"column":12},"end":{"line":371,"column":null}}],"line":361},"32":{"loc":{"start":{"line":361,"column":9},"end":{"line":361,"column":null}},"type":"binary-expr","locations":[{"start":{"line":361,"column":9},"end":{"line":361,"column":17}},{"start":{"line":361,"column":17},"end":{"line":361,"column":null}}],"line":361},"33":{"loc":{"start":{"line":383,"column":15},"end":{"line":396,"column":null}},"type":"binary-expr","locations":[{"start":{"line":383,"column":15},"end":{"line":383,"column":null}},{"start":{"line":384,"column":16},"end":{"line":396,"column":null}}],"line":383},"34":{"loc":{"start":{"line":402,"column":20},"end":{"line":416,"column":null}},"type":"cond-expr","locations":[{"start":{"line":403,"column":22},"end":{"line":409,"column":null}},{"start":{"line":411,"column":22},"end":{"line":416,"column":null}}],"line":402},"35":{"loc":{"start":{"line":402,"column":20},"end":{"line":402,"column":null}},"type":"binary-expr","locations":[{"start":{"line":402,"column":20},"end":{"line":402,"column":28}},{"start":{"line":402,"column":28},"end":{"line":402,"column":null}}],"line":402},"36":{"loc":{"start":{"line":424,"column":23},"end":{"line":429,"column":null}},"type":"cond-expr","locations":[{"start":{"line":425,"column":24},"end":{"line":425,"column":null}},{"start":{"line":427,"column":24},"end":{"line":429,"column":null}}],"line":424},"37":{"loc":{"start":{"line":438,"column":23},"end":{"line":450,"column":null}},"type":"cond-expr","locations":[{"start":{"line":439,"column":24},"end":{"line":446,"column":null}},{"start":{"line":447,"column":26},"end":{"line":450,"column":null}}],"line":438},"38":{"loc":{"start":{"line":438,"column":23},"end":{"line":438,"column":null}},"type":"binary-expr","locations":[{"start":{"line":438,"column":23},"end":{"line":438,"column":31}},{"start":{"line":438,"column":31},"end":{"line":438,"column":null}}],"line":438},"39":{"loc":{"start":{"line":442,"column":41},"end":{"line":442,"column":null}},"type":"binary-expr","locations":[{"start":{"line":442,"column":41},"end":{"line":442,"column":55}},{"start":{"line":442,"column":55},"end":{"line":442,"column":null}}],"line":442},"40":{"loc":{"start":{"line":447,"column":26},"end":{"line":450,"column":null}},"type":"cond-expr","locations":[{"start":{"line":448,"column":24},"end":{"line":448,"column":null}},{"start":{"line":450,"column":24},"end":{"line":450,"column":null}}],"line":447},"41":{"loc":{"start":{"line":447,"column":26},"end":{"line":447,"column":null}},"type":"binary-expr","locations":[{"start":{"line":447,"column":26},"end":{"line":447,"column":34}},{"start":{"line":447,"column":34},"end":{"line":447,"column":null}}],"line":447},"42":{"loc":{"start":{"line":458,"column":20},"end":{"line":469,"column":null}},"type":"cond-expr","locations":[{"start":{"line":459,"column":22},"end":{"line":462,"column":null}},{"start":{"line":465,"column":22},"end":{"line":469,"column":null}}],"line":458},"43":{"loc":{"start":{"line":458,"column":20},"end":{"line":458,"column":null}},"type":"binary-expr","locations":[{"start":{"line":458,"column":20},"end":{"line":458,"column":28}},{"start":{"line":458,"column":28},"end":{"line":458,"column":null}}],"line":458},"44":{"loc":{"start":{"line":459,"column":22},"end":{"line":462,"column":null}},"type":"cond-expr","locations":[{"start":{"line":460,"column":24},"end":{"line":460,"column":null}},{"start":{"line":462,"column":24},"end":{"line":462,"column":null}}],"line":459},"45":{"loc":{"start":{"line":477,"column":23},"end":{"line":489,"column":null}},"type":"cond-expr","locations":[{"start":{"line":478,"column":24},"end":{"line":487,"column":null}},{"start":{"line":489,"column":24},"end":{"line":489,"column":null}}],"line":477},"46":{"loc":{"start":{"line":483,"column":39},"end":{"line":483,"column":null}},"type":"binary-expr","locations":[{"start":{"line":483,"column":39},"end":{"line":483,"column":54}},{"start":{"line":483,"column":54},"end":{"line":483,"column":null}}],"line":483},"47":{"loc":{"start":{"line":498,"column":23},"end":{"line":512,"column":null}},"type":"cond-expr","locations":[{"start":{"line":499,"column":24},"end":{"line":508,"column":null}},{"start":{"line":509,"column":26},"end":{"line":512,"column":null}}],"line":498},"48":{"loc":{"start":{"line":498,"column":23},"end":{"line":498,"column":null}},"type":"binary-expr","locations":[{"start":{"line":498,"column":23},"end":{"line":498,"column":31}},{"start":{"line":498,"column":31},"end":{"line":498,"column":null}}],"line":498},"49":{"loc":{"start":{"line":509,"column":26},"end":{"line":512,"column":null}},"type":"cond-expr","locations":[{"start":{"line":510,"column":24},"end":{"line":510,"column":null}},{"start":{"line":512,"column":24},"end":{"line":512,"column":null}}],"line":509}},"s":{"0":1,"1":1,"2":1,"3":0,"4":1,"5":1,"6":1,"7":1,"8":1,"9":1,"10":1,"11":1,"12":1,"13":1,"14":1,"15":0,"16":1,"17":1,"18":1,"19":1,"20":1,"21":1,"22":1,"23":1,"24":1,"25":0,"26":1,"27":1,"28":1,"29":0,"30":1,"31":1,"32":1,"33":1,"34":1,"35":0,"36":1,"37":1,"38":1,"39":1,"40":1,"41":35,"42":6,"43":6,"44":6,"45":6,"46":0,"47":6,"48":3,"49":6,"50":90,"51":90,"52":90,"53":0,"54":90,"55":90,"56":90,"57":90,"58":90,"59":90,"60":90,"61":90,"62":90,"63":90,"64":90,"65":43,"66":90,"67":0,"68":0,"69":90,"70":90,"71":54,"72":90,"73":70,"74":0,"75":90,"76":90,"77":90,"78":0,"79":0,"80":0,"81":0,"82":0,"83":0,"84":0,"85":90,"86":0,"87":90,"88":0,"89":0,"90":90,"91":4,"92":86,"93":0,"94":86,"95":3,"96":83,"97":0,"98":0,"99":0,"100":83,"101":0,"102":83,"103":1,"104":83,"105":498,"106":162,"107":336,"108":126,"109":210,"110":0,"111":83,"112":332,"113":108,"114":224,"115":0,"116":224,"117":180,"118":44,"119":0,"120":44,"121":83,"122":0,"123":0,"124":0,"125":0,"126":0,"127":0,"128":1,"129":0,"130":0,"131":0,"132":0,"133":0,"134":0,"135":0,"136":0,"137":0,"138":0,"139":0,"140":0,"141":30},"f":{"0":1,"1":0,"2":1,"3":1,"4":1,"5":1,"6":1,"7":0,"8":1,"9":1,"10":1,"11":1,"12":0,"13":1,"14":0,"15":1,"16":1,"17":0,"18":1,"19":1,"20":35,"21":6,"22":3,"23":90,"24":0,"25":43,"26":0,"27":54,"28":70,"29":0,"30":0,"31":0,"32":0,"33":0,"34":0,"35":0,"36":0,"37":0,"38":0,"39":1,"40":498,"41":0,"42":332,"43":0,"44":0,"45":0,"46":0,"47":0,"48":0,"49":1,"50":0,"51":0,"52":0,"53":0,"54":0,"55":0,"56":0,"57":0,"58":0,"59":0,"60":0,"61":0,"62":30},"b":{"0":[0,6],"1":[90,54],"2":[0,0],"3":[90,54],"4":[70,39,34],"5":[0,44],"6":[90,54],"7":[0,90],"8":[0,90],"9":[4,86],"10":[90,7,4,4],"11":[0,86],"12":[86,53],"13":[3,83],"14":[86,53,8],"15":[0,83],"16":[83,50,5],"17":[0,0],"18":[0,0],"19":[0,0],"20":[0,0],"21":[162,336],"22":[126,210],"23":[336,300],"24":[36,174],"25":[108,224],"26":[0,224],"27":[224,200],"28":[180,44],"29":[224,200],"30":[0,44],"31":[45,38],"32":[83,50],"33":[90,2],"34":[45,38],"35":[90,50],"36":[50,33],"37":[5,78],"38":[90,50],"39":[5,0],"40":[45,33],"41":[78,45],"42":[45,38],"43":[90,50],"44":[3,42],"45":[50,33],"46":[50,0],"47":[45,38],"48":[90,50],"49":[5,33]},"meta":{"lastBranch":50,"lastFunction":63,"lastStatement":142,"seen":{"s:31:6:31:Infinity":0,"f:31:22:31:28":0,"s:31:28:31:Infinity":1,"s:32:6:32:Infinity":2,"f:32:21:32:27":1,"s:32:27:32:Infinity":3,"s:33:6:33:Infinity":4,"f:33:25:33:31":2,"s:33:31:33:Infinity":5,"s:34:6:34:Infinity":6,"f:34:26:34:32":3,"s:34:32:34:Infinity":7,"s:35:6:35:Infinity":8,"f:35:24:35:30":4,"s:35:30:35:Infinity":9,"s:36:6:36:Infinity":10,"f:36:23:36:29":5,"s:36:29:36:Infinity":11,"s:37:6:37:Infinity":12,"f:37:28:37:34":6,"s:37:34:37:Infinity":13,"s:38:6:38:Infinity":14,"f:38:44:38:50":7,"s:38:50:38:Infinity":15,"s:39:6:39:Infinity":16,"f:39:26:39:32":8,"s:39:32:39:Infinity":17,"s:40:6:40:Infinity":18,"f:40:27:40:33":9,"s:40:33:40:Infinity":19,"s:41:6:41:Infinity":20,"f:41:24:41:30":10,"s:41:30:41:Infinity":21,"s:42:6:42:Infinity":22,"f:42:24:42:30":11,"s:42:30:42:Infinity":23,"s:43:6:43:Infinity":24,"f:43:34:43:40":12,"s:43:40:43:Infinity":25,"s:44:6:44:Infinity":26,"f:44:31:44:37":13,"s:44:37:44:Infinity":27,"s:45:6:45:Infinity":28,"f:45:38:45:44":14,"s:45:44:45:Infinity":29,"s:46:6:46:Infinity":30,"f:46:31:46:37":15,"s:46:37:46:Infinity":31,"s:47:6:47:Infinity":32,"f:47:28:47:34":16,"s:47:34:47:Infinity":33,"s:48:6:48:Infinity":34,"f:48:33:48:39":17,"s:48:39:48:Infinity":35,"s:49:6:49:Infinity":36,"f:49:26:49:32":18,"s:49:32:49:Infinity":37,"s:50:6:50:Infinity":38,"f:50:29:50:35":19,"s:50:35:50:Infinity":39,"s:53:24:56:Infinity":40,"f:53:24:53:Infinity":20,"s:54:2:56:Infinity":41,"f:59:9:59:30":21,"s:60:20:60:Infinity":42,"s:61:8:61:Infinity":43,"s:62:8:62:Infinity":44,"b:63:2:65:Infinity:undefined:undefined:undefined:undefined":0,"s:63:2:65:Infinity":45,"s:64:4:64:Infinity":46,"s:67:21:69:Infinity":47,"f:67:21:67:27":22,"s:68:4:68:Infinity":48,"s:71:2:71:Infinity":49,"f:74:9:74:22":23,"s:75:8:75:Infinity":50,"s:76:8:76:Infinity":51,"s:77:8:79:Infinity":52,"f:77:38:77:44":24,"s:78:4:78:Infinity":53,"s:86:2:86:Infinity":54,"s:87:52:87:Infinity":55,"s:88:8:88:Infinity":56,"s:89:40:89:Infinity":57,"s:90:44:90:Infinity":58,"s:91:8:91:Infinity":59,"s:92:8:92:Infinity":60,"s:93:54:93:Infinity":61,"s:97:2:101:Infinity":62,"s:102:33:102:Infinity":63,"b:102:83:102:93:102:93:102:103":1,"s:104:2:106:Infinity":64,"f:104:12:104:18":25,"s:105:4:105:Infinity":65,"s:108:8:113:Infinity":66,"f:108:42:108:48":26,"b:110:4:112:Infinity:undefined:undefined:undefined:undefined":2,"s:110:4:112:Infinity":67,"s:111:6:111:Infinity":68,"s:116:27:116:Infinity":69,"b:116:27:116:35:116:35:116:Infinity":3,"s:118:8:121:Infinity":70,"f:119:4:119:10":27,"s:119:4:119:Infinity":71,"s:123:8:129:Infinity":72,"f:124:4:124:11":28,"s:124:11:127:Infinity":73,"b:125:23:125:31:125:31:125:44:125:44:125:51":4,"f:126:15:126:21":29,"s:126:21:126:Infinity":74,"s:130:8:131:Infinity":75,"s:132:8:133:Infinity":76,"s:136:4:146:Infinity":77,"f:139:22:139:28":30,"s:139:28:139:Infinity":78,"f:140:22:140:28":31,"s:140:28:140:Infinity":79,"f:141:30:141:36":32,"s:141:36:141:Infinity":80,"f:142:25:142:31":33,"s:142:31:142:Infinity":81,"f:143:25:143:31":34,"s:143:31:143:Infinity":82,"f:144:19:144:25":35,"s:144:25:144:Infinity":83,"b:145:41:145:72:145:72:145:Infinity":5,"b:145:21:145:29:145:29:145:41":6,"f:145:41:145:47":36,"s:145:47:145:72":84,"b:149:2:166:Infinity:undefined:undefined:undefined:undefined":7,"s:149:2:166:Infinity":85,"s:150:4:164:Infinity":86,"b:168:2:201:Infinity:undefined:undefined:undefined:undefined":8,"s:168:2:201:Infinity":87,"s:169:4:199:Infinity":88,"f:193:30:193:42":37,"s:193:42:193:Infinity":89,"b:203:2:216:Infinity:undefined:undefined:undefined:undefined":9,"s:203:2:216:Infinity":90,"b:204:4:204:Infinity:205:5:205:26:205:26:205:34:205:34:205:Infinity":10,"s:207:4:214:Infinity":91,"b:218:2:228:Infinity:undefined:undefined:undefined:undefined":11,"s:218:2:228:Infinity":92,"b:218:6:218:14:218:14:218:39":12,"s:219:4:226:Infinity":93,"b:230:2:238:Infinity:undefined:undefined:undefined:undefined":13,"s:230:2:238:Infinity":94,"b:230:6:230:14:230:14:230:40:230:40:230:89":14,"s:231:4:236:Infinity":95,"b:240:2:284:Infinity:undefined:undefined:undefined:undefined":15,"s:240:2:284:Infinity":96,"b:240:6:240:14:240:14:240:28:240:28:240:53":16,"s:242:6:254:Infinity":97,"b:242:6:242:Infinity:243:7:254:Infinity":17,"b:244:10:253:Infinity:254:10:254:Infinity":18,"b:248:19:248:33:248:33:248:Infinity":19,"s:255:29:255:Infinity":98,"s:257:4:282:Infinity":99,"b:273:16:275:Infinity:277:16:277:Infinity":20,"s:286:36:288:Infinity":100,"f:286:36:286:42":38,"s:287:4:287:Infinity":101,"s:290:25:292:Infinity":102,"f:290:25:290:26":39,"s:291:4:291:Infinity":103,"s:294:26:318:Infinity":104,"f:294:26:294:27":40,"b:295:4:297:Infinity:undefined:undefined:undefined:undefined":21,"s:295:4:297:Infinity":105,"s:296:6:296:Infinity":106,"b:298:4:300:Infinity:undefined:undefined:undefined:undefined":22,"s:298:4:300:Infinity":107,"b:298:8:298:16:298:16:298:25":23,"s:299:6:299:Infinity":108,"s:301:4:316:Infinity":109,"b:307:10:307:Infinity:309:10:311:Infinity":24,"f:313:44:313:50":41,"s:313:50:313:73":110,"s:320:25:334:Infinity":111,"f:320:25:320:26":42,"b:321:4:323:Infinity:undefined:undefined:undefined:undefined":25,"s:321:4:323:Infinity":112,"s:322:6:322:Infinity":113,"b:324:4:326:Infinity:undefined:undefined:undefined:undefined":26,"s:324:4:326:Infinity":114,"b:324:8:324:16:324:16:324:41":27,"s:325:6:325:Infinity":115,"b:327:4:329:Infinity:undefined:undefined:undefined:undefined":28,"s:327:4:329:Infinity":116,"b:327:8:327:16:327:16:327:27":29,"s:328:6:328:Infinity":117,"b:330:4:332:Infinity:undefined:undefined:undefined:undefined":30,"s:330:4:332:Infinity":118,"s:331:6:331:Infinity":119,"s:333:4:333:Infinity":120,"s:336:2:595:Infinity":121,"b:362:10:370:Infinity:371:12:371:Infinity":31,"b:361:9:361:17:361:17:361:Infinity":32,"f:369:27:369:33":43,"s:369:33:369:Infinity":122,"b:383:15:383:Infinity:384:16:396:Infinity":33,"b:403:22:409:Infinity:411:22:416:Infinity":34,"b:402:20:402:28:402:28:402:Infinity":35,"f:413:39:413:45":44,"s:413:45:413:Infinity":123,"f:414:40:414:46":45,"s:414:46:414:Infinity":124,"b:425:24:425:Infinity:427:24:429:Infinity":36,"b:439:24:446:Infinity:447:26:450:Infinity":37,"b:438:23:438:31:438:31:438:Infinity":38,"b:442:41:442:55:442:55:442:Infinity":39,"f:443:42:443:48":46,"s:443:48:443:Infinity":125,"b:448:24:448:Infinity:450:24:450:Infinity":40,"b:447:26:447:34:447:34:447:Infinity":41,"b:459:22:462:Infinity:465:22:469:Infinity":42,"b:458:20:458:28:458:28:458:Infinity":43,"b:460:24:460:Infinity:462:24:462:Infinity":44,"b:478:24:487:Infinity:489:24:489:Infinity":45,"b:483:39:483:54:483:54:483:Infinity":46,"f:484:36:484:42":47,"s:484:42:484:Infinity":126,"b:499:24:508:Infinity:509:26:512:Infinity":47,"b:498:23:498:31:498:31:498:Infinity":48,"f:506:36:506:42":48,"s:506:42:506:Infinity":127,"b:510:24:510:Infinity:512:24:512:Infinity":49,"f:518:153:518:159":49,"s:518:159:518:188":128,"f:519:156:519:162":50,"s:519:162:519:191":129,"f:520:150:520:156":51,"s:520:156:520:185":130,"f:525:62:525:68":52,"s:525:68:525:Infinity":131,"f:527:43:527:49":53,"s:527:49:527:78":132,"f:536:74:536:80":54,"s:536:80:536:Infinity":133,"f:538:64:538:70":55,"s:538:70:538:99":134,"f:547:67:547:73":56,"s:547:73:547:Infinity":135,"f:549:48:549:54":57,"s:549:54:549:83":136,"f:558:42:558:48":58,"s:558:48:558:77":137,"f:566:42:566:48":59,"s:566:48:566:77":138,"f:575:34:575:40":60,"s:575:40:575:Infinity":139,"f:576:43:576:44":61,"s:577:28:579:Infinity":140,"f:599:24:599:30":62,"s:600:2:600:Infinity":141}}}
,"/Users/jack/Dev/SODC/sodc-web/src/config/colors.ts": {"path":"/Users/jack/Dev/SODC/sodc-web/src/config/colors.ts","statementMap":{"0":{"start":{"line":1,"column":22},"end":{"line":7,"column":null}}},"fnMap":{},"branchMap":{},"s":{"0":14},"f":{},"b":{},"meta":{"lastBranch":0,"lastFunction":0,"lastStatement":1,"seen":{"s:1:22:7:Infinity":0}}}
,"/Users/jack/Dev/SODC/sodc-web/src/constants/auth.ts": {"path":"/Users/jack/Dev/SODC/sodc-web/src/constants/auth.ts","statementMap":{"0":{"start":{"line":11,"column":32},"end":{"line":29,"column":null}},"1":{"start":{"line":37,"column":44},"end":{"line":37,"column":null}},"2":{"start":{"line":43,"column":48},"end":{"line":43,"column":null}}},"fnMap":{},"branchMap":{},"s":{"0":17,"1":17,"2":17},"f":{},"b":{},"meta":{"lastBranch":0,"lastFunction":0,"lastStatement":3,"seen":{"s:11:32:29:Infinity":0,"s:37:44:37:Infinity":1,"s:43:48:43:Infinity":2}}}
,"/Users/jack/Dev/SODC/sodc-web/src/constants/index.ts": {"path":"/Users/jack/Dev/SODC/sodc-web/src/constants/index.ts","statementMap":{"0":{"start":{"line":12,"column":30},"end":{"line":12,"column":null}},"1":{"start":{"line":15,"column":34},"end":{"line":15,"column":null}},"2":{"start":{"line":18,"column":39},"end":{"line":18,"column":null}},"3":{"start":{"line":19,"column":37},"end":{"line":19,"column":null}},"4":{"start":{"line":22,"column":31},"end":{"line":22,"column":null}},"5":{"start":{"line":23,"column":38},"end":{"line":23,"column":null}},"6":{"start":{"line":24,"column":41},"end":{"line":24,"column":null}},"7":{"start":{"line":25,"column":32},"end":{"line":25,"column":null}},"8":{"start":{"line":33,"column":41},"end":{"line":43,"column":null}}},"fnMap":{},"branchMap":{},"s":{"0":15,"1":15,"2":15,"3":15,"4":15,"5":15,"6":15,"7":15,"8":15},"f":{},"b":{},"meta":{"lastBranch":0,"lastFunction":0,"lastStatement":9,"seen":{"s:12:30:12:Infinity":0,"s:15:34:15:Infinity":1,"s:18:39:18:Infinity":2,"s:19:37:19:Infinity":3,"s:22:31:22:Infinity":4,"s:23:38:23:Infinity":5,"s:24:41:24:Infinity":6,"s:25:32:25:Infinity":7,"s:33:41:43:Infinity":8}}}
,"/Users/jack/Dev/SODC/sodc-web/src/constants/routes.ts": {"path":"/Users/jack/Dev/SODC/sodc-web/src/constants/routes.ts","statementMap":{"0":{"start":{"line":5,"column":22},"end":{"line":23,"column":null}}},"fnMap":{},"branchMap":{},"s":{"0":17},"f":{},"b":{},"meta":{"lastBranch":0,"lastFunction":0,"lastStatement":1,"seen":{"s:5:22:23:Infinity":0}}}
,"/Users/jack/Dev/SODC/sodc-web/src/features/account/components/AccountSettingsPage.tsx": {"path":"/Users/jack/Dev/SODC/sodc-web/src/features/account/components/AccountSettingsPage.tsx","statementMap":{"0":{"start":{"line":42,"column":16},"end":{"line":42,"column":null}},"1":{"start":{"line":43,"column":2},"end":{"line":53,"column":null}},"2":{"start":{"line":46,"column":6},"end":{"line":46,"column":null}},"3":{"start":{"line":48,"column":6},"end":{"line":48,"column":null}},"4":{"start":{"line":50,"column":6},"end":{"line":50,"column":null}},"5":{"start":{"line":52,"column":6},"end":{"line":52,"column":null}},"6":{"start":{"line":57,"column":2},"end":{"line":57,"column":null}},"7":{"start":{"line":57,"column":46},"end":{"line":57,"column":80}},"8":{"start":{"line":67,"column":44},"end":{"line":67,"column":null}},"9":{"start":{"line":68,"column":36},"end":{"line":68,"column":null}},"10":{"start":{"line":69,"column":44},"end":{"line":69,"column":null}},"11":{"start":{"line":70,"column":50},"end":{"line":70,"column":null}},"12":{"start":{"line":71,"column":40},"end":{"line":71,"column":null}},"13":{"start":{"line":72,"column":44},"end":{"line":72,"column":null}},"14":{"start":{"line":74,"column":46},"end":{"line":74,"column":null}},"15":{"start":{"line":75,"column":46},"end":{"line":75,"column":null}},"16":{"start":{"line":76,"column":36},"end":{"line":76,"column":null}},"17":{"start":{"line":78,"column":28},"end":{"line":78,"column":null}},"18":{"start":{"line":79,"column":27},"end":{"line":79,"column":null}},"19":{"start":{"line":80,"column":26},"end":{"line":82,"column":null}},"20":{"start":{"line":84,"column":8},"end":{"line":87,"column":null}},"21":{"start":{"line":85,"column":4},"end":{"line":85,"column":null}},"22":{"start":{"line":89,"column":31},"end":{"line":122,"column":null}},"23":{"start":{"line":90,"column":4},"end":{"line":90,"column":null}},"24":{"start":{"line":91,"column":4},"end":{"line":91,"column":null}},"25":{"start":{"line":92,"column":4},"end":{"line":92,"column":null}},"26":{"start":{"line":94,"column":4},"end":{"line":97,"column":null}},"27":{"start":{"line":95,"column":6},"end":{"line":95,"column":null}},"28":{"start":{"line":96,"column":6},"end":{"line":96,"column":null}},"29":{"start":{"line":98,"column":4},"end":{"line":101,"column":null}},"30":{"start":{"line":99,"column":6},"end":{"line":99,"column":null}},"31":{"start":{"line":100,"column":6},"end":{"line":100,"column":null}},"32":{"start":{"line":102,"column":4},"end":{"line":105,"column":null}},"33":{"start":{"line":103,"column":6},"end":{"line":103,"column":null}},"34":{"start":{"line":104,"column":6},"end":{"line":104,"column":null}},"35":{"start":{"line":107,"column":4},"end":{"line":107,"column":null}},"36":{"start":{"line":108,"column":4},"end":{"line":121,"column":null}},"37":{"start":{"line":109,"column":25},"end":{"line":109,"column":null}},"38":{"start":{"line":110,"column":6},"end":{"line":110,"column":null}},"39":{"start":{"line":111,"column":6},"end":{"line":111,"column":null}},"40":{"start":{"line":112,"column":6},"end":{"line":112,"column":null}},"41":{"start":{"line":113,"column":6},"end":{"line":113,"column":null}},"42":{"start":{"line":114,"column":6},"end":{"line":114,"column":null}},"43":{"start":{"line":115,"column":6},"end":{"line":115,"column":null}},"44":{"start":{"line":116,"column":6},"end":{"line":116,"column":null}},"45":{"start":{"line":116,"column":30},"end":{"line":116,"column":57}},"46":{"start":{"line":118,"column":6},"end":{"line":118,"column":null}},"47":{"start":{"line":120,"column":6},"end":{"line":120,"column":null}},"48":{"start":{"line":124,"column":30},"end":{"line":140,"column":null}},"49":{"start":{"line":125,"column":4},"end":{"line":125,"column":null}},"50":{"start":{"line":126,"column":4},"end":{"line":126,"column":null}},"51":{"start":{"line":127,"column":4},"end":{"line":139,"column":null}},"52":{"start":{"line":128,"column":21},"end":{"line":128,"column":null}},"53":{"start":{"line":129,"column":6},"end":{"line":132,"column":null}},"54":{"start":{"line":130,"column":8},"end":{"line":130,"column":null}},"55":{"start":{"line":131,"column":8},"end":{"line":131,"column":null}},"56":{"start":{"line":133,"column":6},"end":{"line":133,"column":null}},"57":{"start":{"line":134,"column":6},"end":{"line":134,"column":null}},"58":{"start":{"line":136,"column":6},"end":{"line":136,"column":null}},"59":{"start":{"line":138,"column":6},"end":{"line":138,"column":null}},"60":{"start":{"line":142,"column":2},"end":{"line":300,"column":null}},"61":{"start":{"line":192,"column":41},"end":{"line":192,"column":null}},"62":{"start":{"line":202,"column":41},"end":{"line":202,"column":null}},"63":{"start":{"line":213,"column":41},"end":{"line":213,"column":null}},"64":{"start":{"line":266,"column":18},"end":{"line":266,"column":null}},"65":{"start":{"line":267,"column":18},"end":{"line":267,"column":null}},"66":{"start":{"line":283,"column":53},"end":{"line":283,"column":null}},"67":{"start":{"line":292,"column":33},"end":{"line":292,"column":61}}},"fnMap":{"0":{"name":"getAuthErrorMessage","decl":{"start":{"line":41,"column":9},"end":{"line":41,"column":29}},"loc":{"start":{"line":41,"column":53},"end":{"line":54,"column":null}},"line":41},"1":{"name":"usesEmailPassword","decl":{"start":{"line":56,"column":9},"end":{"line":56,"column":27}},"loc":{"start":{"line":56,"column":48},"end":{"line":58,"column":null}},"line":56},"2":{"name":"(anonymous_2)","decl":{"start":{"line":57,"column":32},"end":{"line":57,"column":33}},"loc":{"start":{"line":57,"column":46},"end":{"line":57,"column":80}},"line":57},"3":{"name":"AccountSettingsPage","decl":{"start":{"line":60,"column":24},"end":{"line":60,"column":44}},"loc":{"start":{"line":66,"column":29},"end":{"line":302,"column":null}},"line":66},"4":{"name":"(anonymous_4)","decl":{"start":{"line":85,"column":4},"end":{"line":85,"column":10}},"loc":{"start":{"line":85,"column":4},"end":{"line":85,"column":null}},"line":85},"5":{"name":"(anonymous_5)","decl":{"start":{"line":89,"column":31},"end":{"line":89,"column":38}},"loc":{"start":{"line":89,"column":65},"end":{"line":122,"column":null}},"line":89},"6":{"name":"(anonymous_6)","decl":{"start":{"line":116,"column":24},"end":{"line":116,"column":30}},"loc":{"start":{"line":116,"column":30},"end":{"line":116,"column":57}},"line":116},"7":{"name":"(anonymous_7)","decl":{"start":{"line":124,"column":30},"end":{"line":124,"column":42}},"loc":{"start":{"line":124,"column":42},"end":{"line":140,"column":null}},"line":124},"8":{"name":"(anonymous_8)","decl":{"start":{"line":192,"column":30},"end":{"line":192,"column":31}},"loc":{"start":{"line":192,"column":41},"end":{"line":192,"column":null}},"line":192},"9":{"name":"(anonymous_9)","decl":{"start":{"line":202,"column":30},"end":{"line":202,"column":31}},"loc":{"start":{"line":202,"column":41},"end":{"line":202,"column":null}},"line":202},"10":{"name":"(anonymous_10)","decl":{"start":{"line":213,"column":30},"end":{"line":213,"column":31}},"loc":{"start":{"line":213,"column":41},"end":{"line":213,"column":null}},"line":213},"11":{"name":"(anonymous_11)","decl":{"start":{"line":265,"column":25},"end":{"line":265,"column":31}},"loc":{"start":{"line":265,"column":31},"end":{"line":268,"column":null}},"line":265},"12":{"name":"(anonymous_12)","decl":{"start":{"line":283,"column":47},"end":{"line":283,"column":53}},"loc":{"start":{"line":283,"column":53},"end":{"line":283,"column":null}},"line":283},"13":{"name":"(anonymous_13)","decl":{"start":{"line":292,"column":27},"end":{"line":292,"column":33}},"loc":{"start":{"line":292,"column":33},"end":{"line":292,"column":61}},"line":292}},"branchMap":{"0":{"loc":{"start":{"line":43,"column":2},"end":{"line":53,"column":null}},"type":"switch","locations":[{"start":{"line":44,"column":4},"end":{"line":44,"column":null}},{"start":{"line":45,"column":4},"end":{"line":46,"column":null}},{"start":{"line":47,"column":4},"end":{"line":48,"column":null}},{"start":{"line":49,"column":4},"end":{"line":50,"column":null}},{"start":{"line":51,"column":4},"end":{"line":52,"column":null}}],"line":43},"1":{"loc":{"start":{"line":52,"column":14},"end":{"line":52,"column":null}},"type":"binary-expr","locations":[{"start":{"line":52,"column":14},"end":{"line":52,"column":42}},{"start":{"line":52,"column":42},"end":{"line":52,"column":null}}],"line":52},"2":{"loc":{"start":{"line":63,"column":2},"end":{"line":63,"column":null}},"type":"default-arg","locations":[{"start":{"line":63,"column":20},"end":{"line":63,"column":null}}],"line":63},"3":{"loc":{"start":{"line":79,"column":27},"end":{"line":79,"column":null}},"type":"binary-expr","locations":[{"start":{"line":79,"column":27},"end":{"line":79,"column":57}},{"start":{"line":79,"column":57},"end":{"line":79,"column":null}}],"line":79},"4":{"loc":{"start":{"line":80,"column":26},"end":{"line":82,"column":null}},"type":"cond-expr","locations":[{"start":{"line":81,"column":6},"end":{"line":81,"column":null}},{"start":{"line":81,"column":6},"end":{"line":82,"column":null}}],"line":80},"5":{"loc":{"start":{"line":80,"column":26},"end":{"line":80,"column":null}},"type":"binary-expr","locations":[{"start":{"line":80,"column":26},"end":{"line":80,"column":45}},{"start":{"line":80,"column":45},"end":{"line":80,"column":null}}],"line":80},"6":{"loc":{"start":{"line":94,"column":4},"end":{"line":97,"column":null}},"type":"if","locations":[{"start":{"line":94,"column":4},"end":{"line":97,"column":null}},{"start":{},"end":{}}],"line":94},"7":{"loc":{"start":{"line":98,"column":4},"end":{"line":101,"column":null}},"type":"if","locations":[{"start":{"line":98,"column":4},"end":{"line":101,"column":null}},{"start":{},"end":{}}],"line":98},"8":{"loc":{"start":{"line":102,"column":4},"end":{"line":105,"column":null}},"type":"if","locations":[{"start":{"line":102,"column":4},"end":{"line":105,"column":null}},{"start":{},"end":{}}],"line":102},"9":{"loc":{"start":{"line":129,"column":6},"end":{"line":132,"column":null}},"type":"if","locations":[{"start":{"line":129,"column":6},"end":{"line":132,"column":null}},{"start":{},"end":{}}],"line":129},"10":{"loc":{"start":{"line":130,"column":23},"end":{"line":130,"column":68}},"type":"binary-expr","locations":[{"start":{"line":130,"column":23},"end":{"line":130,"column":39}},{"start":{"line":130,"column":39},"end":{"line":130,"column":68}}],"line":130},"11":{"loc":{"start":{"line":170,"column":11},"end":{"line":242,"column":null}},"type":"cond-expr","locations":[{"start":{"line":171,"column":12},"end":{"line":173,"column":null}},{"start":{"line":175,"column":12},"end":{"line":242,"column":null}}],"line":170},"12":{"loc":{"start":{"line":176,"column":15},"end":{"line":179,"column":null}},"type":"binary-expr","locations":[{"start":{"line":176,"column":15},"end":{"line":176,"column":null}},{"start":{"line":177,"column":16},"end":{"line":179,"column":null}}],"line":176},"13":{"loc":{"start":{"line":181,"column":15},"end":{"line":184,"column":null}},"type":"binary-expr","locations":[{"start":{"line":181,"column":15},"end":{"line":181,"column":null}},{"start":{"line":182,"column":16},"end":{"line":184,"column":null}}],"line":181},"14":{"loc":{"start":{"line":224,"column":24},"end":{"line":227,"column":null}},"type":"binary-expr","locations":[{"start":{"line":224,"column":24},"end":{"line":224,"column":null}},{"start":{"line":225,"column":24},"end":{"line":225,"column":null}},{"start":{"line":226,"column":24},"end":{"line":226,"column":null}},{"start":{"line":227,"column":24},"end":{"line":227,"column":null}}],"line":224},"15":{"loc":{"start":{"line":237,"column":23},"end":{"line":237,"column":null}},"type":"cond-expr","locations":[{"start":{"line":237,"column":44},"end":{"line":237,"column":93}},{"start":{"line":237,"column":93},"end":{"line":237,"column":null}}],"line":237},"16":{"loc":{"start":{"line":246,"column":9},"end":{"line":273,"column":null}},"type":"binary-expr","locations":[{"start":{"line":246,"column":9},"end":{"line":246,"column":null}},{"start":{"line":247,"column":10},"end":{"line":273,"column":null}}],"line":246},"17":{"loc":{"start":{"line":257,"column":15},"end":{"line":260,"column":null}},"type":"binary-expr","locations":[{"start":{"line":257,"column":15},"end":{"line":257,"column":null}},{"start":{"line":258,"column":16},"end":{"line":260,"column":null}}],"line":257},"18":{"loc":{"start":{"line":277,"column":7},"end":{"line":280,"column":null}},"type":"binary-expr","locations":[{"start":{"line":277,"column":7},"end":{"line":277,"column":null}},{"start":{"line":278,"column":8},"end":{"line":280,"column":null}}],"line":277},"19":{"loc":{"start":{"line":283,"column":53},"end":{"line":283,"column":null}},"type":"binary-expr","locations":[{"start":{"line":283,"column":53},"end":{"line":283,"column":74}},{"start":{"line":283,"column":74},"end":{"line":283,"column":null}}],"line":283},"20":{"loc":{"start":{"line":296,"column":13},"end":{"line":296,"column":null}},"type":"cond-expr","locations":[{"start":{"line":296,"column":32},"end":{"line":296,"column":81}},{"start":{"line":296,"column":81},"end":{"line":296,"column":null}}],"line":296}},"s":{"0":0,"1":0,"2":0,"3":0,"4":0,"5":0,"6":33,"7":33,"8":33,"9":33,"10":33,"11":33,"12":33,"13":33,"14":33,"15":33,"16":33,"17":33,"18":33,"19":33,"20":33,"21":4,"22":33,"23":1,"24":1,"25":1,"26":1,"27":0,"28":0,"29":1,"30":0,"31":0,"32":1,"33":0,"34":0,"35":1,"36":1,"37":1,"38":1,"39":1,"40":1,"41":1,"42":1,"43":1,"44":1,"45":0,"46":0,"47":1,"48":33,"49":1,"50":1,"51":1,"52":1,"53":1,"54":0,"55":0,"56":1,"57":1,"58":0,"59":1,"60":33,"61":8,"62":8,"63":8,"64":1,"65":1,"66":0,"67":0},"f":{"0":0,"1":33,"2":33,"3":33,"4":4,"5":1,"6":0,"7":1,"8":8,"9":8,"10":8,"11":1,"12":0,"13":0},"b":{"0":[0,0,0,0,0],"1":[0,0],"2":[33],"3":[33,0],"4":[0,33],"5":[33,0],"6":[0,1],"7":[0,1],"8":[0,1],"9":[0,1],"10":[0,0],"11":[0,33],"12":[33,1],"13":[33,0],"14":[33,32,24,11],"15":[1,32],"16":[33,32],"17":[32,0],"18":[33,0],"19":[0,0],"20":[1,32]},"meta":{"lastBranch":21,"lastFunction":14,"lastStatement":68,"seen":{"f:41:9:41:29":0,"s:42:16:42:Infinity":0,"b:44:4:44:Infinity:45:4:46:Infinity:47:4:48:Infinity:49:4:50:Infinity:51:4:52:Infinity":0,"s:43:2:53:Infinity":1,"s:46:6:46:Infinity":2,"s:48:6:48:Infinity":3,"s:50:6:50:Infinity":4,"s:52:6:52:Infinity":5,"b:52:14:52:42:52:42:52:Infinity":1,"f:56:9:56:27":1,"s:57:2:57:Infinity":6,"f:57:32:57:33":2,"s:57:46:57:80":7,"f:60:24:60:44":3,"b:63:20:63:Infinity":2,"s:67:44:67:Infinity":8,"s:68:36:68:Infinity":9,"s:69:44:69:Infinity":10,"s:70:50:70:Infinity":11,"s:71:40:71:Infinity":12,"s:72:44:72:Infinity":13,"s:74:46:74:Infinity":14,"s:75:46:75:Infinity":15,"s:76:36:76:Infinity":16,"s:78:28:78:Infinity":17,"s:79:27:79:Infinity":18,"b:79:27:79:57:79:57:79:Infinity":3,"s:80:26:82:Infinity":19,"b:81:6:81:Infinity:81:6:82:Infinity":4,"b:80:26:80:45:80:45:80:Infinity":5,"s:84:8:87:Infinity":20,"f:85:4:85:10":4,"s:85:4:85:Infinity":21,"s:89:31:122:Infinity":22,"f:89:31:89:38":5,"s:90:4:90:Infinity":23,"s:91:4:91:Infinity":24,"s:92:4:92:Infinity":25,"b:94:4:97:Infinity:undefined:undefined:undefined:undefined":6,"s:94:4:97:Infinity":26,"s:95:6:95:Infinity":27,"s:96:6:96:Infinity":28,"b:98:4:101:Infinity:undefined:undefined:undefined:undefined":7,"s:98:4:101:Infinity":29,"s:99:6:99:Infinity":30,"s:100:6:100:Infinity":31,"b:102:4:105:Infinity:undefined:undefined:undefined:undefined":8,"s:102:4:105:Infinity":32,"s:103:6:103:Infinity":33,"s:104:6:104:Infinity":34,"s:107:4:107:Infinity":35,"s:108:4:121:Infinity":36,"s:109:25:109:Infinity":37,"s:110:6:110:Infinity":38,"s:111:6:111:Infinity":39,"s:112:6:112:Infinity":40,"s:113:6:113:Infinity":41,"s:114:6:114:Infinity":42,"s:115:6:115:Infinity":43,"s:116:6:116:Infinity":44,"f:116:24:116:30":6,"s:116:30:116:57":45,"s:118:6:118:Infinity":46,"s:120:6:120:Infinity":47,"s:124:30:140:Infinity":48,"f:124:30:124:42":7,"s:125:4:125:Infinity":49,"s:126:4:126:Infinity":50,"s:127:4:139:Infinity":51,"s:128:21:128:Infinity":52,"b:129:6:132:Infinity:undefined:undefined:undefined:undefined":9,"s:129:6:132:Infinity":53,"s:130:8:130:Infinity":54,"b:130:23:130:39:130:39:130:68":10,"s:131:8:131:Infinity":55,"s:133:6:133:Infinity":56,"s:134:6:134:Infinity":57,"s:136:6:136:Infinity":58,"s:138:6:138:Infinity":59,"s:142:2:300:Infinity":60,"b:171:12:173:Infinity:175:12:242:Infinity":11,"b:176:15:176:Infinity:177:16:179:Infinity":12,"b:181:15:181:Infinity:182:16:184:Infinity":13,"f:192:30:192:31":8,"s:192:41:192:Infinity":61,"f:202:30:202:31":9,"s:202:41:202:Infinity":62,"f:213:30:213:31":10,"s:213:41:213:Infinity":63,"b:224:24:224:Infinity:225:24:225:Infinity:226:24:226:Infinity:227:24:227:Infinity":14,"b:237:44:237:93:237:93:237:Infinity":15,"b:246:9:246:Infinity:247:10:273:Infinity":16,"b:257:15:257:Infinity:258:16:260:Infinity":17,"f:265:25:265:31":11,"s:266:18:266:Infinity":64,"s:267:18:267:Infinity":65,"b:277:7:277:Infinity:278:8:280:Infinity":18,"f:283:47:283:53":12,"s:283:53:283:Infinity":66,"b:283:53:283:74:283:74:283:Infinity":19,"f:292:27:292:33":13,"s:292:33:292:61":67,"b:296:32:296:81:296:81:296:Infinity":20}}}
,"/Users/jack/Dev/SODC/sodc-web/src/features/admin/components/SectionEventsManager.tsx": {"path":"/Users/jack/Dev/SODC/sodc-web/src/features/admin/components/SectionEventsManager.tsx","statementMap":{"0":{"start":{"line":57,"column":99},"end":{"line":60,"column":null}},"1":{"start":{"line":61,"column":44},"end":{"line":61,"column":null}},"2":{"start":{"line":62,"column":38},"end":{"line":62,"column":null}},"3":{"start":{"line":63,"column":24},"end":{"line":63,"column":null}},"4":{"start":{"line":64,"column":30},"end":{"line":64,"column":null}},"5":{"start":{"line":65,"column":40},"end":{"line":65,"column":null}},"6":{"start":{"line":66,"column":40},"end":{"line":66,"column":null}},"7":{"start":{"line":67,"column":36},"end":{"line":67,"column":null}},"8":{"start":{"line":68,"column":54},"end":{"line":68,"column":null}},"9":{"start":{"line":69,"column":50},"end":{"line":69,"column":null}},"10":{"start":{"line":70,"column":38},"end":{"line":70,"column":null}},"11":{"start":{"line":71,"column":34},"end":{"line":71,"column":null}},"12":{"start":{"line":72,"column":24},"end":{"line":72,"column":null}},"13":{"start":{"line":73,"column":44},"end":{"line":73,"column":null}},"14":{"start":{"line":76,"column":50},"end":{"line":76,"column":null}},"15":{"start":{"line":77,"column":92},"end":{"line":81,"column":null}},"16":{"start":{"line":82,"column":54},"end":{"line":82,"column":null}},"17":{"start":{"line":83,"column":48},"end":{"line":83,"column":null}},"18":{"start":{"line":84,"column":28},"end":{"line":84,"column":null}},"19":{"start":{"line":85,"column":40},"end":{"line":85,"column":null}},"20":{"start":{"line":86,"column":28},"end":{"line":86,"column":null}},"21":{"start":{"line":87,"column":36},"end":{"line":87,"column":null}},"22":{"start":{"line":88,"column":40},"end":{"line":88,"column":null}},"23":{"start":{"line":89,"column":34},"end":{"line":89,"column":null}},"24":{"start":{"line":90,"column":40},"end":{"line":90,"column":null}},"25":{"start":{"line":91,"column":48},"end":{"line":91,"column":null}},"26":{"start":{"line":92,"column":54},"end":{"line":92,"column":null}},"27":{"start":{"line":93,"column":54},"end":{"line":93,"column":null}},"28":{"start":{"line":94,"column":52},"end":{"line":94,"column":null}},"29":{"start":{"line":95,"column":50},"end":{"line":95,"column":null}},"30":{"start":{"line":96,"column":50},"end":{"line":96,"column":null}},"31":{"start":{"line":101,"column":2},"end":{"line":105,"column":null}},"32":{"start":{"line":106,"column":67},"end":{"line":110,"column":null}},"33":{"start":{"line":111,"column":65},"end":{"line":115,"column":null}},"34":{"start":{"line":116,"column":77},"end":{"line":120,"column":null}},"35":{"start":{"line":122,"column":8},"end":{"line":133,"column":null}},"36":{"start":{"line":123,"column":4},"end":{"line":123,"column":null}},"37":{"start":{"line":124,"column":4},"end":{"line":132,"column":null}},"38":{"start":{"line":125,"column":12},"end":{"line":125,"column":null}},"39":{"start":{"line":126,"column":21},"end":{"line":126,"column":null}},"40":{"start":{"line":127,"column":6},"end":{"line":127,"column":null}},"41":{"start":{"line":127,"column":68},"end":{"line":127,"column":97}},"42":{"start":{"line":129,"column":6},"end":{"line":129,"column":null}},"43":{"start":{"line":131,"column":6},"end":{"line":131,"column":null}},"44":{"start":{"line":135,"column":26},"end":{"line":162,"column":null}},"45":{"start":{"line":136,"column":4},"end":{"line":159,"column":null}},"46":{"start":{"line":137,"column":6},"end":{"line":137,"column":null}},"47":{"start":{"line":138,"column":6},"end":{"line":138,"column":null}},"48":{"start":{"line":139,"column":6},"end":{"line":139,"column":null}},"49":{"start":{"line":140,"column":6},"end":{"line":140,"column":null}},"50":{"start":{"line":141,"column":6},"end":{"line":141,"column":null}},"51":{"start":{"line":142,"column":6},"end":{"line":142,"column":null}},"52":{"start":{"line":143,"column":6},"end":{"line":143,"column":null}},"53":{"start":{"line":144,"column":6},"end":{"line":144,"column":null}},"54":{"start":{"line":145,"column":6},"end":{"line":147,"column":null}},"55":{"start":{"line":149,"column":6},"end":{"line":149,"column":null}},"56":{"start":{"line":150,"column":6},"end":{"line":150,"column":null}},"57":{"start":{"line":151,"column":6},"end":{"line":151,"column":null}},"58":{"start":{"line":152,"column":6},"end":{"line":152,"column":null}},"59":{"start":{"line":153,"column":18},"end":{"line":153,"column":null}},"60":{"start":{"line":154,"column":6},"end":{"line":154,"column":null}},"61":{"start":{"line":155,"column":6},"end":{"line":155,"column":null}},"62":{"start":{"line":156,"column":6},"end":{"line":156,"column":null}},"63":{"start":{"line":157,"column":6},"end":{"line":157,"column":null}},"64":{"start":{"line":158,"column":6},"end":{"line":158,"column":null}},"65":{"start":{"line":160,"column":4},"end":{"line":160,"column":null}},"66":{"start":{"line":161,"column":4},"end":{"line":161,"column":null}},"67":{"start":{"line":164,"column":28},"end":{"line":219,"column":null}},"68":{"start":{"line":165,"column":4},"end":{"line":168,"column":null}},"69":{"start":{"line":166,"column":6},"end":{"line":166,"column":null}},"70":{"start":{"line":167,"column":6},"end":{"line":167,"column":null}},"71":{"start":{"line":169,"column":4},"end":{"line":169,"column":null}},"72":{"start":{"line":170,"column":4},"end":{"line":170,"column":null}},"73":{"start":{"line":171,"column":59},"end":{"line":171,"column":null}},"74":{"start":{"line":172,"column":15},"end":{"line":172,"column":null}},"75":{"start":{"line":173,"column":4},"end":{"line":181,"column":null}},"76":{"start":{"line":174,"column":16},"end":{"line":174,"column":null}},"77":{"start":{"line":175,"column":6},"end":{"line":179,"column":null}},"78":{"start":{"line":176,"column":8},"end":{"line":176,"column":null}},"79":{"start":{"line":177,"column":8},"end":{"line":177,"column":null}},"80":{"start":{"line":178,"column":8},"end":{"line":178,"column":null}},"81":{"start":{"line":180,"column":6},"end":{"line":180,"column":null}},"82":{"start":{"line":182,"column":4},"end":{"line":218,"column":null}},"83":{"start":{"line":183,"column":6},"end":{"line":211,"column":null}},"84":{"start":{"line":184,"column":8},"end":{"line":196,"column":null}},"85":{"start":{"line":198,"column":8},"end":{"line":210,"column":null}},"86":{"start":{"line":212,"column":6},"end":{"line":212,"column":null}},"87":{"start":{"line":213,"column":6},"end":{"line":213,"column":null}},"88":{"start":{"line":215,"column":6},"end":{"line":215,"column":null}},"89":{"start":{"line":217,"column":6},"end":{"line":217,"column":null}},"90":{"start":{"line":221,"column":28},"end":{"line":250,"column":null}},"91":{"start":{"line":222,"column":4},"end":{"line":222,"column":null}},"92":{"start":{"line":222,"column":107},"end":{"line":222,"column":null}},"93":{"start":{"line":223,"column":4},"end":{"line":223,"column":null}},"94":{"start":{"line":224,"column":4},"end":{"line":224,"column":null}},"95":{"start":{"line":225,"column":4},"end":{"line":249,"column":null}},"96":{"start":{"line":226,"column":29},"end":{"line":226,"column":null}},"97":{"start":{"line":227,"column":27},"end":{"line":227,"column":null}},"98":{"start":{"line":228,"column":6},"end":{"line":236,"column":null}},"99":{"start":{"line":229,"column":8},"end":{"line":231,"column":null}},"100":{"start":{"line":230,"column":10},"end":{"line":230,"column":null}},"101":{"start":{"line":232,"column":8},"end":{"line":234,"column":null}},"102":{"start":{"line":233,"column":10},"end":{"line":233,"column":null}},"103":{"start":{"line":235,"column":8},"end":{"line":235,"column":null}},"104":{"start":{"line":237,"column":27},"end":{"line":237,"column":null}},"105":{"start":{"line":238,"column":26},"end":{"line":238,"column":null}},"106":{"start":{"line":239,"column":6},"end":{"line":241,"column":null}},"107":{"start":{"line":240,"column":8},"end":{"line":240,"column":null}},"108":{"start":{"line":242,"column":6},"end":{"line":242,"column":null}},"109":{"start":{"line":243,"column":6},"end":{"line":243,"column":null}},"110":{"start":{"line":244,"column":6},"end":{"line":244,"column":null}},"111":{"start":{"line":244,"column":43},"end":{"line":244,"column":null}},"112":{"start":{"line":246,"column":6},"end":{"line":246,"column":null}},"113":{"start":{"line":248,"column":6},"end":{"line":248,"column":null}},"114":{"start":{"line":252,"column":31},"end":{"line":272,"column":null}},"115":{"start":{"line":253,"column":4},"end":{"line":269,"column":null}},"116":{"start":{"line":254,"column":6},"end":{"line":254,"column":null}},"117":{"start":{"line":255,"column":6},"end":{"line":255,"column":null}},"118":{"start":{"line":256,"column":6},"end":{"line":256,"column":null}},"119":{"start":{"line":257,"column":6},"end":{"line":257,"column":null}},"120":{"start":{"line":258,"column":6},"end":{"line":258,"column":null}},"121":{"start":{"line":259,"column":6},"end":{"line":259,"column":null}},"122":{"start":{"line":260,"column":6},"end":{"line":260,"column":null}},"123":{"start":{"line":262,"column":6},"end":{"line":262,"column":null}},"124":{"start":{"line":263,"column":6},"end":{"line":263,"column":null}},"125":{"start":{"line":264,"column":6},"end":{"line":264,"column":null}},"126":{"start":{"line":265,"column":6},"end":{"line":265,"column":null}},"127":{"start":{"line":266,"column":6},"end":{"line":266,"column":null}},"128":{"start":{"line":267,"column":6},"end":{"line":267,"column":null}},"129":{"start":{"line":268,"column":6},"end":{"line":268,"column":null}},"130":{"start":{"line":270,"column":4},"end":{"line":270,"column":null}},"131":{"start":{"line":271,"column":4},"end":{"line":271,"column":null}},"132":{"start":{"line":274,"column":33},"end":{"line":321,"column":null}},"133":{"start":{"line":275,"column":4},"end":{"line":278,"column":null}},"134":{"start":{"line":276,"column":6},"end":{"line":276,"column":null}},"135":{"start":{"line":277,"column":6},"end":{"line":277,"column":null}},"136":{"start":{"line":279,"column":21},"end":{"line":279,"column":null}},"137":{"start":{"line":280,"column":4},"end":{"line":283,"column":null}},"138":{"start":{"line":281,"column":6},"end":{"line":281,"column":null}},"139":{"start":{"line":282,"column":6},"end":{"line":282,"column":null}},"140":{"start":{"line":284,"column":25},"end":{"line":284,"column":null}},"141":{"start":{"line":285,"column":4},"end":{"line":285,"column":null}},"142":{"start":{"line":286,"column":4},"end":{"line":286,"column":null}},"143":{"start":{"line":287,"column":4},"end":{"line":320,"column":null}},"144":{"start":{"line":288,"column":6},"end":{"line":312,"column":null}},"145":{"start":{"line":289,"column":8},"end":{"line":299,"column":null}},"146":{"start":{"line":301,"column":8},"end":{"line":311,"column":null}},"147":{"start":{"line":313,"column":6},"end":{"line":313,"column":null}},"148":{"start":{"line":314,"column":6},"end":{"line":314,"column":null}},"149":{"start":{"line":315,"column":6},"end":{"line":315,"column":null}},"150":{"start":{"line":317,"column":6},"end":{"line":317,"column":null}},"151":{"start":{"line":319,"column":6},"end":{"line":319,"column":null}},"152":{"start":{"line":323,"column":33},"end":{"line":336,"column":null}},"153":{"start":{"line":324,"column":4},"end":{"line":324,"column":null}},"154":{"start":{"line":324,"column":46},"end":{"line":324,"column":null}},"155":{"start":{"line":325,"column":4},"end":{"line":325,"column":null}},"156":{"start":{"line":326,"column":4},"end":{"line":326,"column":null}},"157":{"start":{"line":327,"column":4},"end":{"line":335,"column":null}},"158":{"start":{"line":328,"column":6},"end":{"line":328,"column":null}},"159":{"start":{"line":329,"column":6},"end":{"line":329,"column":null}},"160":{"start":{"line":330,"column":6},"end":{"line":330,"column":null}},"161":{"start":{"line":332,"column":6},"end":{"line":332,"column":null}},"162":{"start":{"line":334,"column":6},"end":{"line":334,"column":null}},"163":{"start":{"line":338,"column":29},"end":{"line":338,"column":null}},"164":{"start":{"line":339,"column":8},"end":{"line":342,"column":null}},"165":{"start":{"line":340,"column":21},"end":{"line":340,"column":null}},"166":{"start":{"line":341,"column":4},"end":{"line":341,"column":null}},"167":{"start":{"line":344,"column":8},"end":{"line":347,"column":null}},"168":{"start":{"line":345,"column":4},"end":{"line":345,"column":null}},"169":{"start":{"line":345,"column":39},"end":{"line":345,"column":null}},"170":{"start":{"line":346,"column":4},"end":{"line":346,"column":null}},"171":{"start":{"line":346,"column":39},"end":{"line":346,"column":71}},"172":{"start":{"line":348,"column":48},"end":{"line":348,"column":null}},"173":{"start":{"line":349,"column":46},"end":{"line":349,"column":null}},"174":{"start":{"line":350,"column":72},"end":{"line":350,"column":null}},"175":{"start":{"line":352,"column":30},"end":{"line":371,"column":null}},"176":{"start":{"line":356,"column":4},"end":{"line":356,"column":null}},"177":{"start":{"line":357,"column":4},"end":{"line":357,"column":null}},"178":{"start":{"line":358,"column":4},"end":{"line":370,"column":null}},"179":{"start":{"line":359,"column":6},"end":{"line":363,"column":null}},"180":{"start":{"line":364,"column":6},"end":{"line":364,"column":null}},"181":{"start":{"line":364,"column":39},"end":{"line":364,"column":69}},"182":{"start":{"line":365,"column":6},"end":{"line":365,"column":null}},"183":{"start":{"line":367,"column":6},"end":{"line":367,"column":null}},"184":{"start":{"line":369,"column":6},"end":{"line":369,"column":null}},"185":{"start":{"line":373,"column":2},"end":{"line":469,"column":null}},"186":{"start":{"line":374,"column":18},"end":{"line":374,"column":null}},"187":{"start":{"line":374,"column":37},"end":{"line":374,"column":64}},"188":{"start":{"line":375,"column":43},"end":{"line":387,"column":null}},"189":{"start":{"line":388,"column":24},"end":{"line":388,"column":null}},"190":{"start":{"line":389,"column":4},"end":{"line":467,"column":null}},"191":{"start":{"line":395,"column":32},"end":{"line":395,"column":null}},"192":{"start":{"line":396,"column":24},"end":{"line":396,"column":null}},"193":{"start":{"line":398,"column":33},"end":{"line":398,"column":null}},"194":{"start":{"line":403,"column":38},"end":{"line":403,"column":null}},"195":{"start":{"line":410,"column":12},"end":{"line":410,"column":null}},"196":{"start":{"line":410,"column":45},"end":{"line":410,"column":77}},"197":{"start":{"line":413,"column":48},"end":{"line":413,"column":null}},"198":{"start":{"line":434,"column":25},"end":{"line":434,"column":null}},"199":{"start":{"line":456,"column":25},"end":{"line":456,"column":null}},"200":{"start":{"line":471,"column":2},"end":{"line":510,"column":null}},"201":{"start":{"line":477,"column":30},"end":{"line":477,"column":null}},"202":{"start":{"line":478,"column":26},"end":{"line":478,"column":null}},"203":{"start":{"line":484,"column":34},"end":{"line":484,"column":null}},"204":{"start":{"line":499,"column":23},"end":{"line":499,"column":null}}},"fnMap":{"0":{"name":"SectionEventsManager","decl":{"start":{"line":56,"column":24},"end":{"line":56,"column":45}},"loc":{"start":{"line":56,"column":124},"end":{"line":512,"column":null}},"line":56},"1":{"name":"(anonymous_1)","decl":{"start":{"line":122,"column":38},"end":{"line":122,"column":50}},"loc":{"start":{"line":122,"column":50},"end":{"line":133,"column":5}},"line":122},"2":{"name":"(anonymous_2)","decl":{"start":{"line":127,"column":59},"end":{"line":127,"column":60}},"loc":{"start":{"line":127,"column":68},"end":{"line":127,"column":97}},"line":127},"3":{"name":"(anonymous_3)","decl":{"start":{"line":135,"column":26},"end":{"line":135,"column":27}},"loc":{"start":{"line":135,"column":55},"end":{"line":162,"column":null}},"line":135},"4":{"name":"(anonymous_4)","decl":{"start":{"line":164,"column":28},"end":{"line":164,"column":40}},"loc":{"start":{"line":164,"column":40},"end":{"line":219,"column":null}},"line":164},"5":{"name":"(anonymous_5)","decl":{"start":{"line":221,"column":28},"end":{"line":221,"column":35}},"loc":{"start":{"line":221,"column":55},"end":{"line":250,"column":null}},"line":221},"6":{"name":"(anonymous_6)","decl":{"start":{"line":252,"column":31},"end":{"line":252,"column":32}},"loc":
[...]
,"b:229:6:229:15:229:15:229:Infinity":7,"s:232:4:232:Infinity":31,"f:243:22:243:Infinity":6,"s:247:2:260:Infinity":32,"s:248:10:251:Infinity":33,"s:252:19:252:Infinity":34,"s:253:4:253:Infinity":35,"s:256:6:258:Infinity":36,"b:257:11:257:Infinity:258:10:258:Infinity":8,"b:256:6:256:15:256:15:256:Infinity":9,"s:259:4:259:Infinity":37,"f:284:22:284:Infinity":7,"s:288:2:301:Infinity":38,"s:289:10:292:Infinity":39,"s:294:19:294:Infinity":40,"s:295:4:295:Infinity":41,"s:297:4:300:Infinity":42,"b:299:13:299:31:299:31:299:Infinity":10,"f:312:22:312:88":8,"s:313:2:326:Infinity":43,"s:314:10:317:Infinity":44,"s:319:19:319:Infinity":45,"s:320:4:320:Infinity":46,"s:322:4:325:Infinity":47,"b:324:13:324:31:324:31:324:Infinity":11,"f:352:22:352:Infinity":9,"s:355:8:358:Infinity":48,"s:359:17:359:Infinity":49,"s:360:2:360:Infinity":50,"f:427:22:427:Infinity":10,"s:430:8:433:Infinity":51,"s:434:48:447:Infinity":52,"b:437:27:437:84:437:84:437:Infinity":12,"f:439:29:439:30":11,"s:439:40:442:6":53,"b:443:23:443:60:443:60:443:Infinity":13,"b:444:23:444:51:444:51:444:55":14,"f:444:59:444:60":12,"s:444:67:444:76":54,"b:445:28:445:62:445:62:445:Infinity":15,"b:446:23:446:60:446:60:446:Infinity":16,"s:448:17:448:Infinity":55,"s:449:2:449:Infinity":56,"f:452:22:452:Infinity":13,"s:455:8:458:Infinity":57,"s:459:57:462:Infinity":58,"b:461:14:461:34:461:34:461:Infinity":17,"s:463:17:463:Infinity":59,"s:464:2:464:Infinity":60,"f:467:22:467:Infinity":14,"s:470:8:473:Infinity":61,"s:474:17:476:Infinity":62,"s:477:2:477:Infinity":63,"f:480:22:480:Infinity":15,"s:483:8:486:Infinity":64,"s:487:17:489:Infinity":65,"f:488:35:488:36":16,"s:488:36:488:72":66,"s:490:15:490:Infinity":67,"s:491:2:491:Infinity":68,"b:491:9:491:24:491:24:491:Infinity":18,"f:504:22:504:Infinity":17,"s:507:8:510:Infinity":69,"s:511:17:511:Infinity":70,"s:512:15:512:Infinity":71,"s:513:2:513:Infinity":72,"b:513:9:513:24:513:24:513:Infinity":19,"f:533:22:533:Infinity":18,"s:536:8:539:Infinity":73,"s:540:17:546:Infinity":74,"b:545:17:545:48:545:48:545:Infinity":20,"s:547:2:547:Infinity":75,"f:560:22:560:Infinity":19,"s:563:8:566:Infinity":76,"s:567:17:571:Infinity":77,"b:570:19:570:52:570:52:570:Infinity":21,"s:572:2:572:Infinity":78}}}
,"/Users/jack/Dev/SODC/sodc-web/src/shared/utils/membershipStatusLabels.ts": {"path":"/Users/jack/Dev/SODC/sodc-web/src/shared/utils/membershipStatusLabels.ts","statementMap":{"0":{"start":{"line":7,"column":2},"end":{"line":9,"column":null}},"1":{"start":{"line":8,"column":4},"end":{"line":8,"column":null}},"2":{"start":{"line":10,"column":17},"end":{"line":10,"column":null}},"3":{"start":{"line":10,"column":59},"end":{"line":10,"column":81}},"4":{"start":{"line":11,"column":2},"end":{"line":11,"column":null}}},"fnMap":{"0":{"name":"getMembershipStatusLabel","decl":{"start":{"line":4,"column":16},"end":{"line":4,"column":null}},"loc":{"start":{"line":6,"column":10},"end":{"line":12,"column":null}},"line":6},"1":{"name":"(anonymous_1)","decl":{"start":{"line":10,"column":48},"end":{"line":10,"column":49}},"loc":{"start":{"line":10,"column":59},"end":{"line":10,"column":81}},"line":10}},"branchMap":{"0":{"loc":{"start":{"line":7,"column":2},"end":{"line":9,"column":null}},"type":"if","locations":[{"start":{"line":7,"column":2},"end":{"line":9,"column":null}},{"start":{},"end":{}}],"line":7},"1":{"loc":{"start":{"line":11,"column":9},"end":{"line":11,"column":null}},"type":"binary-expr","locations":[{"start":{"line":11,"column":9},"end":{"line":11,"column":26}},{"start":{"line":11,"column":26},"end":{"line":11,"column":null}}],"line":11}},"s":{"0":48,"1":0,"2":48,"3":111,"4":48},"f":{"0":48,"1":111},"b":{"0":[0,48],"1":[48,1]},"meta":{"lastBranch":2,"lastFunction":2,"lastStatement":5,"seen":{"f:4:16:4:Infinity":0,"b:7:2:9:Infinity:undefined:undefined:undefined:undefined":0,"s:7:2:9:Infinity":0,"s:8:4:8:Infinity":1,"s:10:17:10:Infinity":2,"f:10:48:10:49":1,"s:10:59:10:81":3,"s:11:2:11:Infinity":4,"b:11:9:11:26:11:26:11:Infinity":1}}}
,"/Users/jack/Dev/SODC/sodc-web/src/shared/utils/paymentStatusLabels.ts": {"path":"/Users/jack/Dev/SODC/sodc-web/src/shared/utils/paymentStatusLabels.ts","statementMap":{"0":{"start":{"line":7,"column":70},"end":{"line":12,"column":null}},"1":{"start":{"line":14,"column":97},"end":{"line":18,"column":null}},"2":{"start":{"line":20,"column":61},"end":{"line":25,"column":null}},"3":{"start":{"line":28,"column":2},"end":{"line":28,"column":null}},"4":{"start":{"line":34,"column":2},"end":{"line":36,"column":null}},"5":{"start":{"line":41,"column":2},"end":{"line":41,"column":null}}},"fnMap":{"0":{"name":"getTicketOrderStatusLabel","decl":{"start":{"line":27,"column":16},"end":{"line":27,"column":42}},"loc":{"start":{"line":27,"column":86},"end":{"line":29,"column":null}},"line":27},"1":{"name":"getBookingPaymentAdjustmentStatusLabel","decl":{"start":{"line":31,"column":16},"end":{"line":31,"column":null}},"loc":{"start":{"line":33,"column":10},"end":{"line":38,"column":null}},"line":33},"2":{"name":"getBookingStatusLabel","decl":{"start":{"line":40,"column":16},"end":{"line":40,"column":38}},"loc":{"start":{"line":40,"column":78},"end":{"line":42,"column":null}},"line":40}},"branchMap":{"0":{"loc":{"start":{"line":28,"column":9},"end":{"line":28,"column":null}},"type":"binary-expr","locations":[{"start":{"line":28,"column":9},"end":{"line":28,"column":68}},{"start":{"line":28,"column":68},"end":{"line":28,"column":null}}],"line":28},"1":{"loc":{"start":{"line":35,"column":4},"end":{"line":36,"column":null}},"type":"binary-expr","locations":[{"start":{"line":35,"column":4},"end":{"line":35,"column":null}},{"start":{"line":36,"column":4},"end":{"line":36,"column":null}}],"line":35},"2":{"loc":{"start":{"line":41,"column":9},"end":{"line":41,"column":null}},"type":"binary-expr","locations":[{"start":{"line":41,"column":9},"end":{"line":41,"column":59}},{"start":{"line":41,"column":59},"end":{"line":41,"column":null}}],"line":41}},"s":{"0":8,"1":8,"2":8,"3":55,"4":8,"5":82},"f":{"0":55,"1":8,"2":82},"b":{"0":[55,0],"1":[8,0],"2":[82,0]},"meta":{"lastBranch":3,"lastFunction":3,"lastStatement":6,"seen":{"s:7:70:12:Infinity":0,"s:14:97:18:Infinity":1,"s:20:61:25:Infinity":2,"f:27:16:27:42":0,"s:28:2:28:Infinity":3,"b:28:9:28:68:28:68:28:Infinity":0,"f:31:16:31:Infinity":1,"s:34:2:36:Infinity":4,"b:35:4:35:Infinity:36:4:36:Infinity":1,"f:40:16:40:38":2,"s:41:2:41:Infinity":5,"b:41:9:41:59:41:59:41:Infinity":2}}}
,"/Users/jack/Dev/SODC/sodc-web/src/shared/utils/sectionEventDisplay.ts": {"path":"/Users/jack/Dev/SODC/sodc-web/src/shared/utils/sectionEventDisplay.ts","statementMap":{"0":{"start":{"line":20,"column":2},"end":{"line":20,"column":null}},"1":{"start":{"line":24,"column":2},"end":{"line":26,"column":null}},"2":{"start":{"line":25,"column":14},"end":{"line":25,"column":null}},"3":{"start":{"line":31,"column":2},"end":{"line":33,"column":null}},"4":{"start":{"line":32,"column":14},"end":{"line":32,"column":null}},"5":{"start":{"line":40,"column":24},"end":{"line":40,"column":null}},"6":{"start":{"line":41,"column":20},"end":{"line":41,"column":null}},"7":{"start":{"line":42,"column":2},"end":{"line":48,"column":null}},"8":{"start":{"line":43,"column":4},"end":{"line":47,"column":null}},"9":{"start":{"line":44,"column":6},"end":{"line":44,"column":null}},"10":{"start":{"line":46,"column":6},"end":{"line":46,"column":null}},"11":{"start":{"line":49,"column":2},"end":{"line":52,"column":null}},"12":{"start":{"line":56,"column":16},"end":{"line":56,"column":null}},"13":{"start":{"line":57,"column":14},"end":{"line":57,"column":null}},"14":{"start":{"line":58,"column":2},"end":{"line":58,"column":null}}},"fnMap":{"0":{"name":"isUpcomingSectionEvent","decl":{"start":{"line":16,"column":16},"end":{"line":16,"column":null}},"loc":{"start":{"line":19,"column":11},"end":{"line":21,"column":null}},"line":19},"1":{"name":"sortUpcomingSectionEvents","decl":{"start":{"line":23,"column":16},"end":{"line":23,"column":74}},"loc":{"start":{"line":23,"column":92},"end":{"line":27,"column":null}},"line":23},"2":{"name":"(anonymous_2)","decl":{"start":{"line":25,"column":4},"end":{"line":25,"column":5}},"loc":{"start":{"line":25,"column":14},"end":{"line":25,"column":null}},"line":25},"3":{"name":"sortPastSectionEvents","decl":{"start":{"line":30,"column":16},"end":{"line":30,"column":70}},"loc":{"start":{"line":30,"column":88},"end":{"line":34,"column":null}},"line":30},"4":{"name":"(anonymous_4)","decl":{"start":{"line":32,"column":4},"end":{"line":32,"column":5}},"loc":{"start":{"line":32,"column":14},"end":{"line":32,"column":null}},"line":32},"5":{"name":"partitionSectionEventsByTiming","decl":{"start":{"line":36,"column":16},"end":{"line":36,"column":null}},"loc":{"start":{"line":39,"column":32},"end":{"line":53,"column":null}},"line":39},"6":{"name":"formatSectionEventWhen","decl":{"start":{"line":55,"column":16},"end":{"line":55,"column":39}},"loc":{"start":{"line":55,"column":91},"end":{"line":59,"column":null}},"line":55}},"branchMap":{"0":{"loc":{"start":{"line":18,"column":2},"end":{"line":18,"column":null}},"type":"default-arg","locations":[{"start":{"line":18,"column":10},"end":{"line":18,"column":null}}],"line":18},"1":{"loc":{"start":{"line":38,"column":2},"end":{"line":38,"column":null}},"type":"default-arg","locations":[{"start":{"line":38,"column":10},"end":{"line":38,"column":null}}],"line":38},"2":{"loc":{"start":{"line":43,"column":4},"end":{"line":47,"column":null}},"type":"if","locations":[{"start":{"line":43,"column":4},"end":{"line":47,"column":null}},{"start":{"line":45,"column":11},"end":{"line":47,"column":null}}],"line":43}},"s":{"0":16,"1":11,"2":1,"3":10,"4":1,"5":10,"6":10,"7":10,"8":13,"9":9,"10":4,"11":10,"12":15,"13":15,"14":15},"f":{"0":16,"1":11,"2":1,"3":10,"4":1,"5":10,"6":15},"b":{"0":[16],"1":[10],"2":[9,4]},"meta":{"lastBranch":3,"lastFunction":7,"lastStatement":15,"seen":{"f:16:16:16:Infinity":0,"b:18:10:18:Infinity":0,"s:20:2:20:Infinity":0,"f:23:16:23:74":1,"s:24:2:26:Infinity":1,"f:25:4:25:5":2,"s:25:14:25:Infinity":2,"f:30:16:30:70":3,"s:31:2:33:Infinity":3,"f:32:4:32:5":4,"s:32:14:32:Infinity":4,"f:36:16:36:Infinity":5,"b:38:10:38:Infinity":1,"s:40:24:40:Infinity":5,"s:41:20:41:Infinity":6,"s:42:2:48:Infinity":7,"b:43:4:47:Infinity:45:11:47:Infinity":2,"s:43:4:47:Infinity":8,"s:44:6:44:Infinity":9,"s:46:6:46:Infinity":10,"s:49:2:52:Infinity":11,"f:55:16:55:39":6,"s:56:16:56:Infinity":12,"s:57:14:57:Infinity":13,"s:58:2:58:Infinity":14}}}
,"/Users/jack/Dev/SODC/sodc-web/src/shared/utils/sectionTypeLabels.ts": {"path":"/Users/jack/Dev/SODC/sodc-web/src/shared/utils/sectionTypeLabels.ts","statementMap":{"0":{"start":{"line":4,"column":2},"end":{"line":6,"column":null}},"1":{"start":{"line":5,"column":4},"end":{"line":5,"column":null}},"2":{"start":{"line":7,"column":2},"end":{"line":9,"column":null}},"3":{"start":{"line":8,"column":4},"end":{"line":8,"column":null}},"4":{"start":{"line":10,"column":2},"end":{"line":10,"column":null}},"5":{"start":{"line":14,"column":2},"end":{"line":14,"column":null}}},"fnMap":{"0":{"name":"getSectionTypeLabel","decl":{"start":{"line":3,"column":16},"end":{"line":3,"column":36}},"loc":{"start":{"line":3,"column":72},"end":{"line":11,"column":null}},"line":3},"1":{"name":"isMembersSectionType","decl":{"start":{"line":13,"column":16},"end":{"line":13,"column":37}},"loc":{"start":{"line":13,"column":74},"end":{"line":15,"column":null}},"line":13}},"branchMap":{"0":{"loc":{"start":{"line":4,"column":2},"end":{"line":6,"column":null}},"type":"if","locations":[{"start":{"line":4,"column":2},"end":{"line":6,"column":null}},{"start":{},"end":{}}],"line":4},"1":{"loc":{"start":{"line":4,"column":6},"end":{"line":4,"column":56}},"type":"binary-expr","locations":[{"start":{"line":4,"column":6},"end":{"line":4,"column":37}},{"start":{"line":4,"column":37},"end":{"line":4,"column":56}}],"line":4},"2":{"loc":{"start":{"line":7,"column":2},"end":{"line":9,"column":null}},"type":"if","locations":[{"start":{"line":7,"column":2},"end":{"line":9,"column":null}},{"start":{},"end":{}}],"line":7},"3":{"loc":{"start":{"line":7,"column":6},"end":{"line":7,"column":58}},"type":"binary-expr","locations":[{"start":{"line":7,"column":6},"end":{"line":7,"column":38}},{"start":{"line":7,"column":38},"end":{"line":7,"column":58}}],"line":7},"4":{"loc":{"start":{"line":14,"column":9},"end":{"line":14,"column":null}},"type":"binary-expr","locations":[{"start":{"line":14,"column":9},"end":{"line":14,"column":41}},{"start":{"line":14,"column":41},"end":{"line":14,"column":null}}],"line":14}},"s":{"0":22,"1":12,"2":10,"3":10,"4":0,"5":5},"f":{"0":22,"1":5},"b":{"0":[12,10],"1":[22,10],"2":[10,0],"3":[10,0],"4":[5,0]},"meta":{"lastBranch":5,"lastFunction":2,"lastStatement":6,"seen":{"f:3:16:3:36":0,"b:4:2:6:Infinity:undefined:undefined:undefined:undefined":0,"s:4:2:6:Infinity":0,"b:4:6:4:37:4:37:4:56":1,"s:5:4:5:Infinity":1,"b:7:2:9:Infinity:undefined:undefined:undefined:undefined":2,"s:7:2:9:Infinity":2,"b:7:6:7:38:7:38:7:58":3,"s:8:4:8:Infinity":3,"s:10:2:10:Infinity":4,"f:13:16:13:37":1,"s:14:2:14:Infinity":5,"b:14:9:14:41:14:41:14:Infinity":4}}}
,"/Users/jack/Dev/SODC/sodc-web/src/shared/utils/ticketAudienceLabels.ts": {"path":"/Users/jack/Dev/SODC/sodc-web/src/shared/utils/ticketAudienceLabels.ts","statementMap":{"0":{"start":{"line":3,"column":37},"end":{"line":3,"column":null}},"1":{"start":{"line":6,"column":2},"end":{"line":6,"column":null}}},"fnMap":{"0":{"name":"getTicketCategoryLabel","decl":{"start":{"line":5,"column":16},"end":{"line":5,"column":39}},"loc":{"start":{"line":5,"column":73},"end":{"line":7,"column":null}},"line":5}},"branchMap":{"0":{"loc":{"start":{"line":6,"column":9},"end":{"line":6,"column":null}},"type":"cond-expr","locations":[{"start":{"line":6,"column":45},"end":{"line":6,"column":62}},{"start":{"line":6,"column":62},"end":{"line":6,"column":null}}],"line":6}},"s":{"0":2,"1":15},"f":{"0":15},"b":{"0":[7,8]},"meta":{"lastBranch":1,"lastFunction":1,"lastStatement":2,"seen":{"s:3:37:3:Infinity":0,"f:5:16:5:39":0,"s:6:2:6:Infinity":1,"b:6:45:6:62:6:62:6:Infinity":0}}}
,"/Users/jack/Dev/SODC/sodc-web/src/shared/utils/userDisplayName.ts": {"path":"/Users/jack/Dev/SODC/sodc-web/src/shared/utils/userDisplayName.ts","statementMap":{"0":{"start":{"line":7,"column":15},"end":{"line":7,"column":null}},"1":{"start":{"line":8,"column":2},"end":{"line":8,"column":null}},"2":{"start":{"line":8,"column":12},"end":{"line":8,"column":null}},"3":{"start":{"line":9,"column":2},"end":{"line":9,"column":null}}},"fnMap":{"0":{"name":"getMemberDisplayName","decl":{"start":{"line":3,"column":16},"end":{"line":3,"column":null}},"loc":{"start":{"line":6,"column":10},"end":{"line":10,"column":null}},"line":6}},"branchMap":{"0":{"loc":{"start":{"line":7,"column":18},"end":{"line":7,"column":43}},"type":"binary-expr","locations":[{"start":{"line":7,"column":18},"end":{"line":7,"column":41}},{"start":{"line":7,"column":41},"end":{"line":7,"column":43}}],"line":7},"1":{"loc":{"start":{"line":7,"column":47},"end":{"line":7,"column":71}},"type":"binary-expr","locations":[{"start":{"line":7,"column":47},"end":{"line":7,"column":69}},{"start":{"line":7,"column":69},"end":{"line":7,"column":71}}],"line":7},"2":{"loc":{"start":{"line":8,"column":2},"end":{"line":8,"column":null}},"type":"if","locations":[{"start":{"line":8,"column":2},"end":{"line":8,"column":null}},{"start":{},"end":{}}],"line":8},"3":{"loc":{"start":{"line":9,"column":9},"end":{"line":9,"column":null}},"type":"binary-expr","locations":[{"start":{"line":9,"column":9},"end":{"line":9,"column":34}},{"start":{"line":9,"column":34},"end":{"line":9,"column":null}}],"line":9}},"s":{"0":1,"1":1,"2":1,"3":0},"f":{"0":1},"b":{"0":[1,0],"1":[1,0],"2":[1,0],"3":[0,0]},"meta":{"lastBranch":4,"lastFunction":1,"lastStatement":4,"seen":{"f:3:16:3:Infinity":0,"s:7:15:7:Infinity":0,"b:7:18:7:41:7:41:7:43":0,"b:7:47:7:69:7:69:7:71":1,"b:8:2:8:Infinity:undefined:undefined:undefined:undefined":2,"s:8:2:8:Infinity":1,"s:8:12:8:Infinity":2,"s:9:2:9:Infinity":3,"b:9:9:9:34:9:34:9:Infinity":3}}}
,"/Users/jack/Dev/SODC/sodc-web/src/shared/utils/uuid.ts": {"path":"/Users/jack/Dev/SODC/sodc-web/src/shared/utils/uuid.ts","statementMap":{"0":{"start":{"line":7,"column":18},"end":{"line":7,"column":null}},"1":{"start":{"line":8,"column":2},"end":{"line":10,"column":null}},"2":{"start":{"line":9,"column":4},"end":{"line":9,"column":null}},"3":{"start":{"line":11,"column":2},"end":{"line":11,"column":null}},"4":{"start":{"line":15,"column":2},"end":{"line":17,"column":null}},"5":{"start":{"line":16,"column":4},"end":{"line":16,"column":null}},"6":{"start":{"line":18,"column":2},"end":{"line":22,"column":null}},"7":{"start":{"line":19,"column":4},"end":{"line":19,"column":null}},"8":{"start":{"line":21,"column":4},"end":{"line":21,"column":null}},"9":{"start":{"line":27,"column":2},"end":{"line":29,"column":null}},"10":{"start":{"line":28,"column":4},"end":{"line":28,"column":null}},"11":{"start":{"line":30,"column":2},"end":{"line":32,"column":null}},"12":{"start":{"line":31,"column":4},"end":{"line":31,"column":null}},"13":{"start":{"line":33,"column":2},"end":{"line":33,"column":null}}},"fnMap":{"0":{"name":"toCanonicalUuid","decl":{"start":{"line":6,"column":16},"end":{"line":6,"column":32}},"loc":{"start":{"line":6,"column":55},"end":{"line":12,"column":null}},"line":6},"1":{"name":"uuidsEqual","decl":{"start":{"line":14,"column":16},"end":{"line":14,"column":27}},"loc":{"start":{"line":14,"column":96},"end":{"line":23,"column":null}},"line":14},"2":{"name":"idsEqual","decl":{"start":{"line":26,"column":16},"end":{"line":26,"column":25}},"loc":{"start":{"line":26,"column":94},"end":{"line":34,"column":null}},"line":26}},"branchMap":{"0":{"loc":{"start":{"line":8,"column":2},"end":{"line":10,"column":null}},"type":"if","locations":[{"start":{"line":8,"column":2},"end":{"line":10,"column":null}},{"start":{},"end":{}}],"line":8},"1":{"loc":{"start":{"line":15,"column":2},"end":{"line":17,"column":null}},"type":"if","locations":[{"start":{"line":15,"column":2},"end":{"line":17,"column":null}},{"start":{},"end":{}}],"line":15},"2":{"loc":{"start":{"line":15,"column":6},"end":{"line":15,"column":16}},"type":"binary-expr","locations":[{"start":{"line":15,"column":6},"end":{"line":15,"column":12}},{"start":{"line":15,"column":12},"end":{"line":15,"column":16}}],"line":15},"3":{"loc":{"start":{"line":27,"column":2},"end":{"line":29,"column":null}},"type":"if","locations":[{"start":{"line":27,"column":2},"end":{"line":29,"column":null}},{"start":{},"end":{}}],"line":27},"4":{"loc":{"start":{"line":27,"column":6},"end":{"line":27,"column":16}},"type":"binary-expr","locations":[{"start":{"line":27,"column":6},"end":{"line":27,"column":12}},{"start":{"line":27,"column":12},"end":{"line":27,"column":16}}],"line":27},"5":{"loc":{"start":{"line":30,"column":2},"end":{"line":32,"column":null}},"type":"if","locations":[{"start":{"line":30,"column":2},"end":{"line":32,"column":null}},{"start":{},"end":{}}],"line":30}},"s":{"0":244,"1":244,"2":218,"3":26,"4":209,"5":0,"6":209,"7":209,"8":203,"9":201,"10":0,"11":201,"12":0,"13":201},"f":{"0":244,"1":209,"2":201},"b":{"0":[218,26],"1":[0,209],"2":[209,209],"3":[0,201],"4":[201,201],"5":[0,201]},"meta":{"lastBranch":6,"lastFunction":3,"lastStatement":14,"seen":{"f:6:16:6:32":0,"s:7:18:7:Infinity":0,"b:8:2:10:Infinity:undefined:undefined:undefined:undefined":0,"s:8:2:10:Infinity":1,"s:9:4:9:Infinity":2,"s:11:2:11:Infinity":3,"f:14:16:14:27":1,"b:15:2:17:Infinity:undefined:undefined:undefined:undefined":1,"s:15:2:17:Infinity":4,"b:15:6:15:12:15:12:15:16":2,"s:16:4:16:Infinity":5,"s:18:2:22:Infinity":6,"s:19:4:19:Infinity":7,"s:21:4:21:Infinity":8,"f:26:16:26:25":2,"b:27:2:29:Infinity:undefined:undefined:undefined:undefined":3,"s:27:2:29:Infinity":9,"b:27:6:27:12:27:12:27:16":4,"s:28:4:28:Infinity":10,"b:30:2:32:Infinity:undefined:undefined:undefined:undefined":5,"s:30:2:32:Infinity":11,"s:31:4:31:Infinity":12,"s:33:2:33:Infinity":13}}}
}
